<?xml version="1.0"?>
<!DOCTYPE coverage SYSTEM "http://cobertura.sourceforge.net/xml/coverage-04.dtd">

<coverage line-rate="0.9484536082474226" branch-rate="0.8382352941176471" lines-covered="368" lines-valid="388" branches-covered="57" branches-valid="68" complexity="1.1910112359550562" version="2.0.3" timestamp="1742934612340">
	<sources>
		<source>/home/ig2g/Documents/Thesis/Coverage/java/flaky_java_projects/uaihebert-uaiDummy/src/main/java</source>
		<source>--source</source>
	</sources>
	<packages>
		<package name="com.uaihebert.uaidummy.brazil" line-rate="0.984375" branch-rate="0.9" complexity="1.1515151515151516">
			<classes>
				<class name="com.uaihebert.uaidummy.brazil.DummyCnpj" filename="com/uaihebert/uaidummy/brazil/DummyCnpj.java" line-rate="1.0" branch-rate="1.0" complexity="1.0">
					<methods>
					</methods>
					<lines>
					</lines>
				</class>
				<class name="com.uaihebert.uaidummy.brazil.DummyCnpjGenerator" filename="com/uaihebert/uaidummy/brazil/DummyCnpjGenerator.java" line-rate="1.0" branch-rate="1.0" complexity="1.0">
					<methods>
						<method name="&lt;init&gt;" signature="()V" line-rate="1.0" branch-rate="1.0">
							<lines>
								<line number="3" hits="1" branch="false"/>
							</lines>
						</method>
						<method name="generate" signature="()Ljava/lang/String;" line-rate="1.0" branch-rate="1.0">
							<lines>
								<line number="6" hits="1" branch="false"/>
							</lines>
						</method>
						<method name="generateInstance" signature="()Lcom/uaihebert/uaidummy/brazil/DummyCnpj;" line-rate="1.0" branch-rate="1.0">
							<lines>
								<line number="14" hits="2" branch="false"/>
							</lines>
						</method>
						<method name="generateMasked" signature="()Ljava/lang/String;" line-rate="1.0" branch-rate="1.0">
							<lines>
								<line number="10" hits="1" branch="false"/>
							</lines>
						</method>
					</methods>
					<lines>
						<line number="3" hits="1" branch="false"/>
						<line number="6" hits="1" branch="false"/>
						<line number="10" hits="1" branch="false"/>
						<line number="14" hits="2" branch="false"/>
					</lines>
				</class>
				<class name="com.uaihebert.uaidummy.brazil.DummyCnpjImpl" filename="com/uaihebert/uaidummy/brazil/DummyCnpjImpl.java" line-rate="1.0" branch-rate="1.0" complexity="1.0">
					<methods>
						<method name="&lt;init&gt;" signature="()V" line-rate="1.0" branch-rate="1.0">
							<lines>
								<line number="13" hits="6" branch="false"/>
								<line number="14" hits="6" branch="false"/>
								<line number="15" hits="6" branch="false"/>
								<line number="16" hits="6" branch="false"/>
							</lines>
						</method>
						<method name="calculateFirstVerificationDigit" signature="(Ljava/util/List;)Ljava/lang/Integer;" line-rate="1.0" branch-rate="1.0">
							<lines>
								<line number="43" hits="6" branch="false"/>
							</lines>
						</method>
						<method name="calculateSecondVerificationDigit" signature="(Ljava/util/List;)Ljava/lang/Integer;" line-rate="1.0" branch-rate="1.0">
							<lines>
								<line number="47" hits="6" branch="false"/>
							</lines>
						</method>
						<method name="calculateVerificationDigit" signature="(ILjava/util/List;)Ljava/lang/Integer;" line-rate="1.0" branch-rate="1.0">
							<lines>
								<line number="51" hits="12" branch="false"/>
							</lines>
						</method>
						<method name="createCnpj" signature="()Ljava/util/List;" line-rate="1.0" branch-rate="1.0">
							<lines>
								<line number="34" hits="6" branch="false"/>
								<line number="36" hits="6" branch="false"/>
								<line number="37" hits="6" branch="false"/>
								<line number="39" hits="6" branch="false"/>
							</lines>
						</method>
						<method name="format" signature="()Ljava/lang/String;" line-rate="1.0" branch-rate="1.0">
							<lines>
								<line number="19" hits="6" branch="false"/>
								<line number="21" hits="6" branch="false"/>
								<line number="22" hits="6" branch="false"/>
								<line number="23" hits="6" branch="false"/>
								<line number="24" hits="6" branch="false"/>
								<line number="26" hits="6" branch="false"/>
							</lines>
						</method>
						<method name="generate" signature="()Ljava/lang/String;" line-rate="1.0" branch-rate="1.0">
							<lines>
								<line number="30" hits="6" branch="false"/>
							</lines>
						</method>
						<method name="getFormattedValue" signature="()Ljava/lang/String;" line-rate="1.0" branch-rate="1.0">
							<lines>
								<line number="59" hits="2" branch="false"/>
							</lines>
						</method>
						<method name="getRawValue" signature="()Ljava/lang/String;" line-rate="1.0" branch-rate="1.0">
							<lines>
								<line number="55" hits="2" branch="false"/>
							</lines>
						</method>
						<method name="toString" signature="()Ljava/lang/String;" line-rate="1.0" branch-rate="1.0">
							<lines>
								<line number="64" hits="3" branch="false"/>
							</lines>
						</method>
					</methods>
					<lines>
						<line number="13" hits="6" branch="false"/>
						<line number="14" hits="6" branch="false"/>
						<line number="15" hits="6" branch="false"/>
						<line number="16" hits="6" branch="false"/>
						<line number="19" hits="6" branch="false"/>
						<line number="21" hits="6" branch="false"/>
						<line number="22" hits="6" branch="false"/>
						<line number="23" hits="6" branch="false"/>
						<line number="24" hits="6" branch="false"/>
						<line number="26" hits="6" branch="false"/>
						<line number="30" hits="6" branch="false"/>
						<line number="34" hits="6" branch="false"/>
						<line number="36" hits="6" branch="false"/>
						<line number="37" hits="6" branch="false"/>
						<line number="39" hits="6" branch="false"/>
						<line number="43" hits="6" branch="false"/>
						<line number="47" hits="6" branch="false"/>
						<line number="51" hits="12" branch="false"/>
						<line number="55" hits="2" branch="false"/>
						<line number="59" hits="2" branch="false"/>
						<line number="64" hits="3" branch="false"/>
					</lines>
				</class>
				<class name="com.uaihebert.uaidummy.brazil.DummyCpf" filename="com/uaihebert/uaidummy/brazil/DummyCpf.java" line-rate="1.0" branch-rate="1.0" complexity="1.0">
					<methods>
					</methods>
					<lines>
					</lines>
				</class>
				<class name="com.uaihebert.uaidummy.brazil.DummyCpfGenerator" filename="com/uaihebert/uaidummy/brazil/DummyCpfGenerator.java" line-rate="1.0" branch-rate="1.0" complexity="1.0">
					<methods>
						<method name="&lt;init&gt;" signature="()V" line-rate="1.0" branch-rate="1.0">
							<lines>
								<line number="3" hits="1" branch="false"/>
							</lines>
						</method>
						<method name="generate" signature="()Ljava/lang/String;" line-rate="1.0" branch-rate="1.0">
							<lines>
								<line number="6" hits="1" branch="false"/>
							</lines>
						</method>
						<method name="generateInstance" signature="()Lcom/uaihebert/uaidummy/brazil/DummyCpf;" line-rate="1.0" branch-rate="1.0">
							<lines>
								<line number="14" hits="3" branch="false"/>
							</lines>
						</method>
						<method name="generateMasked" signature="()Ljava/lang/String;" line-rate="1.0" branch-rate="1.0">
							<lines>
								<line number="10" hits="1" branch="false"/>
							</lines>
						</method>
					</methods>
					<lines>
						<line number="3" hits="1" branch="false"/>
						<line number="6" hits="1" branch="false"/>
						<line number="10" hits="1" branch="false"/>
						<line number="14" hits="3" branch="false"/>
					</lines>
				</class>
				<class name="com.uaihebert.uaidummy.brazil.DummyCpfImpl" filename="com/uaihebert/uaidummy/brazil/DummyCpfImpl.java" line-rate="1.0" branch-rate="1.0" complexity="1.0">
					<methods>
						<method name="&lt;init&gt;" signature="()V" line-rate="1.0" branch-rate="1.0">
							<lines>
								<line number="13" hits="6" branch="false"/>
								<line number="14" hits="6" branch="false"/>
								<line number="15" hits="6" branch="false"/>
								<line number="16" hits="6" branch="false"/>
							</lines>
						</method>
						<method name="calculateFirstVerificationDigit" signature="(Ljava/util/List;)Ljava/lang/Integer;" line-rate="1.0" branch-rate="1.0">
							<lines>
								<line number="42" hits="6" branch="false"/>
							</lines>
						</method>
						<method name="calculateSecondVerificationDigit" signature="(Ljava/util/List;)Ljava/lang/Integer;" line-rate="1.0" branch-rate="1.0">
							<lines>
								<line number="46" hits="6" branch="false"/>
							</lines>
						</method>
						<method name="calculateVerificationDigit" signature="(ILjava/util/List;)Ljava/lang/Integer;" line-rate="1.0" branch-rate="1.0">
							<lines>
								<line number="50" hits="12" branch="false"/>
							</lines>
						</method>
						<method name="createCpf" signature="()Ljava/util/List;" line-rate="1.0" branch-rate="1.0">
							<lines>
								<line number="33" hits="6" branch="false"/>
								<line number="35" hits="6" branch="false"/>
								<line number="36" hits="6" branch="false"/>
								<line number="38" hits="6" branch="false"/>
							</lines>
						</method>
						<method name="formatValue" signature="()Ljava/lang/String;" line-rate="1.0" branch-rate="1.0">
							<lines>
								<line number="19" hits="6" branch="false"/>
								<line number="21" hits="6" branch="false"/>
								<line number="22" hits="6" branch="false"/>
								<line number="23" hits="6" branch="false"/>
								<line number="25" hits="6" branch="false"/>
							</lines>
						</method>
						<method name="generate" signature="()Ljava/lang/String;" line-rate="1.0" branch-rate="1.0">
							<lines>
								<line number="29" hits="6" branch="false"/>
							</lines>
						</method>
						<method name="getFormattedValue" signature="()Ljava/lang/String;" line-rate="1.0" branch-rate="1.0">
							<lines>
								<line number="58" hits="3" branch="false"/>
							</lines>
						</method>
						<method name="getRawValue" signature="()Ljava/lang/String;" line-rate="1.0" branch-rate="1.0">
							<lines>
								<line number="54" hits="2" branch="false"/>
							</lines>
						</method>
						<method name="toString" signature="()Ljava/lang/String;" line-rate="1.0" branch-rate="1.0">
							<lines>
								<line number="63" hits="2" branch="false"/>
							</lines>
						</method>
					</methods>
					<lines>
						<line number="13" hits="6" branch="false"/>
						<line number="14" hits="6" branch="false"/>
						<line number="15" hits="6" branch="false"/>
						<line number="16" hits="6" branch="false"/>
						<line number="19" hits="6" branch="false"/>
						<line number="21" hits="6" branch="false"/>
						<line number="22" hits="6" branch="false"/>
						<line number="23" hits="6" branch="false"/>
						<line number="25" hits="6" branch="false"/>
						<line number="29" hits="6" branch="false"/>
						<line number="33" hits="6" branch="false"/>
						<line number="35" hits="6" branch="false"/>
						<line number="36" hits="6" branch="false"/>
						<line number="38" hits="6" branch="false"/>
						<line number="42" hits="6" branch="false"/>
						<line number="46" hits="6" branch="false"/>
						<line number="50" hits="12" branch="false"/>
						<line number="54" hits="2" branch="false"/>
						<line number="58" hits="3" branch="false"/>
						<line number="63" hits="2" branch="false"/>
					</lines>
				</class>
				<class name="com.uaihebert.uaidummy.brazil.Modulo11" filename="com/uaihebert/uaidummy/brazil/Modulo11.java" line-rate="0.9285714285714286" branch-rate="0.9" complexity="2.6666666666666665">
					<methods>
						<method name="&lt;init&gt;" signature="()V" line-rate="0.0" branch-rate="1.0">
							<lines>
								<line number="12" hits="0" branch="false"/>
							</lines>
						</method>
						<method name="cnpj" signature="(Ljava/util/List;I)Ljava/lang/Integer;" line-rate="1.0" branch-rate="1.0">
							<lines>
								<line number="17" hits="12" branch="false"/>
							</lines>
						</method>
						<method name="cpf" signature="(Ljava/util/List;I)Ljava/lang/Integer;" line-rate="1.0" branch-rate="1.0">
							<lines>
								<line number="21" hits="12" branch="false"/>
							</lines>
						</method>
						<method name="modulo11" signature="(Ljava/util/List;ILcom/uaihebert/uaidummy/brazil/Modulo11$TYPE;)Ljava/lang/Integer;" line-rate="1.0" branch-rate="0.9">
							<lines>
								<line number="25" hits="24" branch="false"/>
								<line number="26" hits="24" branch="false"/>
								<line number="27" hits="24" branch="false"/>
								<line number="28" hits="288" branch="true" condition-coverage="100% (2/2)">
									<conditions>
										<condition number="0" type="jump" coverage="100%"/>
									</conditions>
								</line>
								<line number="29" hits="264" branch="false"/>
								<line number="31" hits="264" branch="true" condition-coverage="100% (6/6)">
									<conditions>
										<condition number="0" type="jump" coverage="100%"/>
										<condition number="1" type="jump" coverage="100%"/>
										<condition number="2" type="jump" coverage="100%"/>
									</conditions>
								</line>
								<line number="32" hits="12" branch="false"/>
								<line number="33" hits="12" branch="false"/>
								<line number="37" hits="24" branch="false"/>
								<line number="38" hits="24" branch="false"/>
								<line number="39" hits="24" branch="true" condition-coverage="50% (1/2)">
									<conditions>
										<condition number="0" type="jump" coverage="50%"/>
									</conditions>
								</line>
							</lines>
						</method>
					</methods>
					<lines>
						<line number="12" hits="0" branch="false"/>
						<line number="17" hits="12" branch="false"/>
						<line number="21" hits="12" branch="false"/>
						<line number="25" hits="24" branch="false"/>
						<line number="26" hits="24" branch="false"/>
						<line number="27" hits="24" branch="false"/>
						<line number="28" hits="288" branch="true" condition-coverage="100% (2/2)">
							<conditions>
								<condition number="0" type="jump" coverage="100%"/>
							</conditions>
						</line>
						<line number="29" hits="264" branch="false"/>
						<line number="31" hits="264" branch="true" condition-coverage="100% (6/6)">
							<conditions>
								<condition number="0" type="jump" coverage="100%"/>
								<condition number="1" type="jump" coverage="100%"/>
								<condition number="2" type="jump" coverage="100%"/>
							</conditions>
						</line>
						<line number="32" hits="12" branch="false"/>
						<line number="33" hits="12" branch="false"/>
						<line number="37" hits="24" branch="false"/>
						<line number="38" hits="24" branch="false"/>
						<line number="39" hits="24" branch="true" condition-coverage="50% (1/2)">
							<conditions>
								<condition number="0" type="jump" coverage="50%"/>
							</conditions>
						</line>
					</lines>
				</class>
				<class name="com.uaihebert.uaidummy.brazil.Modulo11$TYPE" filename="com/uaihebert/uaidummy/brazil/Modulo11.java" line-rate="1.0" branch-rate="1.0" complexity="2.6666666666666665">
					<methods>
						<method name="&lt;clinit&gt;" signature="()V" line-rate="1.0" branch-rate="1.0">
							<lines>
								<line number="14" hits="57" branch="false"/>
							</lines>
						</method>
						<method name="&lt;init&gt;" signature="(Ljava/lang/String;I)V" line-rate="1.0" branch-rate="1.0">
							<lines>
							</lines>
						</method>
						<method name="valueOf" signature="(Ljava/lang/String;)Lcom/uaihebert/uaidummy/brazil/Modulo11$TYPE;" line-rate="1.0" branch-rate="1.0">
							<lines>
							</lines>
						</method>
						<method name="values" signature="()[Lcom/uaihebert/uaidummy/brazil/Modulo11$TYPE;" line-rate="1.0" branch-rate="1.0">
							<lines>
							</lines>
						</method>
					</methods>
					<lines>
						<line number="14" hits="57" branch="false"/>
					</lines>
				</class>
			</classes>
		</package>
		<package name="com.uaihebert.uaidummy.config" line-rate="0.9130434782608695" branch-rate="1.0" complexity="1.0">
			<classes>
				<class name="com.uaihebert.uaidummy.config.DummyConfig" filename="com/uaihebert/uaidummy/config/DummyConfig.java" line-rate="0.8571428571428571" branch-rate="1.0" complexity="1.0">
					<methods>
						<method name="&lt;init&gt;" signature="()V" line-rate="0.0" branch-rate="1.0">
							<lines>
								<line number="7" hits="0" branch="false"/>
								<line number="8" hits="0" branch="false"/>
							</lines>
						</method>
						<method name="setCreditCardExpirationDateMask" signature="(Ljava/lang/String;)V" line-rate="1.0" branch-rate="1.0">
							<lines>
								<line number="11" hits="1" branch="false"/>
								<line number="12" hits="1" branch="false"/>
							</lines>
						</method>
						<method name="setCurrentLanguagePT_BR" signature="()V" line-rate="1.0" branch-rate="1.0">
							<lines>
								<line number="31" hits="1" branch="false"/>
								<line number="32" hits="1" branch="false"/>
							</lines>
						</method>
						<method name="setCurrentLanguageUS_EN" signature="()V" line-rate="1.0" branch-rate="1.0">
							<lines>
								<line number="27" hits="1" branch="false"/>
								<line number="28" hits="1" branch="false"/>
							</lines>
						</method>
						<method name="setMaxFirstNamesInCache" signature="(I)V" line-rate="1.0" branch-rate="1.0">
							<lines>
								<line number="19" hits="1" branch="false"/>
								<line number="20" hits="1" branch="false"/>
							</lines>
						</method>
						<method name="setMaxLastNamesInCache" signature="(I)V" line-rate="1.0" branch-rate="1.0">
							<lines>
								<line number="15" hits="1" branch="false"/>
								<line number="16" hits="1" branch="false"/>
							</lines>
						</method>
						<method name="setTotalLastNamesInFullName" signature="(I)V" line-rate="1.0" branch-rate="1.0">
							<lines>
								<line number="23" hits="1" branch="false"/>
								<line number="24" hits="1" branch="false"/>
							</lines>
						</method>
					</methods>
					<lines>
						<line number="7" hits="0" branch="false"/>
						<line number="8" hits="0" branch="false"/>
						<line number="11" hits="1" branch="false"/>
						<line number="12" hits="1" branch="false"/>
						<line number="15" hits="1" branch="false"/>
						<line number="16" hits="1" branch="false"/>
						<line number="19" hits="1" branch="false"/>
						<line number="20" hits="1" branch="false"/>
						<line number="23" hits="1" branch="false"/>
						<line number="24" hits="1" branch="false"/>
						<line number="27" hits="1" branch="false"/>
						<line number="28" hits="1" branch="false"/>
						<line number="31" hits="1" branch="false"/>
						<line number="32" hits="1" branch="false"/>
					</lines>
				</class>
				<class name="com.uaihebert.uaidummy.config.LanguageConfig" filename="com/uaihebert/uaidummy/config/LanguageConfig.java" line-rate="1.0" branch-rate="1.0" complexity="1.0">
					<methods>
						<method name="&lt;clinit&gt;" signature="()V" line-rate="1.0" branch-rate="1.0">
							<lines>
								<line number="4" hits="27" branch="false"/>
							</lines>
						</method>
						<method name="&lt;init&gt;" signature="()V" line-rate="1.0" branch-rate="1.0">
							<lines>
								<line number="3" hits="1" branch="false"/>
							</lines>
						</method>
						<method name="getCurrentLanguage" signature="()Lcom/uaihebert/uaidummy/config/SupportedLanguage;" line-rate="1.0" branch-rate="1.0">
							<lines>
								<line number="7" hits="48" branch="false"/>
							</lines>
						</method>
						<method name="setCurrentLanguagePT_BR" signature="()V" line-rate="1.0" branch-rate="1.0">
							<lines>
								<line number="15" hits="2" branch="false"/>
								<line number="16" hits="2" branch="false"/>
							</lines>
						</method>
						<method name="setCurrentLanguageUS_EN" signature="()V" line-rate="1.0" branch-rate="1.0">
							<lines>
								<line number="11" hits="2" branch="false"/>
								<line number="12" hits="2" branch="false"/>
							</lines>
						</method>
					</methods>
					<lines>
						<line number="3" hits="1" branch="false"/>
						<line number="4" hits="27" branch="false"/>
						<line number="7" hits="48" branch="false"/>
						<line number="11" hits="2" branch="false"/>
						<line number="12" hits="2" branch="false"/>
						<line number="15" hits="2" branch="false"/>
						<line number="16" hits="2" branch="false"/>
					</lines>
				</class>
				<class name="com.uaihebert.uaidummy.config.SupportedLanguage" filename="com/uaihebert/uaidummy/config/SupportedLanguage.java" line-rate="1.0" branch-rate="1.0" complexity="0.0">
					<methods>
						<method name="&lt;clinit&gt;" signature="()V" line-rate="1.0" branch-rate="1.0">
							<lines>
								<line number="3" hits="81" branch="false"/>
								<line number="4" hits="27" branch="false"/>
							</lines>
						</method>
						<method name="&lt;init&gt;" signature="(Ljava/lang/String;I)V" line-rate="1.0" branch-rate="1.0">
							<lines>
							</lines>
						</method>
						<method name="valueOf" signature="(Ljava/lang/String;)Lcom/uaihebert/uaidummy/config/SupportedLanguage;" line-rate="1.0" branch-rate="1.0">
							<lines>
							</lines>
						</method>
						<method name="values" signature="()[Lcom/uaihebert/uaidummy/config/SupportedLanguage;" line-rate="1.0" branch-rate="1.0">
							<lines>
							</lines>
						</method>
					</methods>
					<lines>
						<line number="3" hits="81" branch="false"/>
						<line number="4" hits="27" branch="false"/>
					</lines>
				</class>
			</classes>
		</package>
		<package name="com.uaihebert.uaidummy.creditcard" line-rate="0.9782608695652174" branch-rate="1.0" complexity="1.1153846153846154">
			<classes>
				<class name="com.uaihebert.uaidummy.creditcard.AmericanExpress" filename="com/uaihebert/uaidummy/creditcard/AmericanExpress.java" line-rate="1.0" branch-rate="1.0" complexity="1.0">
					<methods>
						<method name="&lt;init&gt;" signature="()V" line-rate="1.0" branch-rate="1.0">
							<lines>
								<line number="3" hits="8" branch="false"/>
							</lines>
						</method>
						<method name="getLength" signature="()I" line-rate="1.0" branch-rate="1.0">
							<lines>
								<line number="7" hits="9" branch="false"/>
							</lines>
						</method>
						<method name="getPrefix" signature="()Ljava/lang/String;" line-rate="1.0" branch-rate="1.0">
							<lines>
								<line number="12" hits="9" branch="false"/>
							</lines>
						</method>
						<method name="getSecurityNumberLength" signature="()I" line-rate="1.0" branch-rate="1.0">
							<lines>
								<line number="17" hits="31" branch="false"/>
							</lines>
						</method>
					</methods>
					<lines>
						<line number="3" hits="8" branch="false"/>
						<line number="7" hits="9" branch="false"/>
						<line number="12" hits="9" branch="false"/>
						<line number="17" hits="31" branch="false"/>
					</lines>
				</class>
				<class name="com.uaihebert.uaidummy.creditcard.ChinaUnionPay" filename="com/uaihebert/uaidummy/creditcard/ChinaUnionPay.java" line-rate="1.0" branch-rate="1.0" complexity="1.0">
					<methods>
						<method name="&lt;init&gt;" signature="()V" line-rate="1.0" branch-rate="1.0">
							<lines>
								<line number="3" hits="8" branch="false"/>
							</lines>
						</method>
						<method name="getLength" signature="()I" line-rate="1.0" branch-rate="1.0">
							<lines>
								<line number="7" hits="9" branch="false"/>
							</lines>
						</method>
						<method name="getPrefix" signature="()Ljava/lang/String;" line-rate="1.0" branch-rate="1.0">
							<lines>
								<line number="12" hits="9" branch="false"/>
							</lines>
						</method>
						<method name="getSecurityNumberLength" signature="()I" line-rate="1.0" branch-rate="1.0">
							<lines>
								<line number="17" hits="25" branch="false"/>
							</lines>
						</method>
					</methods>
					<lines>
						<line number="3" hits="8" branch="false"/>
						<line number="7" hits="9" branch="false"/>
						<line number="12" hits="9" branch="false"/>
						<line number="17" hits="25" branch="false"/>
					</lines>
				</class>
				<class name="com.uaihebert.uaidummy.creditcard.Dankort" filename="com/uaihebert/uaidummy/creditcard/Dankort.java" line-rate="1.0" branch-rate="1.0" complexity="1.0">
					<methods>
						<method name="&lt;init&gt;" signature="()V" line-rate="1.0" branch-rate="1.0">
							<lines>
								<line number="3" hits="7" branch="false"/>
							</lines>
						</method>
						<method name="getLength" signature="()I" line-rate="1.0" branch-rate="1.0">
							<lines>
								<line number="7" hits="8" branch="false"/>
							</lines>
						</method>
						<method name="getPrefix" signature="()Ljava/lang/String;" line-rate="1.0" branch-rate="1.0">
							<lines>
								<line number="12" hits="8" branch="false"/>
							</lines>
						</method>
						<method name="getSecurityNumberLength" signature="()I" line-rate="1.0" branch-rate="1.0">
							<lines>
								<line number="17" hits="21" branch="false"/>
							</lines>
						</method>
					</methods>
					<lines>
						<line number="3" hits="7" branch="false"/>
						<line number="7" hits="8" branch="false"/>
						<line number="12" hits="8" branch="false"/>
						<line number="17" hits="21" branch="false"/>
					</lines>
				</class>
				<class name="com.uaihebert.uaidummy.creditcard.DinersClubCarteBlanche" filename="com/uaihebert/uaidummy/creditcard/DinersClubCarteBlanche.java" line-rate="1.0" branch-rate="1.0" complexity="1.0">
					<methods>
						<method name="&lt;init&gt;" signature="()V" line-rate="1.0" branch-rate="1.0">
							<lines>
								<line number="3" hits="7" branch="false"/>
							</lines>
						</method>
						<method name="getLength" signature="()I" line-rate="1.0" branch-rate="1.0">
							<lines>
								<line number="7" hits="8" branch="false"/>
							</lines>
						</method>
						<method name="getPrefix" signature="()Ljava/lang/String;" line-rate="1.0" branch-rate="1.0">
							<lines>
								<line number="12" hits="8" branch="false"/>
							</lines>
						</method>
						<method name="getSecurityNumberLength" signature="()I" line-rate="1.0" branch-rate="1.0">
							<lines>
								<line number="17" hits="21" branch="false"/>
							</lines>
						</method>
					</methods>
					<lines>
						<line number="3" hits="7" branch="false"/>
						<line number="7" hits="8" branch="false"/>
						<line number="12" hits="8" branch="false"/>
						<line number="17" hits="21" branch="false"/>
					</lines>
				</class>
				<class name="com.uaihebert.uaidummy.creditcard.DinersClubInternational" filename="com/uaihebert/uaidummy/creditcard/DinersClubInternational.java" line-rate="1.0" branch-rate="1.0" complexity="1.0">
					<methods>
						<method name="&lt;init&gt;" signature="()V" line-rate="1.0" branch-rate="1.0">
							<lines>
								<line number="3" hits="14" branch="false"/>
							</lines>
						</method>
						<method name="getLength" signature="()I" line-rate="1.0" branch-rate="1.0">
							<lines>
								<line number="7" hits="15" branch="false"/>
							</lines>
						</method>
						<method name="getPrefix" signature="()Ljava/lang/String;" line-rate="1.0" branch-rate="1.0">
							<lines>
								<line number="12" hits="15" branch="false"/>
							</lines>
						</method>
						<method name="getSecurityNumberLength" signature="()I" line-rate="1.0" branch-rate="1.0">
							<lines>
								<line number="17" hits="49" branch="false"/>
							</lines>
						</method>
					</methods>
					<lines>
						<line number="3" hits="14" branch="false"/>
						<line number="7" hits="15" branch="false"/>
						<line number="12" hits="15" branch="false"/>
						<line number="17" hits="49" branch="false"/>
					</lines>
				</class>
				<class name="com.uaihebert.uaidummy.creditcard.DinersClubUsaAndCanada" filename="com/uaihebert/uaidummy/creditcard/DinersClubUsaAndCanada.java" line-rate="1.0" branch-rate="1.0" complexity="1.0">
					<methods>
						<method name="&lt;init&gt;" signature="()V" line-rate="1.0" branch-rate="1.0">
							<lines>
								<line number="3" hits="6" branch="false"/>
							</lines>
						</method>
						<method name="getLength" signature="()I" line-rate="1.0" branch-rate="1.0">
							<lines>
								<line number="7" hits="7" branch="false"/>
							</lines>
						</method>
						<method name="getPrefix" signature="()Ljava/lang/String;" line-rate="1.0" branch-rate="1.0">
							<lines>
								<line number="12" hits="7" branch="false"/>
							</lines>
						</method>
						<method name="getSecurityNumberLength" signature="()I" line-rate="1.0" branch-rate="1.0">
							<lines>
								<line number="17" hits="17" branch="false"/>
							</lines>
						</method>
					</methods>
					<lines>
						<line number="3" hits="6" branch="false"/>
						<line number="7" hits="7" branch="false"/>
						<line number="12" hits="7" branch="false"/>
						<line number="17" hits="17" branch="false"/>
					</lines>
				</class>
				<class name="com.uaihebert.uaidummy.creditcard.DiscoverCard" filename="com/uaihebert/uaidummy/creditcard/DiscoverCard.java" line-rate="1.0" branch-rate="1.0" complexity="1.0">
					<methods>
						<method name="&lt;init&gt;" signature="()V" line-rate="1.0" branch-rate="1.0">
							<lines>
								<line number="3" hits="7" branch="false"/>
							</lines>
						</method>
						<method name="getLength" signature="()I" line-rate="1.0" branch-rate="1.0">
							<lines>
								<line number="7" hits="8" branch="false"/>
							</lines>
						</method>
						<method name="getPrefix" signature="()Ljava/lang/String;" line-rate="1.0" branch-rate="1.0">
							<lines>
								<line number="12" hits="8" branch="false"/>
							</lines>
						</method>
						<method name="getSecurityNumberLength" signature="()I" line-rate="1.0" branch-rate="1.0">
							<lines>
								<line number="17" hits="21" branch="false"/>
							</lines>
						</method>
					</methods>
					<lines>
						<line number="3" hits="7" branch="false"/>
						<line number="7" hits="8" branch="false"/>
						<line number="12" hits="8" branch="false"/>
						<line number="17" hits="21" branch="false"/>
					</lines>
				</class>
				<class name="com.uaihebert.uaidummy.creditcard.DummyBaseCreditCard" filename="com/uaihebert/uaidummy/creditcard/DummyBaseCreditCard.java" line-rate="1.0" branch-rate="1.0" complexity="1.375">
					<methods>
						<method name="&lt;clinit&gt;" signature="()V" line-rate="1.0" branch-rate="1.0">
							<lines>
								<line number="10" hits="141" branch="false"/>
							</lines>
						</method>
						<method name="&lt;init&gt;" signature="()V" line-rate="1.0" branch-rate="1.0">
							<lines>
								<line number="20" hits="112" branch="false"/>
								<line number="21" hits="112" branch="false"/>
								<line number="22" hits="84" branch="false"/>
							</lines>
						</method>
						<method name="generate" signature="()V" line-rate="1.0" branch-rate="1.0">
							<lines>
								<line number="53" hits="112" branch="false"/>
								<line number="54" hits="112" branch="false"/>
								<line number="55" hits="84" branch="false"/>
								<line number="56" hits="84" branch="false"/>
							</lines>
						</method>
						<method name="generateExpirationDate" signature="()V" line-rate="1.0" branch-rate="1.0">
							<lines>
								<line number="59" hits="112" branch="false"/>
								<line number="60" hits="84" branch="false"/>
							</lines>
						</method>
						<method name="generateNumber" signature="()V" line-rate="1.0" branch-rate="1.0">
							<lines>
								<line number="73" hits="112" branch="false"/>
								<line number="74" hits="112" branch="false"/>
								<line number="76" hits="112" branch="false"/>
								<line number="78" hits="112" branch="false"/>
								<line number="80" hits="1464" branch="true" condition-coverage="100% (2/2)">
									<conditions>
										<condition number="0" type="jump" coverage="100%"/>
									</conditions>
								</line>
								<line number="81" hits="1352" branch="false"/>
								<line number="82" hits="1352" branch="false"/>
								<line number="85" hits="112" branch="false"/>
								<line number="86" hits="112" branch="false"/>
								<line number="88" hits="112" branch="false"/>
								<line number="89" hits="112" branch="false"/>
							</lines>
						</method>
						<method name="generateSecurityNumber" signature="()V" line-rate="1.0" branch-rate="1.0">
							<lines>
								<line number="63" hits="84" branch="false"/>
								<line number="65" hits="342" branch="true" condition-coverage="100% (2/2)">
									<conditions>
										<condition number="0" type="jump" coverage="100%"/>
									</conditions>
								</line>
								<line number="66" hits="258" branch="false"/>
								<line number="69" hits="84" branch="false"/>
								<line number="70" hits="84" branch="false"/>
							</lines>
						</method>
						<method name="getCheckDigit" signature="(Ljava/lang/String;)I" line-rate="1.0" branch-rate="1.0">
							<lines>
								<line number="92" hits="112" branch="false"/>
								<line number="94" hits="112" branch="false"/>
								<line number="96" hits="1785" branch="true" condition-coverage="100% (2/2)">
									<conditions>
										<condition number="0" type="jump" coverage="100%"/>
									</conditions>
								</line>
								<line number="98" hits="1673" branch="false"/>
								<line number="100" hits="1673" branch="true" condition-coverage="100% (2/2)">
									<conditions>
										<condition number="0" type="jump" coverage="100%"/>
									</conditions>
								</line>
								<line number="101" hits="877" branch="false"/>
								<line number="102" hits="877" branch="true" condition-coverage="100% (2/2)">
									<conditions>
										<condition number="0" type="jump" coverage="100%"/>
									</conditions>
								</line>
								<line number="103" hits="81" branch="false"/>
								<line number="107" hits="1673" branch="false"/>
								<line number="110" hits="112" branch="false"/>
								<line number="111" hits="112" branch="true" condition-coverage="100% (2/2)">
									<conditions>
										<condition number="0" type="jump" coverage="100%"/>
									</conditions>
								</line>
								<line number="113" hits="112" branch="false"/>
							</lines>
						</method>
						<method name="getExpirationDate" signature="()Ljava/lang/String;" line-rate="1.0" branch-rate="1.0">
							<lines>
								<line number="33" hits="3" branch="false"/>
							</lines>
						</method>
						<method name="getExpirationMonth" signature="()Ljava/lang/String;" line-rate="1.0" branch-rate="1.0">
							<lines>
								<line number="41" hits="4" branch="false"/>
							</lines>
						</method>
						<method name="getExpirationYear" signature="()Ljava/lang/String;" line-rate="1.0" branch-rate="1.0">
							<lines>
								<line number="37" hits="4" branch="false"/>
							</lines>
						</method>
						<method name="getLastFourDigits" signature="()Ljava/lang/String;" line-rate="1.0" branch-rate="1.0">
							<lines>
								<line number="45" hits="14" branch="false"/>
							</lines>
						</method>
						<method name="getNumber" signature="()Ljava/lang/String;" line-rate="1.0" branch-rate="1.0">
							<lines>
								<line number="25" hits="61" branch="false"/>
							</lines>
						</method>
						<method name="getSecurityNumber" signature="()Ljava/lang/String;" line-rate="1.0" branch-rate="1.0">
							<lines>
								<line number="29" hits="39" branch="false"/>
							</lines>
						</method>
						<method name="setDefaultExpirationDateMask" signature="(Ljava/lang/String;)V" line-rate="1.0" branch-rate="1.0">
							<lines>
								<line number="17" hits="36" branch="false"/>
								<line number="18" hits="36" branch="false"/>
							</lines>
						</method>
					</methods>
					<lines>
						<line number="10" hits="141" branch="false"/>
						<line number="17" hits="36" branch="false"/>
						<line number="18" hits="36" branch="false"/>
						<line number="20" hits="112" branch="false"/>
						<line number="21" hits="112" branch="false"/>
						<line number="22" hits="84" branch="false"/>
						<line number="25" hits="61" branch="false"/>
						<line number="29" hits="39" branch="false"/>
						<line number="33" hits="3" branch="false"/>
						<line number="37" hits="4" branch="false"/>
						<line number="41" hits="4" branch="false"/>
						<line number="45" hits="14" branch="false"/>
						<line number="53" hits="112" branch="false"/>
						<line number="54" hits="112" branch="false"/>
						<line number="55" hits="84" branch="false"/>
						<line number="56" hits="84" branch="false"/>
						<line number="59" hits="112" branch="false"/>
						<line number="60" hits="84" branch="false"/>
						<line number="63" hits="84" branch="false"/>
						<line number="65" hits="342" branch="true" condition-coverage="100% (2/2)">
							<conditions>
								<condition number="0" type="jump" coverage="100%"/>
							</conditions>
						</line>
						<line number="66" hits="258" branch="false"/>
						<line number="69" hits="84" branch="false"/>
						<line number="70" hits="84" branch="false"/>
						<line number="73" hits="112" branch="false"/>
						<line number="74" hits="112" branch="false"/>
						<line number="76" hits="112" branch="false"/>
						<line number="78" hits="112" branch="false"/>
						<line number="80" hits="1464" branch="true" condition-coverage="100% (2/2)">
							<conditions>
								<condition number="0" type="jump" coverage="100%"/>
							</conditions>
						</line>
						<line number="81" hits="1352" branch="false"/>
						<line number="82" hits="1352" branch="false"/>
						<line number="85" hits="112" branch="false"/>
						<line number="86" hits="112" branch="false"/>
						<line number="88" hits="112" branch="false"/>
						<line number="89" hits="112" branch="false"/>
						<line number="92" hits="112" branch="false"/>
						<line number="94" hits="112" branch="false"/>
						<line number="96" hits="1785" branch="true" condition-coverage="100% (2/2)">
							<conditions>
								<condition number="0" type="jump" coverage="100%"/>
							</conditions>
						</line>
						<line number="98" hits="1673" branch="false"/>
						<line number="100" hits="1673" branch="true" condition-coverage="100% (2/2)">
							<conditions>
								<condition number="0" type="jump" coverage="100%"/>
							</conditions>
						</line>
						<line number="101" hits="877" branch="false"/>
						<line number="102" hits="877" branch="true" condition-coverage="100% (2/2)">
							<conditions>
								<condition number="0" type="jump" coverage="100%"/>
							</conditions>
						</line>
						<line number="103" hits="81" branch="false"/>
						<line number="107" hits="1673" branch="false"/>
						<line number="110" hits="112" branch="false"/>
						<line number="111" hits="112" branch="true" condition-coverage="100% (2/2)">
							<conditions>
								<condition number="0" type="jump" coverage="100%"/>
							</conditions>
						</line>
						<line number="113" hits="112" branch="false"/>
					</lines>
				</class>
				<class name="com.uaihebert.uaidummy.creditcard.DummyCreditCard" filename="com/uaihebert/uaidummy/creditcard/DummyCreditCard.java" line-rate="1.0" branch-rate="1.0" complexity="1.0">
					<methods>
					</methods>
					<lines>
					</lines>
				</class>
				<class name="com.uaihebert.uaidummy.creditcard.DummyCreditCardGenerator" filename="com/uaihebert/uaidummy/creditcard/DummyCreditCardGenerator.java" line-rate="1.0" branch-rate="1.0" complexity="1.0">
					<methods>
						<method name="&lt;clinit&gt;" signature="()V" line-rate="1.0" branch-rate="1.0">
							<lines>
								<line number="11" hits="32" branch="false"/>
								<line number="14" hits="32" branch="false"/>
								<line number="15" hits="32" branch="false"/>
								<line number="16" hits="32" branch="false"/>
								<line number="17" hits="32" branch="false"/>
								<line number="18" hits="32" branch="false"/>
								<line number="19" hits="32" branch="false"/>
								<line number="20" hits="32" branch="false"/>
								<line number="21" hits="32" branch="false"/>
								<line number="22" hits="32" branch="false"/>
								<line number="23" hits="32" branch="false"/>
								<line number="24" hits="32" branch="false"/>
								<line number="25" hits="32" branch="false"/>
								<line number="26" hits="32" branch="false"/>
								<line number="27" hits="32" branch="false"/>
							</lines>
						</method>
						<method name="&lt;init&gt;" signature="()V" line-rate="1.0" branch-rate="1.0">
							<lines>
								<line number="9" hits="1" branch="false"/>
							</lines>
						</method>
						<method name="generateAmericanExpress" signature="()Ljava/lang/String;" line-rate="1.0" branch-rate="1.0">
							<lines>
								<line number="55" hits="1" branch="false"/>
							</lines>
						</method>
						<method name="generateAmericanExpressInstance" signature="()Lcom/uaihebert/uaidummy/creditcard/DummyCreditCard;" line-rate="1.0" branch-rate="1.0">
							<lines>
								<line number="59" hits="2" branch="false"/>
							</lines>
						</method>
						<method name="generateByName" signature="(Ljava/lang/String;)Lcom/uaihebert/uaidummy/creditcard/DummyCreditCard;" line-rate="1.0" branch-rate="1.0">
							<lines>
								<line number="34" hits="1" branch="false"/>
								<line number="35" hits="1" branch="false"/>
							</lines>
						</method>
						<method name="generateChinaUnionPay" signature="()Ljava/lang/String;" line-rate="1.0" branch-rate="1.0">
							<lines>
								<line number="63" hits="1" branch="false"/>
							</lines>
						</method>
						<method name="generateChinaUnionPayInstance" signature="()Lcom/uaihebert/uaidummy/creditcard/DummyCreditCard;" line-rate="1.0" branch-rate="1.0">
							<lines>
								<line number="67" hits="2" branch="false"/>
							</lines>
						</method>
						<method name="generateDankort" signature="()Ljava/lang/String;" line-rate="1.0" branch-rate="1.0">
							<lines>
								<line number="127" hits="1" branch="false"/>
							</lines>
						</method>
						<method name="generateDankortInstance" signature="()Lcom/uaihebert/uaidummy/creditcard/DummyCreditCard;" line-rate="1.0" branch-rate="1.0">
							<lines>
								<line number="131" hits="2" branch="false"/>
							</lines>
						</method>
						<method name="generateDinersClubCarteBlanche" signature="()Ljava/lang/String;" line-rate="1.0" branch-rate="1.0">
							<lines>
								<line number="71" hits="1" branch="false"/>
							</lines>
						</method>
						<method name="generateDinersClubCarteBlancheInstance" signature="()Lcom/uaihebert/uaidummy/creditcard/DummyCreditCard;" line-rate="1.0" branch-rate="1.0">
							<lines>
								<line number="75" hits="2" branch="false"/>
							</lines>
						</method>
						<method name="generateDinersClubInternational" signature="()Ljava/lang/String;" line-rate="1.0" branch-rate="1.0">
							<lines>
								<line number="79" hits="1" branch="false"/>
							</lines>
						</method>
						<method name="generateDinersClubInternationalInstance" signature="()Lcom/uaihebert/uaidummy/creditcard/DummyCreditCard;" line-rate="1.0" branch-rate="1.0">
							<lines>
								<line number="83" hits="2" branch="false"/>
							</lines>
						</method>
						<method name="generateDiscoverCard" signature="()Ljava/lang/String;" line-rate="1.0" branch-rate="1.0">
							<lines>
								<line number="87" hits="1" branch="false"/>
							</lines>
						</method>
						<method name="generateDiscoverCardInstance" signature="()Lcom/uaihebert/uaidummy/creditcard/DummyCreditCard;" line-rate="1.0" branch-rate="1.0">
							<lines>
								<line number="91" hits="2" branch="false"/>
							</lines>
						</method>
						<method name="generateInstaPayment" signature="()Ljava/lang/String;" line-rate="1.0" branch-rate="1.0">
							<lines>
								<line number="103" hits="1" branch="false"/>
							</lines>
						</method>
						<method name="generateInstaPaymentInstance" signature="()Lcom/uaihebert/uaidummy/creditcard/DummyCreditCard;" line-rate="1.0" branch-rate="1.0">
							<lines>
								<line number="107" hits="2" branch="false"/>
							</lines>
						</method>
						<method name="generateInterPaymentTM" signature="()Ljava/lang/String;" line-rate="1.0" branch-rate="1.0">
							<lines>
								<line number="95" hits="1" branch="false"/>
							</lines>
						</method>
						<method name="generateInterPaymentTMInstance" signature="()Lcom/uaihebert/uaidummy/creditcard/DummyCreditCard;" line-rate="1.0" branch-rate="1.0">
							<lines>
								<line number="99" hits="2" branch="false"/>
							</lines>
						</method>
						<method name="generateJcb" signature="()Ljava/lang/String;" line-rate="1.0" branch-rate="1.0">
							<lines>
								<line number="111" hits="1" branch="false"/>
							</lines>
						</method>
						<method name="generateJcbInstance" signature="()Lcom/uaihebert/uaidummy/creditcard/DummyCreditCard;" line-rate="1.0" branch-rate="1.0">
							<lines>
								<line number="115" hits="2" branch="false"/>
							</lines>
						</method>
						<method name="generateMaestro" signature="()Ljava/lang/String;" line-rate="1.0" branch-rate="1.0">
							<lines>
								<line number="119" hits="1" branch="false"/>
							</lines>
						</method>
						<method name="generateMaestroInstance" signature="()Lcom/uaihebert/uaidummy/creditcard/DummyCreditCard;" line-rate="1.0" branch-rate="1.0">
							<lines>
								<line number="123" hits="2" branch="false"/>
							</lines>
						</method>
						<method name="generateMasterCard" signature="()Ljava/lang/String;" line-rate="1.0" branch-rate="1.0">
							<lines>
								<line number="47" hits="1" branch="false"/>
							</lines>
						</method>
						<method name="generateMasterCardInstance" signature="()Lcom/uaihebert/uaidummy/creditcard/DummyCreditCard;" line-rate="1.0" branch-rate="1.0">
							<lines>
								<line number="51" hits="2" branch="false"/>
							</lines>
						</method>
						<method name="generateUatp" signature="()Ljava/lang/String;" line-rate="1.0" branch-rate="1.0">
							<lines>
								<line number="135" hits="1" branch="false"/>
							</lines>
						</method>
						<method name="generateUatpInstance" signature="()Lcom/uaihebert/uaidummy/creditcard/DummyCreditCard;" line-rate="1.0" branch-rate="1.0">
							<lines>
								<line number="139" hits="2" branch="false"/>
							</lines>
						</method>
						<method name="generateVisa" signature="()Ljava/lang/String;" line-rate="1.0" branch-rate="1.0">
							<lines>
								<line number="39" hits="1" branch="false"/>
							</lines>
						</method>
						<method name="generateVisaInstance" signature="()Lcom/uaihebert/uaidummy/creditcard/DummyCreditCard;" line-rate="1.0" branch-rate="1.0">
							<lines>
								<line number="43" hits="2" branch="false"/>
							</lines>
						</method>
						<method name="listAllSupportedCreditCards" signature="()Ljava/util/List;" line-rate="1.0" branch-rate="1.0">
							<lines>
								<line number="30" hits="1" branch="false"/>
							</lines>
						</method>
					</methods>
					<lines>
						<line number="9" hits="1" branch="false"/>
						<line number="11" hits="32" branch="false"/>
						<line number="14" hits="32" branch="false"/>
						<line number="15" hits="32" branch="false"/>
						<line number="16" hits="32" branch="false"/>
						<line number="17" hits="32" branch="false"/>
						<line number="18" hits="32" branch="false"/>
						<line number="19" hits="32" branch="false"/>
						<line number="20" hits="32" branch="false"/>
						<line number="21" hits="32" branch="false"/>
						<line number="22" hits="32" branch="false"/>
						<line number="23" hits="32" branch="false"/>
						<line number="24" hits="32" branch="false"/>
						<line number="25" hits="32" branch="false"/>
						<line number="26" hits="32" branch="false"/>
						<line number="27" hits="32" branch="false"/>
						<line number="30" hits="1" branch="false"/>
						<line number="34" hits="1" branch="false"/>
						<line number="35" hits="1" branch="false"/>
						<line number="39" hits="1" branch="false"/>
						<line number="43" hits="2" branch="false"/>
						<line number="47" hits="1" branch="false"/>
						<line number="51" hits="2" branch="false"/>
						<line number="55" hits="1" branch="false"/>
						<line number="59" hits="2" branch="false"/>
						<line number="63" hits="1" branch="false"/>
						<line number="67" hits="2" branch="false"/>
						<line number="71" hits="1" branch="false"/>
						<line number="75" hits="2" branch="false"/>
						<line number="79" hits="1" branch="false"/>
						<line number="83" hits="2" branch="false"/>
						<line number="87" hits="1" branch="false"/>
						<line number="91" hits="2" branch="false"/>
						<line number="95" hits="1" branch="false"/>
						<line number="99" hits="2" branch="false"/>
						<line number="103" hits="1" branch="false"/>
						<line number="107" hits="2" branch="false"/>
						<line number="111" hits="1" branch="false"/>
						<line number="115" hits="2" branch="false"/>
						<line number="119" hits="1" branch="false"/>
						<line number="123" hits="2" branch="false"/>
						<line number="127" hits="1" branch="false"/>
						<line number="131" hits="2" branch="false"/>
						<line number="135" hits="1" branch="false"/>
						<line number="139" hits="2" branch="false"/>
					</lines>
				</class>
				<class name="com.uaihebert.uaidummy.creditcard.DummyCreditCardReflectionUtil" filename="com/uaihebert/uaidummy/creditcard/DummyCreditCardReflectionUtil.java" line-rate="0.6666666666666666" branch-rate="1.0" complexity="2.5">
					<methods>
						<method name="&lt;init&gt;" signature="()V" line-rate="0.0" branch-rate="1.0">
							<lines>
								<line number="6" hits="0" branch="false"/>
								<line number="7" hits="0" branch="false"/>
							</lines>
						</method>
						<method name="instantiateDummyCreditCard" signature="(Ljava/lang/Class;)Lcom/uaihebert/uaidummy/creditcard/DummyCreditCard;" line-rate="1.0" branch-rate="1.0">
							<lines>
								<line number="12" hits="29" branch="false"/>
								<line number="13" hits="28" branch="false"/>
								<line number="14" hits="2" branch="false"/>
								<line number="15" hits="2" branch="false"/>
							</lines>
						</method>
					</methods>
					<lines>
						<line number="6" hits="0" branch="false"/>
						<line number="7" hits="0" branch="false"/>
						<line number="12" hits="29" branch="false"/>
						<line number="13" hits="28" branch="false"/>
						<line number="14" hits="2" branch="false"/>
						<line number="15" hits="2" branch="false"/>
					</lines>
				</class>
				<class name="com.uaihebert.uaidummy.creditcard.ExpirationDateUtil" filename="com/uaihebert/uaidummy/creditcard/ExpirationDateUtil.java" line-rate="0.9354838709677419" branch-rate="1.0" complexity="1.3">
					<methods>
						<method name="&lt;init&gt;" signature="()V" line-rate="0.0" branch-rate="1.0">
							<lines>
								<line number="11" hits="0" branch="false"/>
								<line number="12" hits="0" branch="false"/>
							</lines>
						</method>
						<method name="createNonExpiredDate" signature="()Ljava/util/Date;" line-rate="1.0" branch-rate="1.0">
							<lines>
								<line number="46" hits="116" branch="false"/>
								<line number="47" hits="116" branch="false"/>
								<line number="48" hits="116" branch="false"/>
								<line number="50" hits="116" branch="false"/>
								<line number="52" hits="116" branch="false"/>
								<line number="53" hits="116" branch="false"/>
								<line number="54" hits="116" branch="false"/>
								<line number="56" hits="116" branch="false"/>
							</lines>
						</method>
						<method name="extractMonth" signature="(Ljava/lang/String;Ljava/lang/String;)Ljava/lang/String;" line-rate="1.0" branch-rate="1.0">
							<lines>
								<line number="27" hits="8" branch="false"/>
								<line number="29" hits="2" branch="false"/>
								<line number="31" hits="2" branch="false"/>
							</lines>
						</method>
						<method name="extractYear" signature="(Ljava/lang/String;Ljava/lang/String;)Ljava/lang/String;" line-rate="1.0" branch-rate="1.0">
							<lines>
								<line number="21" hits="8" branch="false"/>
								<line number="23" hits="2" branch="false"/>
							</lines>
						</method>
						<method name="generateNonExpirationDate" signature="(Ljava/lang/String;)Ljava/lang/String;" line-rate="1.0" branch-rate="1.0">
							<lines>
								<line number="15" hits="116" branch="false"/>
								<line number="17" hits="116" branch="false"/>
							</lines>
						</method>
						<method name="getCalendar" signature="(Ljava/lang/String;Ljava/lang/String;)Ljava/util/Calendar;" line-rate="1.0" branch-rate="1.0">
							<lines>
								<line number="36" hits="16" branch="false"/>
								<line number="37" hits="4" branch="false"/>
								<line number="38" hits="4" branch="false"/>
								<line number="39" hits="4" branch="false"/>
								<line number="40" hits="4" branch="false"/>
								<line number="41" hits="4" branch="false"/>
							</lines>
						</method>
						<method name="getRandom" signature="(II)I" line-rate="1.0" branch-rate="1.0">
							<lines>
								<line number="78" hits="348" branch="false"/>
							</lines>
						</method>
						<method name="getRandomDay" signature="()I" line-rate="1.0" branch-rate="1.0">
							<lines>
								<line number="74" hits="116" branch="false"/>
							</lines>
						</method>
						<method name="getRandomMonth" signature="()I" line-rate="1.0" branch-rate="1.0">
							<lines>
								<line number="70" hits="116" branch="false"/>
							</lines>
						</method>
						<method name="getRandomYear" signature="()I" line-rate="1.0" branch-rate="1.0">
							<lines>
								<line number="60" hits="116" branch="false"/>
								<line number="61" hits="116" branch="false"/>
								<line number="63" hits="116" branch="false"/>
								<line number="64" hits="116" branch="false"/>
								<line number="66" hits="116" branch="false"/>
							</lines>
						</method>
					</methods>
					<lines>
						<line number="11" hits="0" branch="false"/>
						<line number="12" hits="0" branch="false"/>
						<line number="15" hits="116" branch="false"/>
						<line number="17" hits="116" branch="false"/>
						<line number="21" hits="8" branch="false"/>
						<line number="23" hits="2" branch="false"/>
						<line number="27" hits="8" branch="false"/>
						<line number="29" hits="2" branch="false"/>
						<line number="31" hits="2" branch="false"/>
						<line number="36" hits="16" branch="false"/>
						<line number="37" hits="4" branch="false"/>
						<line number="38" hits="4" branch="false"/>
						<line number="39" hits="4" branch="false"/>
						<line number="40" hits="4" branch="false"/>
						<line number="41" hits="4" branch="false"/>
						<line number="46" hits="116" branch="false"/>
						<line number="47" hits="116" branch="false"/>
						<line number="48" hits="116" branch="false"/>
						<line number="50" hits="116" branch="false"/>
						<line number="52" hits="116" branch="false"/>
						<line number="53" hits="116" branch="false"/>
						<line number="54" hits="116" branch="false"/>
						<line number="56" hits="116" branch="false"/>
						<line number="60" hits="116" branch="false"/>
						<line number="61" hits="116" branch="false"/>
						<line number="63" hits="116" branch="false"/>
						<line number="64" hits="116" branch="false"/>
						<line number="66" hits="116" branch="false"/>
						<line number="70" hits="116" branch="false"/>
						<line number="74" hits="116" branch="false"/>
						<line number="78" hits="348" branch="false"/>
					</lines>
				</class>
				<class name="com.uaihebert.uaidummy.creditcard.InstaPayment" filename="com/uaihebert/uaidummy/creditcard/InstaPayment.java" line-rate="1.0" branch-rate="1.0" complexity="1.0">
					<methods>
						<method name="&lt;init&gt;" signature="()V" line-rate="1.0" branch-rate="1.0">
							<lines>
								<line number="3" hits="7" branch="false"/>
							</lines>
						</method>
						<method name="getLength" signature="()I" line-rate="1.0" branch-rate="1.0">
							<lines>
								<line number="7" hits="8" branch="false"/>
							</lines>
						</method>
						<method name="getPrefix" signature="()Ljava/lang/String;" line-rate="1.0" branch-rate="1.0">
							<lines>
								<line number="12" hits="8" branch="false"/>
							</lines>
						</method>
						<method name="getSecurityNumberLength" signature="()I" line-rate="1.0" branch-rate="1.0">
							<lines>
								<line number="17" hits="21" branch="false"/>
							</lines>
						</method>
					</methods>
					<lines>
						<line number="3" hits="7" branch="false"/>
						<line number="7" hits="8" branch="false"/>
						<line number="12" hits="8" branch="false"/>
						<line number="17" hits="21" branch="false"/>
					</lines>
				</class>
				<class name="com.uaihebert.uaidummy.creditcard.InterPaymentTM" filename="com/uaihebert/uaidummy/creditcard/InterPaymentTM.java" line-rate="1.0" branch-rate="1.0" complexity="1.0">
					<methods>
						<method name="&lt;init&gt;" signature="()V" line-rate="1.0" branch-rate="1.0">
							<lines>
								<line number="3" hits="9" branch="false"/>
							</lines>
						</method>
						<method name="getLength" signature="()I" line-rate="1.0" branch-rate="1.0">
							<lines>
								<line number="7" hits="10" branch="false"/>
							</lines>
						</method>
						<method name="getPrefix" signature="()Ljava/lang/String;" line-rate="1.0" branch-rate="1.0">
							<lines>
								<line number="12" hits="10" branch="false"/>
							</lines>
						</method>
						<method name="getSecurityNumberLength" signature="()I" line-rate="1.0" branch-rate="1.0">
							<lines>
								<line number="17" hits="29" branch="false"/>
							</lines>
						</method>
					</methods>
					<lines>
						<line number="3" hits="9" branch="false"/>
						<line number="7" hits="10" branch="false"/>
						<line number="12" hits="10" branch="false"/>
						<line number="17" hits="29" branch="false"/>
					</lines>
				</class>
				<class name="com.uaihebert.uaidummy.creditcard.Jcb" filename="com/uaihebert/uaidummy/creditcard/Jcb.java" line-rate="1.0" branch-rate="1.0" complexity="1.0">
					<methods>
						<method name="&lt;init&gt;" signature="()V" line-rate="1.0" branch-rate="1.0">
							<lines>
								<line number="3" hits="8" branch="false"/>
							</lines>
						</method>
						<method name="getLength" signature="()I" line-rate="1.0" branch-rate="1.0">
							<lines>
								<line number="7" hits="9" branch="false"/>
							</lines>
						</method>
						<method name="getPrefix" signature="()Ljava/lang/String;" line-rate="1.0" branch-rate="1.0">
							<lines>
								<line number="12" hits="9" branch="false"/>
							</lines>
						</method>
						<method name="getSecurityNumberLength" signature="()I" line-rate="1.0" branch-rate="1.0">
							<lines>
								<line number="17" hits="25" branch="false"/>
							</lines>
						</method>
					</methods>
					<lines>
						<line number="3" hits="8" branch="false"/>
						<line number="7" hits="9" branch="false"/>
						<line number="12" hits="9" branch="false"/>
						<line number="17" hits="25" branch="false"/>
					</lines>
				</class>
				<class name="com.uaihebert.uaidummy.creditcard.Maestro" filename="com/uaihebert/uaidummy/creditcard/Maestro.java" line-rate="1.0" branch-rate="1.0" complexity="1.0">
					<methods>
						<method name="&lt;init&gt;" signature="()V" line-rate="1.0" branch-rate="1.0">
							<lines>
								<line number="3" hits="8" branch="false"/>
							</lines>
						</method>
						<method name="getLength" signature="()I" line-rate="1.0" branch-rate="1.0">
							<lines>
								<line number="7" hits="9" branch="false"/>
							</lines>
						</method>
						<method name="getPrefix" signature="()Ljava/lang/String;" line-rate="1.0" branch-rate="1.0">
							<lines>
								<line number="12" hits="9" branch="false"/>
							</lines>
						</method>
						<method name="getSecurityNumberLength" signature="()I" line-rate="1.0" branch-rate="1.0">
							<lines>
								<line number="17" hits="25" branch="false"/>
							</lines>
						</method>
					</methods>
					<lines>
						<line number="3" hits="8" branch="false"/>
						<line number="7" hits="9" branch="false"/>
						<line number="12" hits="9" branch="false"/>
						<line number="17" hits="25" branch="false"/>
					</lines>
				</class>
				<class name="com.uaihebert.uaidummy.creditcard.MasterCard" filename="com/uaihebert/uaidummy/creditcard/MasterCard.java" line-rate="1.0" branch-rate="1.0" complexity="1.0">
					<methods>
						<method name="&lt;init&gt;" signature="()V" line-rate="1.0" branch-rate="1.0">
							<lines>
								<line number="3" hits="7" branch="false"/>
							</lines>
						</method>
						<method name="getLength" signature="()I" line-rate="1.0" branch-rate="1.0">
							<lines>
								<line number="7" hits="8" branch="false"/>
							</lines>
						</method>
						<method name="getPrefix" signature="()Ljava/lang/String;" line-rate="1.0" branch-rate="1.0">
							<lines>
								<line number="12" hits="8" branch="false"/>
							</lines>
						</method>
						<method name="getSecurityNumberLength" signature="()I" line-rate="1.0" branch-rate="1.0">
							<lines>
								<line number="17" hits="21" branch="false"/>
							</lines>
						</method>
					</methods>
					<lines>
						<line number="3" hits="7" branch="false"/>
						<line number="7" hits="8" branch="false"/>
						<line number="12" hits="8" branch="false"/>
						<line number="17" hits="21" branch="false"/>
					</lines>
				</class>
				<class name="com.uaihebert.uaidummy.creditcard.Uatp" filename="com/uaihebert/uaidummy/creditcard/Uatp.java" line-rate="1.0" branch-rate="1.0" complexity="1.0">
					<methods>
						<method name="&lt;init&gt;" signature="()V" line-rate="1.0" branch-rate="1.0">
							<lines>
								<line number="3" hits="7" branch="false"/>
							</lines>
						</method>
						<method name="getLength" signature="()I" line-rate="1.0" branch-rate="1.0">
							<lines>
								<line number="7" hits="8" branch="false"/>
							</lines>
						</method>
						<method name="getPrefix" signature="()Ljava/lang/String;" line-rate="1.0" branch-rate="1.0">
							<lines>
								<line number="12" hits="8" branch="false"/>
							</lines>
						</method>
						<method name="getSecurityNumberLength" signature="()I" line-rate="1.0" branch-rate="1.0">
							<lines>
								<line number="17" hits="21" branch="false"/>
							</lines>
						</method>
					</methods>
					<lines>
						<line number="3" hits="7" branch="false"/>
						<line number="7" hits="8" branch="false"/>
						<line number="12" hits="8" branch="false"/>
						<line number="17" hits="21" branch="false"/>
					</lines>
				</class>
				<class name="com.uaihebert.uaidummy.creditcard.Visa" filename="com/uaihebert/uaidummy/creditcard/Visa.java" line-rate="1.0" branch-rate="1.0" complexity="1.0">
					<methods>
						<method name="&lt;init&gt;" signature="()V" line-rate="1.0" branch-rate="1.0">
							<lines>
								<line number="3" hits="9" branch="false"/>
							</lines>
						</method>
						<method name="getLength" signature="()I" line-rate="1.0" branch-rate="1.0">
							<lines>
								<line number="7" hits="10" branch="false"/>
							</lines>
						</method>
						<method name="getPrefix" signature="()Ljava/lang/String;" line-rate="1.0" branch-rate="1.0">
							<lines>
								<line number="12" hits="10" branch="false"/>
							</lines>
						</method>
						<method name="getSecurityNumberLength" signature="()I" line-rate="1.0" branch-rate="1.0">
							<lines>
								<line number="17" hits="29" branch="false"/>
							</lines>
						</method>
					</methods>
					<lines>
						<line number="3" hits="9" branch="false"/>
						<line number="7" hits="10" branch="false"/>
						<line number="12" hits="10" branch="false"/>
						<line number="17" hits="29" branch="false"/>
					</lines>
				</class>
			</classes>
		</package>
		<package name="com.uaihebert.uaidummy.date" line-rate="1.0" branch-rate="1.0" complexity="0.0">
			<classes>
				<class name="com.uaihebert.uaidummy.date.DummyDate" filename="com/uaihebert/uaidummy/date/DummyDate.java" line-rate="1.0" branch-rate="1.0" complexity="0.0">
					<methods>
					</methods>
					<lines>
					</lines>
				</class>
			</classes>
		</package>
		<package name="com.uaihebert.uaidummy.name" line-rate="0.9393939393939394" branch-rate="1.0" complexity="1.0909090909090908">
			<classes>
				<class name="com.uaihebert.uaidummy.name.DummyNameGenerator" filename="com/uaihebert/uaidummy/name/DummyNameGenerator.java" line-rate="0.9393939393939394" branch-rate="1.0" complexity="1.0909090909090908">
					<methods>
						<method name="&lt;clinit&gt;" signature="()V" line-rate="1.0" branch-rate="1.0">
							<lines>
								<line number="12" hits="19" branch="false"/>
								<line number="13" hits="19" branch="false"/>
								<line number="14" hits="19" branch="false"/>
								<line number="16" hits="19" branch="false"/>
								<line number="17" hits="19" branch="false"/>
								<line number="20" hits="19" branch="false"/>
								<line number="21" hits="19" branch="false"/>
								<line number="22" hits="19" branch="false"/>
							</lines>
						</method>
						<method name="&lt;init&gt;" signature="()V" line-rate="0.0" branch-rate="1.0">
							<lines>
								<line number="34" hits="0" branch="false"/>
								<line number="35" hits="0" branch="false"/>
							</lines>
						</method>
						<method name="generateFirstName" signature="()Ljava/lang/String;" line-rate="1.0" branch-rate="1.0">
							<lines>
								<line number="38" hits="3" branch="false"/>
								<line number="39" hits="3" branch="false"/>
							</lines>
						</method>
						<method name="generateFullName" signature="()Ljava/lang/String;" line-rate="1.0" branch-rate="1.0">
							<lines>
								<line number="48" hits="2" branch="false"/>
								<line number="50" hits="2" branch="false"/>
								<line number="52" hits="4" branch="true" condition-coverage="100% (2/2)">
									<conditions>
										<condition number="0" type="jump" coverage="100%"/>
									</conditions>
								</line>
								<line number="53" hits="2" branch="false"/>
								<line number="56" hits="2" branch="false"/>
							</lines>
						</method>
						<method name="generateLastName" signature="()Ljava/lang/String;" line-rate="1.0" branch-rate="1.0">
							<lines>
								<line number="43" hits="3" branch="false"/>
								<line number="44" hits="3" branch="false"/>
							</lines>
						</method>
						<method name="getMaxFirstNamesInCache" signature="()I" line-rate="1.0" branch-rate="1.0">
							<lines>
								<line number="64" hits="3" branch="false"/>
							</lines>
						</method>
						<method name="getMaxLastNamesInCache" signature="()I" line-rate="1.0" branch-rate="1.0">
							<lines>
								<line number="60" hits="3" branch="false"/>
							</lines>
						</method>
						<method name="loadFirstName" signature="()V" line-rate="1.0" branch-rate="1.0">
							<lines>
								<line number="25" hits="19" branch="false"/>
								<line number="26" hits="19" branch="false"/>
								<line number="27" hits="19" branch="false"/>
							</lines>
						</method>
						<method name="loadLastName" signature="()V" line-rate="1.0" branch-rate="1.0">
							<lines>
								<line number="30" hits="19" branch="false"/>
								<line number="31" hits="19" branch="false"/>
								<line number="32" hits="19" branch="false"/>
							</lines>
						</method>
						<method name="setMaxFirstNamesInCache" signature="(I)V" line-rate="1.0" branch-rate="1.0">
							<lines>
								<line number="72" hits="2" branch="false"/>
								<line number="73" hits="2" branch="false"/>
							</lines>
						</method>
						<method name="setMaxLastNamesInCache" signature="(I)V" line-rate="1.0" branch-rate="1.0">
							<lines>
								<line number="68" hits="4" branch="false"/>
								<line number="69" hits="4" branch="false"/>
							</lines>
						</method>
						<method name="setTotalLastNamesInFullName" signature="(I)V" line-rate="1.0" branch-rate="1.0">
							<lines>
								<line number="76" hits="2" branch="false"/>
								<line number="77" hits="2" branch="false"/>
							</lines>
						</method>
					</methods>
					<lines>
						<line number="12" hits="19" branch="false"/>
						<line number="13" hits="19" branch="false"/>
						<line number="14" hits="19" branch="false"/>
						<line number="16" hits="19" branch="false"/>
						<line number="17" hits="19" branch="false"/>
						<line number="20" hits="19" branch="false"/>
						<line number="21" hits="19" branch="false"/>
						<line number="22" hits="19" branch="false"/>
						<line number="25" hits="19" branch="false"/>
						<line number="26" hits="19" branch="false"/>
						<line number="27" hits="19" branch="false"/>
						<line number="30" hits="19" branch="false"/>
						<line number="31" hits="19" branch="false"/>
						<line number="32" hits="19" branch="false"/>
						<line number="34" hits="0" branch="false"/>
						<line number="35" hits="0" branch="false"/>
						<line number="38" hits="3" branch="false"/>
						<line number="39" hits="3" branch="false"/>
						<line number="43" hits="3" branch="false"/>
						<line number="44" hits="3" branch="false"/>
						<line number="48" hits="2" branch="false"/>
						<line number="50" hits="2" branch="false"/>
						<line number="52" hits="4" branch="true" condition-coverage="100% (2/2)">
							<conditions>
								<condition number="0" type="jump" coverage="100%"/>
							</conditions>
						</line>
						<line number="53" hits="2" branch="false"/>
						<line number="56" hits="2" branch="false"/>
						<line number="60" hits="3" branch="false"/>
						<line number="64" hits="3" branch="false"/>
						<line number="68" hits="4" branch="false"/>
						<line number="69" hits="4" branch="false"/>
						<line number="72" hits="2" branch="false"/>
						<line number="73" hits="2" branch="false"/>
						<line number="76" hits="2" branch="false"/>
						<line number="77" hits="2" branch="false"/>
					</lines>
				</class>
			</classes>
		</package>
		<package name="com.uaihebert.uaidummy.us" line-rate="0.9166666666666666" branch-rate="0.75" complexity="1.5">
			<classes>
				<class name="com.uaihebert.uaidummy.us.DummySocialSecurityNumber" filename="com/uaihebert/uaidummy/us/DummySocialSecurityNumber.java" line-rate="1.0" branch-rate="1.0" complexity="1.0">
					<methods>
					</methods>
					<lines>
					</lines>
				</class>
				<class name="com.uaihebert.uaidummy.us.DummySocialSecurityNumberGenerator" filename="com/uaihebert/uaidummy/us/DummySocialSecurityNumberGenerator.java" line-rate="0.5" branch-rate="1.0" complexity="1.0">
					<methods>
						<method name="&lt;init&gt;" signature="()V" line-rate="0.0" branch-rate="1.0">
							<lines>
								<line number="4" hits="0" branch="false"/>
								<line number="5" hits="0" branch="false"/>
							</lines>
						</method>
						<method name="generate" signature="()Ljava/lang/String;" line-rate="1.0" branch-rate="1.0">
							<lines>
								<line number="8" hits="1" branch="false"/>
							</lines>
						</method>
						<method name="generateMasked" signature="()Ljava/lang/String;" line-rate="1.0" branch-rate="1.0">
							<lines>
								<line number="12" hits="1" branch="false"/>
							</lines>
						</method>
					</methods>
					<lines>
						<line number="4" hits="0" branch="false"/>
						<line number="5" hits="0" branch="false"/>
						<line number="8" hits="1" branch="false"/>
						<line number="12" hits="1" branch="false"/>
					</lines>
				</class>
				<class name="com.uaihebert.uaidummy.us.DummySocialSecurityNumberImp" filename="com/uaihebert/uaidummy/us/DummySocialSecurityNumberImp.java" line-rate="1.0" branch-rate="0.75" complexity="2.0">
					<methods>
						<method name="&lt;clinit&gt;" signature="()V" line-rate="1.0" branch-rate="1.0">
							<lines>
								<line number="12" hits="9" branch="false"/>
							</lines>
						</method>
						<method name="&lt;init&gt;" signature="()V" line-rate="1.0" branch-rate="1.0">
							<lines>
								<line number="17" hits="6" branch="false"/>
								<line number="18" hits="6" branch="false"/>
								<line number="19" hits="2" branch="false"/>
								<line number="20" hits="2" branch="false"/>
							</lines>
						</method>
						<method name="format" signature="()Ljava/lang/String;" line-rate="1.0" branch-rate="1.0">
							<lines>
								<line number="23" hits="2" branch="false"/>
								<line number="25" hits="2" branch="false"/>
								<line number="26" hits="2" branch="false"/>
								<line number="28" hits="2" branch="false"/>
							</lines>
						</method>
						<method name="generate" signature="()Ljava/lang/String;" line-rate="1.0" branch-rate="0.75">
							<lines>
								<line number="33" hits="35000" branch="false"/>
								<line number="34" hits="34999" branch="false"/>
								<line number="36" hits="34999" branch="false"/>
								<line number="37" hits="34999" branch="true" condition-coverage="50% (1/2)">
									<conditions>
										<condition number="0" type="jump" coverage="50%"/>
									</conditions>
								</line>
								<line number="38" hits="34997" branch="true" condition-coverage="100% (2/2)">
									<conditions>
										<condition number="0" type="jump" coverage="100%"/>
									</conditions>
								</line>
								<line number="39" hits="5002" branch="true" condition-coverage="50% (1/2)">
									<conditions>
										<condition number="0" type="jump" coverage="50%"/>
									</conditions>
								</line>
								<line number="40" hits="5001" branch="true" condition-coverage="100% (2/2)">
									<conditions>
										<condition number="0" type="jump" coverage="100%"/>
									</conditions>
								</line>
								<line number="42" hits="2" branch="false"/>
								<line number="44" hits="34994" branch="false"/>
							</lines>
						</method>
						<method name="getFormattedValue" signature="()Ljava/lang/String;" line-rate="1.0" branch-rate="1.0">
							<lines>
								<line number="54" hits="2" branch="false"/>
							</lines>
						</method>
						<method name="getValue" signature="()Ljava/lang/String;" line-rate="1.0" branch-rate="1.0">
							<lines>
								<line number="49" hits="1" branch="false"/>
							</lines>
						</method>
					</methods>
					<lines>
						<line number="12" hits="9" branch="false"/>
						<line number="17" hits="6" branch="false"/>
						<line number="18" hits="6" branch="false"/>
						<line number="19" hits="2" branch="false"/>
						<line number="20" hits="2" branch="false"/>
						<line number="23" hits="2" branch="false"/>
						<line number="25" hits="2" branch="false"/>
						<line number="26" hits="2" branch="false"/>
						<line number="28" hits="2" branch="false"/>
						<line number="33" hits="35000" branch="false"/>
						<line number="34" hits="34999" branch="false"/>
						<line number="36" hits="34999" branch="false"/>
						<line number="37" hits="34999" branch="true" condition-coverage="50% (1/2)">
							<conditions>
								<condition number="0" type="jump" coverage="50%"/>
							</conditions>
						</line>
						<line number="38" hits="34997" branch="true" condition-coverage="100% (2/2)">
							<conditions>
								<condition number="0" type="jump" coverage="100%"/>
							</conditions>
						</line>
						<line number="39" hits="5002" branch="true" condition-coverage="50% (1/2)">
							<conditions>
								<condition number="0" type="jump" coverage="50%"/>
							</conditions>
						</line>
						<line number="40" hits="5001" branch="true" condition-coverage="100% (2/2)">
							<conditions>
								<condition number="0" type="jump" coverage="100%"/>
							</conditions>
						</line>
						<line number="42" hits="2" branch="false"/>
						<line number="44" hits="34994" branch="false"/>
						<line number="49" hits="1" branch="false"/>
						<line number="54" hits="2" branch="false"/>
					</lines>
				</class>
			</classes>
		</package>
		<package name="com.uaihebert.uaidummy.utils" line-rate="0.85" branch-rate="0.7777777777777778" complexity="2.1">
			<classes>
				<class name="com.uaihebert.uaidummy.utils.DummyFileReader" filename="com/uaihebert/uaidummy/utils/DummyFileReader.java" line-rate="0.8571428571428571" branch-rate="0.6" complexity="0.0">
					<methods>
						<method name="&lt;clinit&gt;" signature="()V" line-rate="1.0" branch-rate="1.0">
							<lines>
								<line number="14" hits="24" branch="false"/>
							</lines>
						</method>
						<method name="&lt;init&gt;" signature="()V" line-rate="0.0" branch-rate="1.0">
							<lines>
								<line number="16" hits="0" branch="false"/>
								<line number="17" hits="0" branch="false"/>
							</lines>
						</method>
						<method name="loadFileByLine" signature="(ILjava/lang/String;)Ljava/util/List;" line-rate="0.9285714285714286" branch-rate="0.6">
							<lines>
								<line number="32" hits="46" branch="false"/>
								<line number="34" hits="96" branch="false"/>
								<line number="35" hits="46" branch="false"/>
								<line number="36" hits="46" branch="false"/>
								<line number="38" hits="46" branch="false"/>
								<line number="40" hits="82488" branch="true" condition-coverage="100% (2/2)">
									<conditions>
										<condition number="0" type="jump" coverage="100%"/>
									</conditions>
								</line>
								<line number="41" hits="82484" branch="false"/>
								<line number="43" hits="82484" branch="false"/>
								<line number="45" hits="82484" branch="true" condition-coverage="100% (2/2)">
									<conditions>
										<condition number="0" type="jump" coverage="100%"/>
									</conditions>
								</line>
								<line number="46" hits="42" branch="false"/>
								<line number="49" hits="48" branch="true" condition-coverage="50% (8/16)">
									<conditions>
										<condition number="0" type="jump" coverage="50%"/>
										<condition number="1" type="jump" coverage="50%"/>
										<condition number="2" type="jump" coverage="50%"/>
										<condition number="3" type="jump" coverage="50%"/>
										<condition number="4" type="jump" coverage="50%"/>
										<condition number="5" type="jump" coverage="50%"/>
										<condition number="6" type="jump" coverage="50%"/>
										<condition number="7" type="jump" coverage="50%"/>
									</conditions>
								</line>
								<line number="50" hits="0" branch="false"/>
								<line number="51" hits="44" branch="false"/>
								<line number="53" hits="44" branch="false"/>
							</lines>
						</method>
						<method name="loadFirstNameFile" signature="(I)Ljava/util/List;" line-rate="1.0" branch-rate="1.0">
							<lines>
								<line number="20" hits="24" branch="false"/>
								<line number="22" hits="24" branch="false"/>
							</lines>
						</method>
						<method name="loadLastNameFile" signature="(I)Ljava/util/List;" line-rate="1.0" branch-rate="1.0">
							<lines>
								<line number="26" hits="22" branch="false"/>
								<line number="28" hits="22" branch="false"/>
							</lines>
						</method>
					</methods>
					<lines>
						<line number="14" hits="24" branch="false"/>
						<line number="16" hits="0" branch="false"/>
						<line number="17" hits="0" branch="false"/>
						<line number="20" hits="24" branch="false"/>
						<line number="22" hits="24" branch="false"/>
						<line number="26" hits="22" branch="false"/>
						<line number="28" hits="22" branch="false"/>
						<line number="32" hits="46" branch="false"/>
						<line number="34" hits="96" branch="false"/>
						<line number="35" hits="46" branch="false"/>
						<line number="36" hits="46" branch="false"/>
						<line number="38" hits="46" branch="false"/>
						<line number="40" hits="82488" branch="true" condition-coverage="100% (2/2)">
							<conditions>
								<condition number="0" type="jump" coverage="100%"/>
							</conditions>
						</line>
						<line number="41" hits="82484" branch="false"/>
						<line number="43" hits="82484" branch="false"/>
						<line number="45" hits="82484" branch="true" condition-coverage="100% (2/2)">
							<conditions>
								<condition number="0" type="jump" coverage="100%"/>
							</conditions>
						</line>
						<line number="46" hits="42" branch="false"/>
						<line number="49" hits="48" branch="true" condition-coverage="50% (8/16)">
							<conditions>
								<condition number="0" type="jump" coverage="50%"/>
								<condition number="1" type="jump" coverage="50%"/>
								<condition number="2" type="jump" coverage="50%"/>
								<condition number="3" type="jump" coverage="50%"/>
								<condition number="4" type="jump" coverage="50%"/>
								<condition number="5" type="jump" coverage="50%"/>
								<condition number="6" type="jump" coverage="50%"/>
								<condition number="7" type="jump" coverage="50%"/>
							</conditions>
						</line>
						<line number="50" hits="0" branch="false"/>
						<line number="51" hits="44" branch="false"/>
						<line number="53" hits="44" branch="false"/>
					</lines>
				</class>
				<class name="com.uaihebert.uaidummy.utils.ListUtils" filename="com/uaihebert/uaidummy/utils/ListUtils.java" line-rate="0.8333333333333334" branch-rate="1.0" complexity="1.6666666666666667">
					<methods>
						<method name="&lt;init&gt;" signature="()V" line-rate="0.0" branch-rate="1.0">
							<lines>
								<line number="6" hits="0" branch="false"/>
								<line number="7" hits="0" branch="false"/>
							</lines>
						</method>
						<method name="elementsToString" signature="(Ljava/util/Collection;)Ljava/lang/String;" line-rate="1.0" branch-rate="1.0">
							<lines>
								<line number="10" hits="12" branch="false"/>
								<line number="11" hits="12" branch="true" condition-coverage="100% (2/2)">
									<conditions>
										<condition number="0" type="jump" coverage="100%"/>
									</conditions>
								</line>
								<line number="12" hits="150" branch="false"/>
								<line number="13" hits="150" branch="false"/>
								<line number="14" hits="12" branch="false"/>
							</lines>
						</method>
						<method name="sum" signature="(Ljava/util/Collection;)Ljava/lang/Integer;" line-rate="1.0" branch-rate="1.0">
							<lines>
								<line number="18" hits="24" branch="false"/>
								<line number="20" hits="24" branch="true" condition-coverage="100% (2/2)">
									<conditions>
										<condition number="0" type="jump" coverage="100%"/>
									</conditions>
								</line>
								<line number="21" hits="264" branch="false"/>
								<line number="22" hits="264" branch="false"/>
								<line number="24" hits="24" branch="false"/>
							</lines>
						</method>
					</methods>
					<lines>
						<line number="6" hits="0" branch="false"/>
						<line number="7" hits="0" branch="false"/>
						<line number="10" hits="12" branch="false"/>
						<line number="11" hits="12" branch="true" condition-coverage="100% (2/2)">
							<conditions>
								<condition number="0" type="jump" coverage="100%"/>
							</conditions>
						</line>
						<line number="12" hits="150" branch="false"/>
						<line number="13" hits="150" branch="false"/>
						<line number="14" hits="12" branch="false"/>
						<line number="18" hits="24" branch="false"/>
						<line number="20" hits="24" branch="true" condition-coverage="100% (2/2)">
							<conditions>
								<condition number="0" type="jump" coverage="100%"/>
							</conditions>
						</line>
						<line number="21" hits="264" branch="false"/>
						<line number="22" hits="264" branch="false"/>
						<line number="24" hits="24" branch="false"/>
					</lines>
				</class>
				<class name="com.uaihebert.uaidummy.utils.RandomUtils" filename="com/uaihebert/uaidummy/utils/RandomUtils.java" line-rate="0.8" branch-rate="1.0" complexity="1.2">
					<methods>
						<method name="&lt;clinit&gt;" signature="()V" line-rate="1.0" branch-rate="1.0">
							<lines>
								<line number="9" hits="183" branch="false"/>
							</lines>
						</method>
						<method name="&lt;init&gt;" signature="()V" line-rate="0.0" branch-rate="1.0">
							<lines>
								<line number="11" hits="0" branch="false"/>
								<line number="12" hits="0" branch="false"/>
							</lines>
						</method>
						<method name="nextInt" signature="(I)I" line-rate="1.0" branch-rate="1.0">
							<lines>
								<line number="29" hits="21729" branch="false"/>
							</lines>
						</method>
						<method name="nextIntBetween" signature="(II)I" line-rate="1.0" branch-rate="1.0">
							<lines>
								<line number="41" hits="35009" branch="false"/>
							</lines>
						</method>
						<method name="randomNumberList" signature="(I)Ljava/util/List;" line-rate="1.0" branch-rate="1.0">
							<lines>
								<line number="15" hits="16" branch="false"/>
							</lines>
						</method>
						<method name="randomNumberList" signature="(III)Ljava/util/List;" line-rate="1.0" branch-rate="1.0">
							<lines>
								<line number="19" hits="21" branch="false"/>
								<line number="21" hits="20136" branch="true" condition-coverage="100% (2/2)">
									<conditions>
										<condition number="0" type="jump" coverage="100%"/>
									</conditions>
								</line>
								<line number="22" hits="20118" branch="false"/>
								<line number="25" hits="18" branch="false"/>
							</lines>
						</method>
					</methods>
					<lines>
						<line number="9" hits="183" branch="false"/>
						<line number="11" hits="0" branch="false"/>
						<line number="12" hits="0" branch="false"/>
						<line number="15" hits="16" branch="false"/>
						<line number="19" hits="21" branch="false"/>
						<line number="21" hits="20136" branch="true" condition-coverage="100% (2/2)">
							<conditions>
								<condition number="0" type="jump" coverage="100%"/>
							</conditions>
						</line>
						<line number="22" hits="20118" branch="false"/>
						<line number="25" hits="18" branch="false"/>
						<line number="29" hits="21729" branch="false"/>
						<line number="41" hits="35009" branch="false"/>
					</lines>
				</class>
				<class name="com.uaihebert.uaidummy.utils.StringHelper" filename="com/uaihebert/uaidummy/utils/StringHelper.java" line-rate="0.8823529411764706" branch-rate="1.0" complexity="5.0">
					<methods>
						<method name="&lt;init&gt;" signature="()V" line-rate="0.0" branch-rate="1.0">
							<lines>
								<line number="4" hits="0" branch="false"/>
								<line number="5" hits="0" branch="false"/>
							</lines>
						</method>
						<method name="rightReplace" signature="(Ljava/lang/String;Ljava/lang/Object;)Ljava/lang/String;" line-rate="1.0" branch-rate="1.0">
							<lines>
								<line number="17" hits="9" branch="true" condition-coverage="100% (2/2)">
									<conditions>
										<condition number="0" type="jump" coverage="100%"/>
									</conditions>
								</line>
								<line number="18" hits="1" branch="false"/>
								<line number="21" hits="8" branch="false"/>
								<line number="23" hits="8" branch="true" condition-coverage="100% (4/4)">
									<conditions>
										<condition number="0" type="jump" coverage="100%"/>
										<condition number="1" type="jump" coverage="100%"/>
									</conditions>
								</line>
								<line number="24" hits="3" branch="false"/>
								<line number="27" hits="5" branch="false"/>
								<line number="28" hits="5" branch="false"/>
								<line number="29" hits="5" branch="false"/>
								<line number="31" hits="5" branch="true" condition-coverage="100% (2/2)">
									<conditions>
										<condition number="0" type="jump" coverage="100%"/>
									</conditions>
								</line>
								<line number="32" hits="1" branch="false"/>
								<line number="35" hits="4" branch="false"/>
								<line number="37" hits="4" branch="false"/>
								<line number="39" hits="32" branch="true" condition-coverage="100% (2/2)">
									<conditions>
										<condition number="0" type="jump" coverage="100%"/>
									</conditions>
								</line>
								<line number="40" hits="28" branch="false"/>
								<line number="43" hits="4" branch="false"/>
							</lines>
						</method>
					</methods>
					<lines>
						<line number="4" hits="0" branch="false"/>
						<line number="5" hits="0" branch="false"/>
						<line number="17" hits="9" branch="true" condition-coverage="100% (2/2)">
							<conditions>
								<condition number="0" type="jump" coverage="100%"/>
							</conditions>
						</line>
						<line number="18" hits="1" branch="false"/>
						<line number="21" hits="8" branch="false"/>
						<line number="23" hits="8" branch="true" condition-coverage="100% (4/4)">
							<conditions>
								<condition number="0" type="jump" coverage="100%"/>
								<condition number="1" type="jump" coverage="100%"/>
							</conditions>
						</line>
						<line number="24" hits="3" branch="false"/>
						<line number="27" hits="5" branch="false"/>
						<line number="28" hits="5" branch="false"/>
						<line number="29" hits="5" branch="false"/>
						<line number="31" hits="5" branch="true" condition-coverage="100% (2/2)">
							<conditions>
								<condition number="0" type="jump" coverage="100%"/>
							</conditions>
						</line>
						<line number="32" hits="1" branch="false"/>
						<line number="35" hits="4" branch="false"/>
						<line number="37" hits="4" branch="false"/>
						<line number="39" hits="32" branch="true" condition-coverage="100% (2/2)">
							<conditions>
								<condition number="0" type="jump" coverage="100%"/>
							</conditions>
						</line>
						<line number="40" hits="28" branch="false"/>
						<line number="43" hits="4" branch="false"/>
					</lines>
				</class>
			</classes>
		</package>
	</packages>
</coverage>
