<?xml version="1.0"?>
<!DOCTYPE coverage SYSTEM "http://cobertura.sourceforge.net/xml/coverage-04.dtd">

<coverage line-rate="0.9141274238227147" branch-rate="0.7661538461538462" lines-covered="1650" lines-valid="1805" branches-covered="249" branches-valid="325" complexity="1.3055555555555556" version="2.1.1" timestamp="1742920904807">
	<sources>
		<source>--source</source>
		<source>/home/ig2g/Documents/Thesis/Coverage/java/flaky_java_projects/DiUS-java-faker/src/main/java</source>
		<source>/home/ig2g/Documents/Thesis/Coverage/java/flaky_java_projects/DiUS-java-faker/target/generated-sources/annotations</source>
	</sources>
	<packages>
		<package name="com.github.javafaker" line-rate="0.939875604699378" branch-rate="0.7973856209150327" complexity="1.16255442670537">
			<classes>
				<class name="com.github.javafaker.Address" filename="com/github/javafaker/Address.java" line-rate="0.90625" branch-rate="0.0" complexity="1.037037037037037">
					<methods>
						<method name="&lt;init&gt;" signature="(Lcom/github/javafaker/Faker;)V" line-rate="1.0" branch-rate="1.0" complexity="0">
							<lines>
								<line number="6" hits="1263" branch="false"/>
								<line number="7" hits="1263" branch="false"/>
								<line number="8" hits="1263" branch="false"/>
							</lines>
						</method>
						<method name="buildingNumber" signature="()Ljava/lang/String;" line-rate="1.0" branch-rate="1.0" complexity="0">
							<lines>
								<line number="111" hits="2" branch="false"/>
							</lines>
						</method>
						<method name="city" signature="()Ljava/lang/String;" line-rate="1.0" branch-rate="1.0" complexity="0">
							<lines>
								<line number="67" hits="2" branch="false"/>
							</lines>
						</method>
						<method name="cityName" signature="()Ljava/lang/String;" line-rate="1.0" branch-rate="1.0" complexity="0">
							<lines>
								<line number="71" hits="2" branch="false"/>
							</lines>
						</method>
						<method name="cityPrefix" signature="()Ljava/lang/String;" line-rate="1.0" branch-rate="1.0" complexity="0">
							<lines>
								<line number="63" hits="2" branch="false"/>
							</lines>
						</method>
						<method name="citySuffix" signature="()Ljava/lang/String;" line-rate="1.0" branch-rate="1.0" complexity="0">
							<lines>
								<line number="59" hits="2" branch="false"/>
							</lines>
						</method>
						<method name="country" signature="()Ljava/lang/String;" line-rate="1.0" branch-rate="1.0" complexity="0">
							<lines>
								<line number="103" hits="2" branch="false"/>
							</lines>
						</method>
						<method name="countryCode" signature="()Ljava/lang/String;" line-rate="1.0" branch-rate="1.0" complexity="0">
							<lines>
								<line number="107" hits="2" branch="false"/>
							</lines>
						</method>
						<method name="countyByZipCode" signature="(Ljava/lang/String;)Ljava/lang/String;" line-rate="1.0" branch-rate="1.0" complexity="0">
							<lines>
								<line number="47" hits="2" branch="false"/>
							</lines>
						</method>
						<method name="firstName" signature="()Ljava/lang/String;" line-rate="1.0" branch-rate="1.0" complexity="0">
							<lines>
								<line number="83" hits="2" branch="false"/>
							</lines>
						</method>
						<method name="fullAddress" signature="()Ljava/lang/String;" line-rate="1.0" branch-rate="1.0" complexity="0">
							<lines>
								<line number="115" hits="2" branch="false"/>
							</lines>
						</method>
						<method name="lastName" signature="()Ljava/lang/String;" line-rate="1.0" branch-rate="1.0" complexity="0">
							<lines>
								<line number="87" hits="2" branch="false"/>
							</lines>
						</method>
						<method name="latitude" signature="()Ljava/lang/String;" line-rate="1.0" branch-rate="1.0" complexity="0">
							<lines>
								<line number="91" hits="2" branch="false"/>
							</lines>
						</method>
						<method name="longitude" signature="()Ljava/lang/String;" line-rate="1.0" branch-rate="1.0" complexity="0">
							<lines>
								<line number="95" hits="3" branch="false"/>
							</lines>
						</method>
						<method name="postcode" signature="()Ljava/lang/String;" line-rate="1.0" branch-rate="1.0" complexity="0">
							<lines>
								<line number="39" hits="2" branch="false"/>
							</lines>
						</method>
						<method name="secondaryAddress" signature="()Ljava/lang/String;" line-rate="1.0" branch-rate="1.0" complexity="0">
							<lines>
								<line number="31" hits="2" branch="false"/>
							</lines>
						</method>
						<method name="state" signature="()Ljava/lang/String;" line-rate="1.0" branch-rate="1.0" complexity="0">
							<lines>
								<line number="75" hits="3" branch="false"/>
							</lines>
						</method>
						<method name="stateAbbr" signature="()Ljava/lang/String;" line-rate="1.0" branch-rate="1.0" complexity="0">
							<lines>
								<line number="79" hits="2" branch="false"/>
							</lines>
						</method>
						<method name="streetAddress" signature="()Ljava/lang/String;" line-rate="1.0" branch-rate="1.0" complexity="0">
							<lines>
								<line number="19" hits="2" branch="false"/>
							</lines>
						</method>
						<method name="streetAddress" signature="(Z)Ljava/lang/String;" line-rate="0.25" branch-rate="0.0" complexity="0">
							<lines>
								<line number="23" hits="2" branch="false"/>
								<line number="24" hits="0" branch="true" condition-coverage="0% (0/2)">
									<conditions>
										<condition number="0" type="jump" coverage="0%"/>
									</conditions>
								</line>
								<line number="25" hits="0" branch="false"/>
								<line number="27" hits="0" branch="false"/>
							</lines>
						</method>
						<method name="streetAddressNumber" signature="()Ljava/lang/String;" line-rate="1.0" branch-rate="1.0" complexity="0">
							<lines>
								<line number="15" hits="2" branch="false"/>
							</lines>
						</method>
						<method name="streetName" signature="()Ljava/lang/String;" line-rate="1.0" branch-rate="1.0" complexity="0">
							<lines>
								<line number="11" hits="2" branch="false"/>
							</lines>
						</method>
						<method name="streetPrefix" signature="()Ljava/lang/String;" line-rate="1.0" branch-rate="1.0" complexity="0">
							<lines>
								<line number="55" hits="2" branch="false"/>
							</lines>
						</method>
						<method name="streetSuffix" signature="()Ljava/lang/String;" line-rate="1.0" branch-rate="1.0" complexity="0">
							<lines>
								<line number="51" hits="2" branch="false"/>
							</lines>
						</method>
						<method name="timeZone" signature="()Ljava/lang/String;" line-rate="1.0" branch-rate="1.0" complexity="0">
							<lines>
								<line number="99" hits="2" branch="false"/>
							</lines>
						</method>
						<method name="zipCode" signature="()Ljava/lang/String;" line-rate="1.0" branch-rate="1.0" complexity="0">
							<lines>
								<line number="35" hits="2" branch="false"/>
							</lines>
						</method>
						<method name="zipCodeByState" signature="(Ljava/lang/String;)Ljava/lang/String;" line-rate="1.0" branch-rate="1.0" complexity="0">
							<lines>
								<line number="43" hits="2" branch="false"/>
							</lines>
						</method>
					</methods>
					<lines>
						<line number="6" hits="1263" branch="false"/>
						<line number="7" hits="1263" branch="false"/>
						<line number="8" hits="1263" branch="false"/>
						<line number="11" hits="2" branch="false"/>
						<line number="15" hits="2" branch="false"/>
						<line number="19" hits="2" branch="false"/>
						<line number="23" hits="2" branch="false"/>
						<line number="24" hits="0" branch="true" condition-coverage="0% (0/2)">
							<conditions>
								<condition number="0" type="jump" coverage="0%"/>
							</conditions>
						</line>
						<line number="25" hits="0" branch="false"/>
						<line number="27" hits="0" branch="false"/>
						<line number="31" hits="2" branch="false"/>
						<line number="35" hits="2" branch="false"/>
						<line number="39" hits="2" branch="false"/>
						<line number="43" hits="2" branch="false"/>
						<line number="47" hits="2" branch="false"/>
						<line number="51" hits="2" branch="false"/>
						<line number="55" hits="2" branch="false"/>
						<line number="59" hits="2" branch="false"/>
						<line number="63" hits="2" branch="false"/>
						<line number="67" hits="2" branch="false"/>
						<line number="71" hits="2" branch="false"/>
						<line number="75" hits="3" branch="false"/>
						<line number="79" hits="2" branch="false"/>
						<line number="83" hits="2" branch="false"/>
						<line number="87" hits="2" branch="false"/>
						<line number="91" hits="2" branch="false"/>
						<line number="95" hits="3" branch="false"/>
						<line number="99" hits="2" branch="false"/>
						<line number="103" hits="2" branch="false"/>
						<line number="107" hits="2" branch="false"/>
						<line number="111" hits="2" branch="false"/>
						<line number="115" hits="2" branch="false"/>
					</lines>
				</class>
				<class name="com.github.javafaker.Ancient" filename="com/github/javafaker/Ancient.java" line-rate="0.42857142857142855" branch-rate="1.0" complexity="1.0">
					<methods>
						<method name="&lt;init&gt;" signature="(Lcom/github/javafaker/Faker;)V" line-rate="1.0" branch-rate="1.0" complexity="0">
							<lines>
								<line number="7" hits="1223" branch="false"/>
								<line number="8" hits="1223" branch="false"/>
								<line number="9" hits="1223" branch="false"/>
							</lines>
						</method>
						<method name="god" signature="()Ljava/lang/String;" line-rate="0.0" branch-rate="1.0" complexity="0">
							<lines>
								<line number="12" hits="0" branch="false"/>
							</lines>
						</method>
						<method name="hero" signature="()Ljava/lang/String;" line-rate="0.0" branch-rate="1.0" complexity="0">
							<lines>
								<line number="24" hits="0" branch="false"/>
							</lines>
						</method>
						<method name="primordial" signature="()Ljava/lang/String;" line-rate="0.0" branch-rate="1.0" complexity="0">
							<lines>
								<line number="16" hits="0" branch="false"/>
							</lines>
						</method>
						<method name="titan" signature="()Ljava/lang/String;" line-rate="0.0" branch-rate="1.0" complexity="0">
							<lines>
								<line number="20" hits="0" branch="false"/>
							</lines>
						</method>
					</methods>
					<lines>
						<line number="7" hits="1223" branch="false"/>
						<line number="8" hits="1223" branch="false"/>
						<line number="9" hits="1223" branch="false"/>
						<line number="12" hits="0" branch="false"/>
						<line number="16" hits="0" branch="false"/>
						<line number="20" hits="0" branch="false"/>
						<line number="24" hits="0" branch="false"/>
					</lines>
				</class>
				<class name="com.github.javafaker.Animal" filename="com/github/javafaker/Animal.java" line-rate="1.0" branch-rate="1.0" complexity="1.0">
					<methods>
						<method name="&lt;init&gt;" signature="(Lcom/github/javafaker/Faker;)V" line-rate="1.0" branch-rate="1.0" complexity="0">
							<lines>
								<line number="6" hits="1224" branch="false"/>
								<line number="7" hits="1224" branch="false"/>
								<line number="8" hits="1224" branch="false"/>
							</lines>
						</method>
						<method name="name" signature="()Ljava/lang/String;" line-rate="1.0" branch-rate="1.0" complexity="0">
							<lines>
								<line number="11" hits="2" branch="false"/>
							</lines>
						</method>
					</methods>
					<lines>
						<line number="6" hits="1224" branch="false"/>
						<line number="7" hits="1224" branch="false"/>
						<line number="8" hits="1224" branch="false"/>
						<line number="11" hits="2" branch="false"/>
					</lines>
				</class>
				<class name="com.github.javafaker.App" filename="com/github/javafaker/App.java" line-rate="1.0" branch-rate="1.0" complexity="1.0">
					<methods>
						<method name="&lt;init&gt;" signature="(Lcom/github/javafaker/Faker;)V" line-rate="1.0" branch-rate="1.0" complexity="0">
							<lines>
								<line number="6" hits="1226" branch="false"/>
								<line number="7" hits="1226" branch="false"/>
								<line number="8" hits="1226" branch="false"/>
							</lines>
						</method>
						<method name="author" signature="()Ljava/lang/String;" line-rate="1.0" branch-rate="1.0" complexity="0">
							<lines>
								<line number="19" hits="2" branch="false"/>
							</lines>
						</method>
						<method name="name" signature="()Ljava/lang/String;" line-rate="1.0" branch-rate="1.0" complexity="0">
							<lines>
								<line number="11" hits="2" branch="false"/>
							</lines>
						</method>
						<method name="version" signature="()Ljava/lang/String;" line-rate="1.0" branch-rate="1.0" complexity="0">
							<lines>
								<line number="15" hits="2" branch="false"/>
							</lines>
						</method>
					</methods>
					<lines>
						<line number="6" hits="1226" branch="false"/>
						<line number="7" hits="1226" branch="false"/>
						<line number="8" hits="1226" branch="false"/>
						<line number="11" hits="2" branch="false"/>
						<line number="15" hits="2" branch="false"/>
						<line number="19" hits="2" branch="false"/>
					</lines>
				</class>
				<class name="com.github.javafaker.AquaTeenHungerForce" filename="com/github/javafaker/AquaTeenHungerForce.java" line-rate="1.0" branch-rate="1.0" complexity="1.0">
					<methods>
						<method name="&lt;init&gt;" signature="(Lcom/github/javafaker/Faker;)V" line-rate="1.0" branch-rate="1.0" complexity="0">
							<lines>
								<line number="7" hits="1225" branch="false"/>
								<line number="8" hits="1225" branch="false"/>
								<line number="9" hits="1225" branch="false"/>
							</lines>
						</method>
						<method name="character" signature="()Ljava/lang/String;" line-rate="1.0" branch-rate="1.0" complexity="0">
							<lines>
								<line number="12" hits="2" branch="false"/>
							</lines>
						</method>
					</methods>
					<lines>
						<line number="7" hits="1225" branch="false"/>
						<line number="8" hits="1225" branch="false"/>
						<line number="9" hits="1225" branch="false"/>
						<line number="12" hits="2" branch="false"/>
					</lines>
				</class>
				<class name="com.github.javafaker.Artist" filename="com/github/javafaker/Artist.java" line-rate="1.0" branch-rate="1.0" complexity="1.0">
					<methods>
						<method name="&lt;init&gt;" signature="(Lcom/github/javafaker/Faker;)V" line-rate="1.0" branch-rate="1.0" complexity="0">
							<lines>
								<line number="7" hits="1224" branch="false"/>
								<line number="8" hits="1224" branch="false"/>
								<line number="9" hits="1224" branch="false"/>
							</lines>
						</method>
						<method name="name" signature="()Ljava/lang/String;" line-rate="1.0" branch-rate="1.0" complexity="0">
							<lines>
								<line number="12" hits="2" branch="false"/>
							</lines>
						</method>
					</methods>
					<lines>
						<line number="7" hits="1224" branch="false"/>
						<line number="8" hits="1224" branch="false"/>
						<line number="9" hits="1224" branch="false"/>
						<line number="12" hits="2" branch="false"/>
					</lines>
				</class>
				<class name="com.github.javafaker.Avatar" filename="com/github/javafaker/Avatar.java" line-rate="1.0" branch-rate="1.0" complexity="1.0">
					<methods>
						<method name="&lt;init&gt;" signature="(Lcom/github/javafaker/Faker;)V" line-rate="1.0" branch-rate="1.0" complexity="0">
							<lines>
								<line number="7" hits="1225" branch="false"/>
								<line number="8" hits="1225" branch="false"/>
								<line number="9" hits="1225" branch="false"/>
								<line number="10" hits="1225" branch="false"/>
							</lines>
						</method>
						<method name="image" signature="()Ljava/lang/String;" line-rate="1.0" branch-rate="1.0" complexity="0">
							<lines>
								<line number="13" hits="2" branch="false"/>
							</lines>
						</method>
					</methods>
					<lines>
						<line number="7" hits="1225" branch="false"/>
						<line number="8" hits="1225" branch="false"/>
						<line number="9" hits="1225" branch="false"/>
						<line number="10" hits="1225" branch="false"/>
						<line number="13" hits="2" branch="false"/>
					</lines>
				</class>
				<class name="com.github.javafaker.Aviation" filename="com/github/javafaker/Aviation.java" line-rate="1.0" branch-rate="1.0" complexity="1.0">
					<methods>
						<method name="&lt;init&gt;" signature="(Lcom/github/javafaker/Faker;)V" line-rate="1.0" branch-rate="1.0" complexity="0">
							<lines>
								<line number="10" hits="1228" branch="false"/>
								<line number="11" hits="1228" branch="false"/>
								<line number="12" hits="1228" branch="false"/>
							</lines>
						</method>
						<method name="METAR" signature="()Ljava/lang/String;" line-rate="1.0" branch-rate="1.0" complexity="0">
							<lines>
								<line number="34" hits="2" branch="false"/>
							</lines>
						</method>
						<method name="aircraft" signature="()Ljava/lang/String;" line-rate="1.0" branch-rate="1.0" complexity="0">
							<lines>
								<line number="18" hits="2" branch="false"/>
							</lines>
						</method>
						<method name="airport" signature="()Ljava/lang/String;" line-rate="1.0" branch-rate="1.0" complexity="0">
							<lines>
								<line number="26" hits="2" branch="false"/>
							</lines>
						</method>
					</methods>
					<lines>
						<line number="10" hits="1228" branch="false"/>
						<line number="11" hits="1228" branch="false"/>
						<line number="12" hits="1228" branch="false"/>
						<line number="18" hits="2" branch="false"/>
						<line number="26" hits="2" branch="false"/>
						<line number="34" hits="2" branch="false"/>
					</lines>
				</class>
				<class name="com.github.javafaker.BackToTheFuture" filename="com/github/javafaker/BackToTheFuture.java" line-rate="1.0" branch-rate="1.0" complexity="1.0">
					<methods>
						<method name="&lt;init&gt;" signature="(Lcom/github/javafaker/Faker;)V" line-rate="1.0" branch-rate="1.0" complexity="0">
							<lines>
								<line number="6" hits="1227" branch="false"/>
								<line number="7" hits="1227" branch="false"/>
								<line number="8" hits="1227" branch="false"/>
							</lines>
						</method>
						<method name="character" signature="()Ljava/lang/String;" line-rate="1.0" branch-rate="1.0" complexity="0">
							<lines>
								<line number="11" hits="2" branch="false"/>
							</lines>
						</method>
						<method name="date" signature="()Ljava/lang/String;" line-rate="1.0" branch-rate="1.0" complexity="0">
							<lines>
								<line number="15" hits="2" branch="false"/>
							</lines>
						</method>
						<method name="quote" signature="()Ljava/lang/String;" line-rate="1.0" branch-rate="1.0" complexity="0">
							<lines>
								<line number="19" hits="2" branch="false"/>
							</lines>
						</method>
					</methods>
					<lines>
						<line number="6" hits="1227" branch="false"/>
						<line number="7" hits="1227" branch="false"/>
						<line number="8" hits="1227" branch="false"/>
						<line number="11" hits="2" branch="false"/>
						<line number="15" hits="2" branch="false"/>
						<line number="19" hits="2" branch="false"/>
					</lines>
				</class>
				<class name="com.github.javafaker.Barcode" filename="com/github/javafaker/Barcode.java" line-rate="1.0" branch-rate="1.0" complexity="1.0">
					<methods>
						<method name="&lt;init&gt;" signature="(Lcom/github/javafaker/Faker;)V" line-rate="1.0" branch-rate="1.0" complexity="0">
							<lines>
								<line number="7" hits="1229" branch="false"/>
								<line number="8" hits="1229" branch="false"/>
								<line number="9" hits="1229" branch="false"/>
							</lines>
						</method>
						<method name="data" signature="()Ljava/lang/String;" line-rate="1.0" branch-rate="1.0" complexity="0">
							<lines>
								<line number="16" hits="2" branch="false"/>
							</lines>
						</method>
						<method name="type" signature="()Ljava/lang/String;" line-rate="1.0" branch-rate="1.0" complexity="0">
							<lines>
								<line number="12" hits="2" branch="false"/>
							</lines>
						</method>
						<method name="typeAndData" signature="()Ljava/lang/String;" line-rate="1.0" branch-rate="1.0" complexity="0">
							<lines>
								<line number="20" hits="2" branch="false"/>
							</lines>
						</method>
					</methods>
					<lines>
						<line number="7" hits="1229" branch="false"/>
						<line number="8" hits="1229" branch="false"/>
						<line number="9" hits="1229" branch="false"/>
						<line number="12" hits="2" branch="false"/>
						<line number="16" hits="2" branch="false"/>
						<line number="20" hits="2" branch="false"/>
					</lines>
				</class>
				<class name="com.github.javafaker.Basketball" filename="com/github/javafaker/Basketball.java" line-rate="1.0" branch-rate="1.0" complexity="1.0">
					<methods>
						<method name="&lt;init&gt;" signature="(Lcom/github/javafaker/Faker;)V" line-rate="1.0" branch-rate="1.0" complexity="0">
							<lines>
								<line number="14" hits="1228" branch="false"/>
								<line number="15" hits="1228" branch="false"/>
								<line number="16" hits="1228" branch="false"/>
							</lines>
						</method>
						<method name="coaches" signature="()Ljava/lang/String;" line-rate="1.0" branch-rate="1.0" complexity="0">
							<lines>
								<line number="31" hits="2" branch="false"/>
							</lines>
						</method>
						<method name="players" signature="()Ljava/lang/String;" line-rate="1.0" branch-rate="1.0" complexity="0">
							<lines>
								<line number="47" hits="2" branch="false"/>
							</lines>
						</method>
						<method name="positions" signature="()Ljava/lang/String;" line-rate="1.0" branch-rate="1.0" complexity="0">
							<lines>
								<line number="39" hits="2" branch="false"/>
							</lines>
						</method>
						<method name="teams" signature="()Ljava/lang/String;" line-rate="1.0" branch-rate="1.0" complexity="0">
							<lines>
								<line number="23" hits="2" branch="false"/>
							</lines>
						</method>
					</methods>
					<lines>
						<line number="14" hits="1228" branch="false"/>
						<line number="15" hits="1228" branch="false"/>
						<line number="16" hits="1228" branch="false"/>
						<line number="23" hits="2" branch="false"/>
						<line number="31" hits="2" branch="false"/>
						<line number="39" hits="2" branch="false"/>
						<line number="47" hits="2" branch="false"/>
					</lines>
				</class>
				<class name="com.github.javafaker.Beer" filename="com/github/javafaker/Beer.java" line-rate="1.0" branch-rate="1.0" complexity="1.0">
					<methods>
						<method name="&lt;init&gt;" signature="(Lcom/github/javafaker/Faker;)V" line-rate="1.0" branch-rate="1.0" complexity="0">
							<lines>
								<line number="6" hits="1229" branch="false"/>
								<line number="7" hits="1229" branch="false"/>
								<line number="8" hits="1229" branch="false"/>
							</lines>
						</method>
						<method name="hop" signature="()Ljava/lang/String;" line-rate="1.0" branch-rate="1.0" complexity="0">
							<lines>
								<line number="19" hits="2" branch="false"/>
							</lines>
						</method>
						<method name="malt" signature="()Ljava/lang/String;" line-rate="1.0" branch-rate="1.0" complexity="0">
							<lines>
								<line number="27" hits="2" branch="false"/>
							</lines>
						</method>
						<method name="name" signature="()Ljava/lang/String;" line-rate="1.0" branch-rate="1.0" complexity="0">
							<lines>
								<line number="11" hits="2" branch="false"/>
							</lines>
						</method>
						<method name="style" signature="()Ljava/lang/String;" line-rate="1.0" branch-rate="1.0" complexity="0">
							<lines>
								<line number="15" hits="2" branch="false"/>
							</lines>
						</method>
						<method name="yeast" signature="()Ljava/lang/String;" line-rate="1.0" branch-rate="1.0" complexity="0">
							<lines>
								<line number="23" hits="2" branch="false"/>
							</lines>
						</method>
					</methods>
					<lines>
						<line number="6" hits="1229" branch="false"/>
						<line number="7" hits="1229" branch="false"/>
						<line number="8" hits="1229" branch="false"/>
						<line number="11" hits="2" branch="false"/>
						<line number="15" hits="2" branch="false"/>
						<line number="19" hits="2" branch="false"/>
						<line number="23" hits="2" branch="false"/>
						<line number="27" hits="2" branch="false"/>
					</lines>
				</class>
				<class name="com.github.javafaker.BojackHorseman" filename="com/github/javafaker/BojackHorseman.java" line-rate="1.0" branch-rate="1.0" complexity="1.0">
					<methods>
						<method name="&lt;init&gt;" signature="(Lcom/github/javafaker/Faker;)V" line-rate="1.0" branch-rate="1.0" complexity="0">
							<lines>
								<line number="15" hits="1228" branch="false"/>
								<line number="16" hits="1228" branch="false"/>
								<line number="17" hits="1228" branch="false"/>
							</lines>
						</method>
						<method name="characters" signature="()Ljava/lang/String;" line-rate="1.0" branch-rate="1.0" complexity="0">
							<lines>
								<line number="24" hits="2" branch="false"/>
							</lines>
						</method>
						<method name="quotes" signature="()Ljava/lang/String;" line-rate="1.0" branch-rate="1.0" complexity="0">
							<lines>
								<line number="32" hits="2" branch="false"/>
							</lines>
						</method>
						<method name="tongueTwisters" signature="()Ljava/lang/String;" line-rate="1.0" branch-rate="1.0" complexity="0">
							<lines>
								<line number="40" hits="2" branch="false"/>
							</lines>
						</method>
					</methods>
					<lines>
						<line number="15" hits="1228" branch="false"/>
						<line number="16" hits="1228" branch="false"/>
						<line number="17" hits="1228" branch="false"/>
						<line number="24" hits="2" branch="false"/>
						<line number="32" hits="2" branch="false"/>
						<line number="40" hits="2" branch="false"/>
					</lines>
				</class>
				<class name="com.github.javafaker.Book" filename="com/github/javafaker/Book.java" line-rate="1.0" branch-rate="1.0" complexity="1.0">
					<methods>
						<method name="&lt;init&gt;" signature="(Lcom/github/javafaker/Faker;)V" line-rate="1.0" branch-rate="1.0" complexity="0">
							<lines>
								<line number="6" hits="1230" branch="false"/>
								<line number="7" hits="1230" branch="false"/>
								<line number="8" hits="1230" branch="false"/>
							</lines>
						</method>
						<method name="author" signature="()Ljava/lang/String;" line-rate="1.0" branch-rate="1.0" complexity="0">
							<lines>
								<line number="11" hits="2" branch="false"/>
							</lines>
						</method>
						<method name="genre" signature="()Ljava/lang/String;" line-rate="1.0" branch-rate="1.0" complexity="0">
							<lines>
								<line number="23" hits="2" branch="false"/>
							</lines>
						</method>
						<method name="publisher" signature="()Ljava/lang/String;" line-rate="1.0" branch-rate="1.0" complexity="0">
							<lines>
								<line number="19" hits="2" branch="false"/>
							</lines>
						</method>
						<method name="title" signature="()Ljava/lang/String;" line-rate="1.0" branch-rate="1.0" complexity="0">
							<lines>
								<line number="15" hits="2" branch="false"/>
							</lines>
						</method>
					</methods>
					<lines>
						<line number="6" hits="1230" branch="false"/>
						<line number="7" hits="1230" branch="false"/>
						<line number="8" hits="1230" branch="false"/>
						<line number="11" hits="2" branch="false"/>
						<line number="15" hits="2" branch="false"/>
						<line number="19" hits="2" branch="false"/>
						<line number="23" hits="2" branch="false"/>
					</lines>
				</class>
				<class name="com.github.javafaker.Bool" filename="com/github/javafaker/Bool.java" line-rate="1.0" branch-rate="1.0" complexity="1.0">
					<methods>
						<method name="&lt;init&gt;" signature="(Lcom/github/javafaker/Faker;)V" line-rate="1.0" branch-rate="1.0" complexity="0">
							<lines>
								<line number="6" hits="1225" branch="false"/>
								<line number="7" hits="1225" branch="false"/>
								<line number="8" hits="1225" branch="false"/>
							</lines>
						</method>
						<method name="bool" signature="()Z" line-rate="1.0" branch-rate="1.0" complexity="0">
							<lines>
								<line number="11" hits="65792" branch="false"/>
							</lines>
						</method>
					</methods>
					<lines>
						<line number="6" hits="1225" branch="false"/>
						<line number="7" hits="1225" branch="false"/>
						<line number="8" hits="1225" branch="false"/>
						<line number="11" hits="65792" branch="false"/>
					</lines>
				</class>
				<class name="com.github.javafaker.Buffy" filename="com/github/javafaker/Buffy.java" line-rate="1.0" branch-rate="1.0" complexity="1.0">
					<methods>
						<method name="&lt;init&gt;" signature="(Lcom/github/javafaker/Faker;)V" line-rate="1.0" branch-rate="1.0" complexity="0">
							<lines>
								<line number="6" hits="1229" branch="false"/>
								<line number="7" hits="1229" branch="false"/>
								<line number="8" hits="1229" branch="false"/>
							</lines>
						</method>
						<method name="bigBads" signature="()Ljava/lang/String;" line-rate="1.0" branch-rate="1.0" complexity="0">
							<lines>
								<line number="23" hits="2" branch="false"/>
							</lines>
						</method>
						<method name="celebrities" signature="()Ljava/lang/String;" line-rate="1.0" branch-rate="1.0" complexity="0">
							<lines>
								<line number="19" hits="2" branch="false"/>
							</lines>
						</method>
						<method name="characters" signature="()Ljava/lang/String;" line-rate="1.0" branch-rate="1.0" complexity="0">
							<lines>
								<line number="11" hits="2" branch="false"/>
							</lines>
						</method>
						<method name="episodes" signature="()Ljava/lang/String;" line-rate="1.0" branch-rate="1.0" complexity="0">
							<lines>
								<line number="27" hits="2" branch="false"/>
							</lines>
						</method>
						<method name="quotes" signature="()Ljava/lang/String;" line-rate="1.0" branch-rate="1.0" complexity="0">
							<lines>
								<line number="15" hits="2" branch="false"/>
							</lines>
						</method>
					</methods>
					<lines>
						<line number="6" hits="1229" branch="false"/>
						<line number="7" hits="1229" branch="false"/>
						<line number="8" hits="1229" branch="false"/>
						<line number="11" hits="2" branch="false"/>
						<line number="15" hits="2" branch="false"/>
						<line number="19" hits="2" branch="false"/>
						<line number="23" hits="2" branch="false"/>
						<line number="27" hits="2" branch="false"/>
					</lines>
				</class>
				<class name="com.github.javafaker.Business" filename="com/github/javafaker/Business.java" line-rate="1.0" branch-rate="1.0" complexity="1.0">
					<methods>
						<method name="&lt;init&gt;" signature="(Lcom/github/javafaker/Faker;)V" line-rate="1.0" branch-rate="1.0" complexity="0">
							<lines>
								<line number="7" hits="1228" branch="false"/>
								<line number="8" hits="1228" branch="false"/>
								<line number="9" hits="1228" branch="false"/>
							</lines>
						</method>
						<method name="creditCardExpiry" signature="()Ljava/lang/String;" line-rate="1.0" branch-rate="1.0" complexity="0">
							<lines>
								<line number="20" hits="2" branch="false"/>
							</lines>
						</method>
						<method name="creditCardNumber" signature="()Ljava/lang/String;" line-rate="1.0" branch-rate="1.0" complexity="0">
							<lines>
								<line number="12" hits="2" branch="false"/>
							</lines>
						</method>
						<method name="creditCardType" signature="()Ljava/lang/String;" line-rate="1.0" branch-rate="1.0" complexity="0">
							<lines>
								<line number="16" hits="2" branch="false"/>
							</lines>
						</method>
					</methods>
					<lines>
						<line number="7" hits="1228" branch="false"/>
						<line number="8" hits="1228" branch="false"/>
						<line number="9" hits="1228" branch="false"/>
						<line number="12" hits="2" branch="false"/>
						<line number="16" hits="2" branch="false"/>
						<line number="20" hits="2" branch="false"/>
					</lines>
				</class>
				<class name="com.github.javafaker.Cat" filename="com/github/javafaker/Cat.java" line-rate="1.0" branch-rate="1.0" complexity="1.0">
					<methods>
						<method name="&lt;init&gt;" signature="(Lcom/github/javafaker/Faker;)V" line-rate="1.0" branch-rate="1.0" complexity="0">
							<lines>
								<line number="7" hits="1229" branch="false"/>
								<line number="8" hits="1229" branch="false"/>
								<line number="9" hits="1229" branch="false"/>
							</lines>
						</method>
						<method name="breed" signature="()Ljava/lang/String;" line-rate="1.0" branch-rate="1.0" complexity="0">
							<lines>
								<line number="16" hits="2" branch="false"/>
							</lines>
						</method>
						<method name="name" signature="()Ljava/lang/String;" line-rate="1.0" branch-rate="1.0" complexity="0">
							<lines>
								<line number="12" hits="2" branch="false"/>
							</lines>
						</method>
						<method name="registry" signature="()Ljava/lang/String;" line-rate="1.0" branch-rate="1.0" complexity="0">
							<lines>
								<line number="20" hits="2" branch="false"/>
							</lines>
						</method>
					</methods>
					<lines>
						<line number="7" hits="1229" branch="false"/>
						<line number="8" hits="1229" branch="false"/>
						<line number="9" hits="1229" branch="false"/>
						<line number="12" hits="2" branch="false"/>
						<line number="16" hits="2" branch="false"/>
						<line number="20" hits="2" branch="false"/>
					</lines>
				</class>
				<class name="com.github.javafaker.ChuckNorris" filename="com/github/javafaker/ChuckNorris.java" line-rate="1.0" branch-rate="1.0" complexity="1.0">
					<methods>
						<method name="&lt;init&gt;" signature="(Lcom/github/javafaker/Faker;)V" line-rate="1.0" branch-rate="1.0" complexity="0">
							<lines>
								<line number="6" hits="1225" branch="false"/>
								<line number="7" hits="1225" branch="false"/>
								<line number="8" hits="1225" branch="false"/>
							</lines>
						</method>
						<method name="fact" signature="()Ljava/lang/String;" line-rate="1.0" branch-rate="1.0" complexity="0">
							<lines>
								<line number="11" hits="2" branch="false"/>
							</lines>
						</method>
					</methods>
					<lines>
						<line number="6" hits="1225" branch="false"/>
						<line number="7" hits="1225" branch="false"/>
						<line number="8" hits="1225" branch="false"/>
						<line number="11" hits="2" branch="false"/>
					</lines>
				</class>
				<class name="com.github.javafaker.Code" filename="com/github/javafaker/Code.java" line-rate="0.6590909090909091" branch-rate="0.5714285714285714" complexity="2.7058823529411766">
					<methods>
						<method name="&lt;clinit&gt;" signature="()V" line-rate="1.0" branch-rate="1.0" complexity="0">
							<lines>
								<line number="188" hits="1221" branch="false"/>
								<line number="227" hits="1221" branch="false"/>
								<line number="228" hits="1221" branch="false"/>
							</lines>
						</method>
						<method name="&lt;init&gt;" signature="(Lcom/github/javafaker/Faker;)V" line-rate="1.0" branch-rate="1.0" complexity="0">
							<lines>
								<line number="13" hits="1240" branch="false"/>
								<line number="14" hits="1240" branch="false"/>
								<line number="15" hits="1240" branch="false"/>
							</lines>
						</method>
						<method name="asin" signature="()Ljava/lang/String;" line-rate="1.0" branch-rate="1.0" complexity="0">
							<lines>
								<line number="147" hits="2" branch="false"/>
							</lines>
						</method>
						<method name="ean13" signature="()Ljava/lang/String;" line-rate="1.0" branch-rate="1.0" complexity="0">
							<lines>
								<line number="210" hits="2" branch="false"/>
							</lines>
						</method>
						<method name="ean8" signature="()Ljava/lang/String;" line-rate="1.0" branch-rate="1.0" complexity="0">
							<lines>
								<line number="192" hits="2" branch="false"/>
							</lines>
						</method>
						<method name="gtin13" signature="()Ljava/lang/String;" line-rate="0.875" branch-rate="0.75" complexity="0">
							<lines>
								<line number="214" hits="4" branch="false"/>
								<line number="215" hits="2" branch="false"/>
								<line number="216" hits="26" branch="true" condition-coverage="100% (2/2)">
									<conditions>
										<condition number="0" type="jump" coverage="100%"/>
									</conditions>
								</line>
								<line number="217" hits="24" branch="false"/>
								<line number="219" hits="2" branch="false"/>
								<line number="220" hits="2" branch="true" condition-coverage="50% (1/2)">
									<conditions>
										<condition number="0" type="jump" coverage="50%"/>
									</conditions>
								</line>
								<line number="221" hits="0" branch="false"/>
								<line number="223" hits="2" branch="false"/>
							</lines>
						</method>
						<method name="gtin8" signature="()Ljava/lang/String;" line-rate="0.875" branch-rate="0.75" complexity="0">
							<lines>
								<line number="196" hits="4" branch="false"/>
								<line number="197" hits="2" branch="false"/>
								<line number="198" hits="16" branch="true" condition-coverage="100% (2/2)">
									<conditions>
										<condition number="0" type="jump" coverage="100%"/>
									</conditions>
								</line>
								<line number="199" hits="14" branch="false"/>
								<line number="201" hits="2" branch="false"/>
								<line number="202" hits="2" branch="true" condition-coverage="50% (1/2)">
									<conditions>
										<condition number="0" type="jump" coverage="50%"/>
									</conditions>
								</line>
								<line number="203" hits="0" branch="false"/>
								<line number="205" hits="2" branch="false"/>
							</lines>
						</method>
						<method name="imei" signature="()Ljava/lang/String;" line-rate="1.0" branch-rate="1.0" complexity="0">
							<lines>
								<line number="151" hits="2" branch="false"/>
								<line number="152" hits="2" branch="false"/>
								<line number="155" hits="2" branch="false"/>
								<line number="156" hits="1" branch="false"/>
								<line number="157" hits="1" branch="false"/>
								<line number="160" hits="13" branch="true" condition-coverage="100% (2/2)">
									<conditions>
										<condition number="0" type="jump" coverage="100%"/>
									</conditions>
								</line>
								<line number="161" hits="12" branch="false"/>
								<line number="165" hits="1" branch="false"/>
								<line number="166" hits="1" branch="false"/>
								<line number="167" hits="1" branch="false"/>
								<line number="168" hits="15" branch="true" condition-coverage="100% (2/2)">
									<conditions>
										<condition number="0" type="jump" coverage="100%"/>
									</conditions>
								</line>
								<line number="169" hits="14" branch="true" condition-coverage="100% (2/2)">
									<conditions>
										<condition number="0" type="jump" coverage="100%"/>
									</conditions>
								</line>
								<line number="170" hits="7" branch="false"/>
								<line number="172" hits="7" branch="true" condition-coverage="100% (2/2)">
									<conditions>
										<condition number="0" type="jump" coverage="100%"/>
									</conditions>
								</line>
								<line number="173" hits="2" branch="false"/>
								<line number="176" hits="7" branch="false"/>
								<line number="178" hits="7" branch="false"/>
								<line number="183" hits="1" branch="false"/>
								<line number="185" hits="1" branch="false"/>
							</lines>
						</method>
						<method name="isbn10" signature="()Ljava/lang/String;" line-rate="1.0" branch-rate="1.0" complexity="0">
							<lines>
								<line number="75" hits="2" branch="false"/>
							</lines>
						</method>
						<method name="isbn10" signature="(Z)Ljava/lang/String;" line-rate="0.25" branch-rate="0.0" complexity="0">
							<lines>
								<line number="84" hits="4" branch="false"/>
								<line number="85" hits="4" branch="false"/>
								<line number="86" hits="0" branch="false"/>
								<line number="87" hits="0" branch="false"/>
								<line number="88" hits="0" branch="false"/>
								<line number="90" hits="0" branch="false"/>
								<line number="91" hits="0" branch="true" condition-coverage="0% (0/2)">
									<conditions>
										<condition number="0" type="jump" coverage="0%"/>
									</conditions>
								</line>
								<line number="92" hits="0" branch="true" condition-coverage="0% (0/2)">
									<conditions>
										<condition number="0" type="jump" coverage="0%"/>
									</conditions>
								</line>
							</lines>
						</method>
						<method name="isbn10CheckDigit" signature="(Ljava/lang/CharSequence;)I" line-rate="0.0" branch-rate="0.0" complexity="0">
							<lines>
								<line number="122" hits="0" branch="false"/>
								<line number="123" hits="0" branch="false"/>
								<line number="124" hits="0" branch="true" condition-coverage="0% (0/2)">
									<conditions>
										<condition number="0" type="jump" coverage="0%"/>
									</conditions>
								</line>
								<line number="125" hits="0" branch="false"/>
								<line number="127" hits="0" branch="false"/>
							</lines>
						</method>
						<method name="isbn13" signature="()Ljava/lang/String;" line-rate="1.0" branch-rate="1.0" complexity="0">
							<lines>
								<line number="99" hits="2" branch="false"/>
							</lines>
						</method>
						<method name="isbn13" signature="(Z)Ljava/lang/String;" line-rate="0.2" branch-rate="0.0" complexity="0">
							<lines>
								<line number="108" hits="4" branch="false"/>
								<line number="109" hits="4" branch="false"/>
								<line number="110" hits="0" branch="false"/>
								<line number="111" hits="0" branch="false"/>
								<line number="112" hits="0" branch="false"/>
								<line number="113" hits="0" branch="false"/>
								<line number="114" hits="0" branch="false"/>
								<line number="116" hits="0" branch="false"/>
								<line number="117" hits="0" branch="false"/>
								<line number="118" hits="0" branch="true" condition-coverage="0% (0/2)">
									<conditions>
										<condition number="0" type="jump" coverage="0%"/>
									</conditions>
								</line>
							</lines>
						</method>
						<method name="isbn13CheckDigit" signature="(Ljava/lang/CharSequence;)I" line-rate="0.0" branch-rate="0.0" complexity="0">
							<lines>
								<line number="131" hits="0" branch="false"/>
								<line number="132" hits="0" branch="false"/>
								<line number="133" hits="0" branch="false"/>
								<line number="134" hits="0" branch="true" condition-coverage="0% (0/2)">
									<conditions>
										<condition number="0" type="jump" coverage="0%"/>
									</conditions>
								</line>
								<line number="135" hits="0" branch="true" condition-coverage="0% (0/2)">
									<conditions>
										<condition number="0" type="jump" coverage="0%"/>
									</conditions>
								</line>
								<line number="136" hits="0" branch="false"/>
								<line number="139" hits="0" branch="false"/>
							</lines>
						</method>
						<method name="isbnGroup" signature="()Ljava/lang/String;" line-rate="1.0" branch-rate="1.0" complexity="0">
							<lines>
								<line number="39" hits="2" branch="false"/>
							</lines>
						</method>
						<method name="isbnGs1" signature="()Ljava/lang/String;" line-rate="1.0" branch-rate="1.0" complexity="0">
							<lines>
								<line number="27" hits="2" branch="false"/>
							</lines>
						</method>
						<method name="isbnRegistrant" signature="()Ljava/lang/String;" line-rate="0.8888888888888888" branch-rate="0.8571428571428571" complexity="0">
							<lines>
								<line number="52" hits="8" branch="false"/>
								<line number="53" hits="7" branch="true" condition-coverage="85% (6/7)">
									<conditions>
										<condition number="0" type="switch" coverage="85%"/>
									</conditions>
								</line>
								<line number="55" hits="1" branch="false"/>
								<line number="57" hits="1" branch="false"/>
								<line number="59" hits="1" branch="false"/>
								<line number="61" hits="2" branch="false"/>
								<line number="63" hits="1" branch="false"/>
								<line number="65" hits="1" branch="false"/>
								<line number="67" hits="0" branch="false"/>
							</lines>
						</method>
						<method name="stripIsbnSeparator" signature="(Ljava/lang/CharSequence;)Ljava/lang/String;" line-rate="0.0" branch-rate="1.0" complexity="0">
							<lines>
								<line number="143" hits="0" branch="false"/>
							</lines>
						</method>
					</methods>
					<lines>
						<line number="13" hits="1240" branch="false"/>
						<line number="14" hits="1240" branch="false"/>
						<line number="15" hits="1240" branch="false"/>
						<line number="27" hits="2" branch="false"/>
						<line number="39" hits="2" branch="false"/>
						<line number="52" hits="8" branch="false"/>
						<line number="53" hits="7" branch="true" condition-coverage="85% (6/7)">
							<conditions>
								<condition number="0" type="switch" coverage="85%"/>
							</conditions>
						</line>
						<line number="55" hits="1" branch="false"/>
						<line number="57" hits="1" branch="false"/>
						<line number="59" hits="1" branch="false"/>
						<line number="61" hits="2" branch="false"/>
						<line number="63" hits="1" branch="false"/>
						<line number="65" hits="1" branch="false"/>
						<line number="67" hits="0" branch="false"/>
						<line number="75" hits="2" branch="false"/>
						<line number="84" hits="4" branch="false"/>
						<line number="85" hits="4" branch="false"/>
						<line number="86" hits="0" branch="false"/>
						<line number="87" hits="0" branch="false"/>
						<line number="88" hits="0" branch="false"/>
						<line number="90" hits="0" branch="false"/>
						<line number="91" hits="0" branch="true" condition-coverage="0% (0/2)">
							<conditions>
								<condition number="0" type="jump" coverage="0%"/>
							</conditions>
						</line>
						<line number="92" hits="0" branch="true" condition-coverage="0% (0/2)">
							<conditions>
								<condition number="0" type="jump" coverage="0%"/>
							</conditions>
						</line>
						<line number="99" hits="2" branch="false"/>
						<line number="108" hits="4" branch="false"/>
						<line number="109" hits="4" branch="false"/>
						<line number="110" hits="0" branch="false"/>
						<line number="111" hits="0" branch="false"/>
						<line number="112" hits="0" branch="false"/>
						<line number="113" hits="0" branch="false"/>
						<line number="114" hits="0" branch="false"/>
						<line number="116" hits="0" branch="false"/>
						<line number="117" hits="0" branch="false"/>
						<line number="118" hits="0" branch="true" condition-coverage="0% (0/2)">
							<conditions>
								<condition number="0" type="jump" coverage="0%"/>
							</conditions>
						</line>
						<line number="122" hits="0" branch="false"/>
						<line number="123" hits="0" branch="false"/>
						<line number="124" hits="0" branch="true" condition-coverage="0% (0/2)">
							<conditions>
								<condition number="0" type="jump" coverage="0%"/>
							</conditions>
						</line>
						<line number="125" hits="0" branch="false"/>
						<line number="127" hits="0" branch="false"/>
						<line number="131" hits="0" branch="false"/>
						<line number="132" hits="0" branch="false"/>
						<line number="133" hits="0" branch="false"/>
						<line number="134" hits="0" branch="true" condition-coverage="0% (0/2)">
							<conditions>
								<condition number="0" type="jump" coverage="0%"/>
							</conditions>
						</line>
						<line number="135" hits="0" branch="true" condition-coverage="0% (0/2)">
							<conditions>
								<condition number="0" type="jump" coverage="0%"/>
							</conditions>
						</line>
						<line number="136" hits="0" branch="false"/>
						<line number="139" hits="0" branch="false"/>
						<line number="143" hits="0" branch="false"/>
						<line number="147" hits="2" branch="false"/>
						<line number="151" hits="2" branch="false"/>
						<line number="152" hits="2" branch="false"/>
						<line number="155" hits="2" branch="false"/>
						<line number="156" hits="1" branch="false"/>
						<line number="157" hits="1" branch="false"/>
						<line number="160" hits="13" branch="true" condition-coverage="100% (2/2)">
							<conditions>
								<condition number="0" type="jump" coverage="100%"/>
							</conditions>
						</line>
						<line number="161" hits="12" branch="false"/>
						<line number="165" hits="1" branch="false"/>
						<line number="166" hits="1" branch="false"/>
						<line number="167" hits="1" branch="false"/>
						<line number="168" hits="15" branch="true" condition-coverage="100% (2/2)">
							<conditions>
								<condition number="0" type="jump" coverage="100%"/>
							</conditions>
						</line>
						<line number="169" hits="14" branch="true" condition-coverage="100% (2/2)">
							<conditions>
								<condition number="0" type="jump" coverage="100%"/>
							</conditions>
						</line>
						<line number="170" hits="7" branch="false"/>
						<line number="172" hits="7" branch="true" condition-coverage="100% (2/2)">
							<conditions>
								<condition number="0" type="jump" coverage="100%"/>
							</conditions>
						</line>
						<line number="173" hits="2" branch="false"/>
						<line number="176" hits="7" branch="false"/>
						<line number="178" hits="7" branch="false"/>
						<line number="183" hits="1" branch="false"/>
						<line number="185" hits="1" branch="false"/>
						<line number="188" hits="1221" branch="false"/>
						<line number="192" hits="2" branch="false"/>
						<line number="196" hits="4" branch="false"/>
						<line number="197" hits="2" branch="false"/>
						<line number="198" hits="16" branch="true" condition-coverage="100% (2/2)">
							<conditions>
								<condition number="0" type="jump" coverage="100%"/>
							</conditions>
						</line>
						<line number="199" hits="14" branch="false"/>
						<line number="201" hits="2" branch="false"/>
						<line number="202" hits="2" branch="true" condition-coverage="50% (1/2)">
							<conditions>
								<condition number="0" type="jump" coverage="50%"/>
							</conditions>
						</line>
						<line number="203" hits="0" branch="false"/>
						<line number="205" hits="2" branch="false"/>
						<line number="210" hits="2" branch="false"/>
						<line number="214" hits="4" branch="false"/>
						<line number="215" hits="2" branch="false"/>
						<line number="216" hits="26" branch="true" condition-coverage="100% (2/2)">
							<conditions>
								<condition number="0" type="jump" coverage="100%"/>
							</conditions>
						</line>
						<line number="217" hits="24" branch="false"/>
						<line number="219" hits="2" branch="false"/>
						<line number="220" hits="2" branch="true" condition-coverage="50% (1/2)">
							<conditions>
								<condition number="0" type="jump" coverage="50%"/>
							</conditions>
						</line>
						<line number="221" hits="0" branch="false"/>
						<line number="223" hits="2" branch="false"/>
						<line number="227" hits="1221" branch="false"/>
						<line number="228" hits="1221" branch="false"/>
					</lines>
				</class>
				<class name="com.github.javafaker.Coin" filename="com/github/javafaker/Coin.java" line-rate="1.0" branch-rate="1.0" complexity="1.0">
					<methods>
						<method name="&lt;init&gt;" signature="(Lcom/github/javafaker/Faker;)V" line-rate="1.0" branch-rate="1.0" complexity="0">
							<lines>
								<line number="7" hits="1225" branch="false"/>
								<line number="8" hits="1225" branch="false"/>
								<line number="9" hits="1225" branch="false"/>
							</lines>
						</method>
						<method name="flip" signature="()Ljava/lang/String;" line-rate="1.0" branch-rate="1.0" complexity="0">
							<lines>
								<line number="15" hits="2" branch="false"/>
							</lines>
						</method>
					</methods>
					<lines>
						<line number="7" hits="1225" branch="false"/>
						<line number="8" hits="1225" branch="false"/>
						<line number="9" hits="1225" branch="false"/>
						<line number="15" hits="2" branch="false"/>
					</lines>
				</class>
				<class name="com.github.javafaker.Color" filename="com/github/javafaker/Color.java" line-rate="1.0" branch-rate="1.0" complexity="1.5">
					<methods>
						<method name="&lt;init&gt;" signature="(Lcom/github/javafaker/Faker;)V" line-rate="1.0" branch-rate="1.0" complexity="0">
							<lines>
								<line number="6" hits="1230" branch="false"/>
								<line number="7" hits="1230" branch="false"/>
								<line number="8" hits="1230" branch="false"/>
							</lines>
						</method>
						<method name="hex" signature="()Ljava/lang/String;" line-rate="1.0" branch-rate="1.0" complexity="0">
							<lines>
								<line number="15" hits="2" branch="false"/>
							</lines>
						</method>
						<method name="hex" signature="(Z)Ljava/lang/String;" line-rate="1.0" branch-rate="1.0" complexity="0">
							<lines>
								<line number="19" hits="5" branch="false"/>
								<line number="20" hits="3" branch="true" condition-coverage="100% (2/2)">
									<conditions>
										<condition number="0" type="jump" coverage="100%"/>
									</conditions>
								</line>
								<line number="21" hits="2" branch="false"/>
								<line number="22" hits="1" branch="false"/>
							</lines>
						</method>
						<method name="name" signature="()Ljava/lang/String;" line-rate="1.0" branch-rate="1.0" complexity="0">
							<lines>
								<line number="11" hits="2" branch="false"/>
							</lines>
						</method>
					</methods>
					<lines>
						<line number="6" hits="1230" branch="false"/>
						<line number="7" hits="1230" branch="false"/>
						<line number="8" hits="1230" branch="false"/>
						<line number="11" hits="2" branch="false"/>
						<line number="15" hits="2" branch="false"/>
						<line number="19" hits="5" branch="false"/>
						<line number="20" hits="3" branch="true" condition-coverage="100% (2/2)">
							<conditions>
								<condition number="0" type="jump" coverage="100%"/>
							</conditions>
						</line>
						<line number="21" hits="2" branch="false"/>
						<line number="22" hits="1" branch="false"/>
					</lines>
				</class>
				<class name="com.github.javafaker.Commerce" filename="com/github/javafaker/Commerce.java" line-rate="0.9166666666666666" branch-rate="0.75" complexity="1.3333333333333333">
					<methods>
						<method name="&lt;init&gt;" signature="(Lcom/github/javafaker/Faker;)V" line-rate="1.0" branch-rate="1.0" complexity="0">
							<lines>
								<line number="12" hits="1237" branch="false"/>
								<line number="13" hits="1237" branch="false"/>
								<line number="14" hits="1237" branch="false"/>
							</lines>
						</method>
						<method name="color" signature="()Ljava/lang/String;" line-rate="1.0" branch-rate="1.0" complexity="0">
							<lines>
								<line number="17" hits="2" branch="false"/>
							</lines>
						</method>
						<method name="department" signature="()Ljava/lang/String;" line-rate="0.75" branch-rate="0.75" complexity="0">
							<lines>
								<line number="21" hits="2" branch="false"/>
								<line number="22" hits="1" branch="false"/>
								<line number="23" hits="2" branch="true" condition-coverage="100% (2/2)">
									<conditions>
										<condition number="0" type="jump" coverage="100%"/>
									</conditions>
								</line>
								<line number="24" hits="1" branch="false"/>
								<line number="26" hits="1" branch="true" condition-coverage="50% (1/2)">
									<conditions>
										<condition number="0" type="jump" coverage="50%"/>
									</conditions>
								</line>
								<line number="27" hits="0" branch="false"/>
								<line number="28" hits="0" branch="false"/>
								<line number="30" hits="1" branch="false"/>
							</lines>
						</method>
						<method name="material" signature="()Ljava/lang/String;" line-rate="1.0" branch-rate="1.0" complexity="0">
							<lines>
								<line number="42" hits="2" branch="false"/>
							</lines>
						</method>
						<method name="price" signature="()Ljava/lang/String;" line-rate="1.0" branch-rate="1.0" complexity="0">
							<lines>
								<line number="49" hits="2" branch="false"/>
							</lines>
						</method>
						<method name="price" signature="(DD)Ljava/lang/String;" line-rate="1.0" branch-rate="1.0" complexity="0">
							<lines>
								<line number="53" hits="5" branch="false"/>
								<line number="54" hits="3" branch="false"/>
							</lines>
						</method>
						<method name="productName" signature="()Ljava/lang/String;" line-rate="1.0" branch-rate="1.0" complexity="0">
							<lines>
								<line number="35" hits="3" branch="false"/>
								<line number="36" hits="2" branch="false"/>
								<line number="37" hits="1" branch="false"/>
								<line number="38" hits="1" branch="false"/>
							</lines>
						</method>
						<method name="promotionCode" signature="()Ljava/lang/String;" line-rate="1.0" branch-rate="1.0" complexity="0">
							<lines>
								<line number="58" hits="2" branch="false"/>
							</lines>
						</method>
						<method name="promotionCode" signature="(I)Ljava/lang/String;" line-rate="1.0" branch-rate="1.0" complexity="0">
							<lines>
								<line number="62" hits="6" branch="false"/>
								<line number="63" hits="2" branch="false"/>
								<line number="64" hits="2" branch="false"/>
							</lines>
						</method>
					</methods>
					<lines>
						<line number="12" hits="1237" branch="false"/>
						<line number="13" hits="1237" branch="false"/>
						<line number="14" hits="1237" branch="false"/>
						<line number="17" hits="2" branch="false"/>
						<line number="21" hits="2" branch="false"/>
						<line number="22" hits="1" branch="false"/>
						<line number="23" hits="2" branch="true" condition-coverage="100% (2/2)">
							<conditions>
								<condition number="0" type="jump" coverage="100%"/>
							</conditions>
						</line>
						<line number="24" hits="1" branch="false"/>
						<line number="26" hits="1" branch="true" condition-coverage="50% (1/2)">
							<conditions>
								<condition number="0" type="jump" coverage="50%"/>
							</conditions>
						</line>
						<line number="27" hits="0" branch="false"/>
						<line number="28" hits="0" branch="false"/>
						<line number="30" hits="1" branch="false"/>
						<line number="35" hits="3" branch="false"/>
						<line number="36" hits="2" branch="false"/>
						<line number="37" hits="1" branch="false"/>
						<line number="38" hits="1" branch="false"/>
						<line number="42" hits="2" branch="false"/>
						<line number="49" hits="2" branch="false"/>
						<line number="53" hits="5" branch="false"/>
						<line number="54" hits="3" branch="false"/>
						<line number="58" hits="2" branch="false"/>
						<line number="62" hits="6" branch="false"/>
						<line number="63" hits="2" branch="false"/>
						<line number="64" hits="2" branch="false"/>
					</lines>
				</class>
				<class name="com.github.javafaker.Company" filename="com/github/javafaker/Company.java" line-rate="0.5172413793103449" branch-rate="0.0" complexity="1.1538461538461537">
					<methods>
						<method name="&lt;init&gt;" signature="(Lcom/github/javafaker/Faker;)V" line-rate="1.0" branch-rate="1.0" complexity="0">
							<lines>
								<line number="15" hits="1233" branch="false"/>
								<line number="16" hits="1233" branch="false"/>
								<line number="17" hits="1233" branch="false"/>
							</lines>
						</method>
						<method name="bs" signature="()Ljava/lang/String;" line-rate="0.5" branch-rate="1.0" complexity="0">
							<lines>
								<line number="59" hits="2" branch="false"/>
								<line number="60" hits="0" branch="false"/>
							</lines>
						</method>
						<method name="buzzword" signature="()Ljava/lang/String;" line-rate="0.16666666666666666" branch-rate="0.0" complexity="0">
							<lines>
								<line number="37" hits="2" branch="false"/>
								<line number="38" hits="0" branch="false"/>
								<line number="39" hits="0" branch="true" condition-coverage="0% (0/2)">
									<conditions>
										<condition number="0" type="jump" coverage="0%"/>
									</conditions>
								</line>
								<line number="40" hits="0" branch="false"/>
								<line number="41" hits="0" branch="false"/>
								<line number="42" hits="0" branch="false"/>
							</lines>
						</method>
						<method name="catchPhrase" signature="()Ljava/lang/String;" line-rate="0.5" branch-rate="1.0" complexity="0">
							<lines>
								<line number="50" hits="2" branch="false"/>
								<line number="51" hits="0" branch="false"/>
							</lines>
						</method>
						<method name="domainName" signature="()Ljava/lang/String;" line-rate="1.0" branch-rate="1.0" complexity="0">
							<lines>
								<line number="82" hits="2" branch="false"/>
							</lines>
						</method>
						<method name="domainSuffix" signature="()Ljava/lang/String;" line-rate="0.0" branch-rate="1.0" complexity="0">
							<lines>
								<line number="86" hits="0" branch="false"/>
							</lines>
						</method>
						<method name="industry" signature="()Ljava/lang/String;" line-rate="1.0" branch-rate="1.0" complexity="0">
							<lines>
								<line number="28" hits="2" branch="false"/>
							</lines>
						</method>
						<method name="joinSampleOfEachList" signature="(Ljava/util/List;Ljava/lang/String;)Ljava/lang/String;" line-rate="0.0" branch-rate="0.0" complexity="0">
							<lines>
								<line number="90" hits="0" branch="false"/>
								<line number="91" hits="0" branch="true" condition-coverage="0% (0/2)">
									<conditions>
										<condition number="0" type="jump" coverage="0%"/>
									</conditions>
								</line>
								<line number="92" hits="0" branch="false"/>
								<line number="93" hits="0" branch="false"/>
								<line number="94" hits="0" branch="false"/>
							</lines>
						</method>
						<method name="logo" signature="()Ljava/lang/String;" line-rate="1.0" branch-rate="1.0" complexity="0">
							<lines>
								<line number="67" hits="2" branch="false"/>
								<line number="68" hits="1" branch="false"/>
							</lines>
						</method>
						<method name="name" signature="()Ljava/lang/String;" line-rate="1.0" branch-rate="1.0" complexity="0">
							<lines>
								<line number="20" hits="4" branch="false"/>
							</lines>
						</method>
						<method name="profession" signature="()Ljava/lang/String;" line-rate="1.0" branch-rate="1.0" complexity="0">
							<lines>
								<line number="32" hits="2" branch="false"/>
							</lines>
						</method>
						<method name="suffix" signature="()Ljava/lang/String;" line-rate="1.0" branch-rate="1.0" complexity="0">
							<lines>
								<line number="24" hits="2" branch="false"/>
							</lines>
						</method>
						<method name="url" signature="()Ljava/lang/String;" line-rate="0.6666666666666666" branch-rate="1.0" complexity="0">
							<lines>
								<line number="72" hits="2" branch="false"/>
								<line number="75" hits="2" branch="false"/>
								<line number="77" hits="0" branch="false"/>
							</lines>
						</method>
					</methods>
					<lines>
						<line number="15" hits="1233" branch="false"/>
						<line number="16" hits="1233" branch="false"/>
						<line number="17" hits="1233" branch="false"/>
						<line number="20" hits="4" branch="false"/>
						<line number="24" hits="2" branch="false"/>
						<line number="28" hits="2" branch="false"/>
						<line number="32" hits="2" branch="false"/>
						<line number="37" hits="2" branch="false"/>
						<line number="38" hits="0" branch="false"/>
						<line number="39" hits="0" branch="true" condition-coverage="0% (0/2)">
							<conditions>
								<condition number="0" type="jump" coverage="0%"/>
							</conditions>
						</line>
						<line number="40" hits="0" branch="false"/>
						<line number="41" hits="0" branch="false"/>
						<line number="42" hits="0" branch="false"/>
						<line number="50" hits="2" branch="false"/>
						<line number="51" hits="0" branch="false"/>
						<line number="59" hits="2" branch="false"/>
						<line number="60" hits="0" branch="false"/>
						<line number="67" hits="2" branch="false"/>
						<line number="68" hits="1" branch="false"/>
						<line number="72" hits="2" branch="false"/>
						<line number="75" hits="2" branch="false"/>
						<line number="77" hits="0" branch="false"/>
						<line number="82" hits="2" branch="false"/>
						<line number="86" hits="0" branch="false"/>
						<line number="90" hits="0" branch="false"/>
						<line number="91" hits="0" branch="true" condition-coverage="0% (0/2)">
							<conditions>
								<condition number="0" type="jump" coverage="0%"/>
							</conditions>
						</line>
						<line number="92" hits="0" branch="false"/>
						<line number="93" hits="0" branch="false"/>
						<line number="94" hits="0" branch="false"/>
					</lines>
				</class>
				<class name="com.github.javafaker.Country" filename="com/github/javafaker/Country.java" line-rate="1.0" branch-rate="1.0" complexity="1.0">
					<methods>
						<method name="&lt;init&gt;" signature="(Lcom/github/javafaker/Faker;)V" line-rate="1.0" branch-rate="1.0" complexity="0">
							<lines>
								<line number="7" hits="1234" branch="false"/>
								<line number="8" hits="1234" branch="false"/>
								<line number="9" hits="1234" branch="false"/>
								<line number="10" hits="1234" branch="false"/>
							</lines>
						</method>
						<method name="capital" signature="()Ljava/lang/String;" line-rate="1.0" branch-rate="1.0" complexity="0">
							<lines>
								<line number="25" hits="2" branch="false"/>
							</lines>
						</method>
						<method name="countryCode2" signature="()Ljava/lang/String;" line-rate="1.0" branch-rate="1.0" complexity="0">
							<lines>
								<line number="17" hits="2" branch="false"/>
							</lines>
						</method>
						<method name="countryCode3" signature="()Ljava/lang/String;" line-rate="1.0" branch-rate="1.0" complexity="0">
							<lines>
								<line number="21" hits="2" branch="false"/>
							</lines>
						</method>
						<method name="currency" signature="()Ljava/lang/String;" line-rate="1.0" branch-rate="1.0" complexity="0">
							<lines>
								<line number="29" hits="2" branch="false"/>
							</lines>
						</method>
						<method name="currencyCode" signature="()Ljava/lang/String;" line-rate="1.0" branch-rate="1.0" complexity="0">
							<lines>
								<line number="33" hits="2" branch="false"/>
							</lines>
						</method>
						<method name="flag" signature="()Ljava/lang/String;" line-rate="1.0" branch-rate="1.0" complexity="0">
							<lines>
								<line number="13" hits="2" branch="false"/>
							</lines>
						</method>
						<method name="name" signature="()Ljava/lang/String;" line-rate="1.0" branch-rate="1.0" complexity="0">
							<lines>
								<line number="37" hits="2" branch="false"/>
							</lines>
						</method>
					</methods>
					<lines>
						<line number="7" hits="1234" branch="false"/>
						<line number="8" hits="1234" branch="false"/>
						<line number="9" hits="1234" branch="false"/>
						<line number="10" hits="1234" branch="false"/>
						<line number="13" hits="2" branch="false"/>
						<line number="17" hits="2" branch="false"/>
						<line number="21" hits="2" branch="false"/>
						<line number="25" hits="2" branch="false"/>
						<line number="29" hits="2" branch="false"/>
						<line number="33" hits="2" branch="false"/>
						<line number="37" hits="2" branch="false"/>
					</lines>
				</class>
				<class name="com.github.javafaker.CreditCardType" filename="com/github/javafaker/CreditCardType.java" line-rate="1.0" branch-rate="1.0" complexity="0.0">
					<methods>
						<method name="&lt;clinit&gt;" signature="()V" line-rate="1.0" branch-rate="1.0" complexity="0">
							<lines>
								<line number="3" hits="147" branch="false"/>
								<line number="4" hits="12" branch="false"/>
								<line number="5" hits="12" branch="false"/>
								<line number="6" hits="12" branch="false"/>
								<line number="7" hits="12" branch="false"/>
								<line number="8" hits="12" branch="false"/>
								<line number="9" hits="12" branch="false"/>
								<line number="10" hits="12" branch="false"/>
								<line number="11" hits="12" branch="false"/>
								<line number="12" hits="12" branch="false"/>
								<line number="13" hits="12" branch="false"/>
								<line number="14" hits="12" branch="false"/>
							</lines>
						</method>
						<method name="&lt;init&gt;" signature="(Ljava/lang/String;I)V" line-rate="1.0" branch-rate="1.0" complexity="0">
							<lines>
							</lines>
						</method>
						<method name="valueOf" signature="(Ljava/lang/String;)Lcom/github/javafaker/CreditCardType;" line-rate="1.0" branch-rate="1.0" complexity="0">
							<lines>
							</lines>
						</method>
						<method name="values" signature="()[Lcom/github/javafaker/CreditCardType;" line-rate="1.0" branch-rate="1.0" complexity="0">
							<lines>
							</lines>
						</method>
					</methods>
					<lines>
						<line number="3" hits="147" branch="false"/>
						<line number="4" hits="12" branch="false"/>
						<line number="5" hits="12" branch="false"/>
						<line number="6" hits="12" branch="false"/>
						<line number="7" hits="12" branch="false"/>
						<line number="8" hits="12" branch="false"/>
						<line number="9" hits="12" branch="false"/>
						<line number="10" hits="12" branch="false"/>
						<line number="11" hits="12" branch="false"/>
						<line number="12" hits="12" branch="false"/>
						<line number="13" hits="12" branch="false"/>
						<line number="14" hits="12" branch="false"/>
					</lines>
				</class>
				<class name="com.github.javafaker.Crypto" filename="com/github/javafaker/Crypto.java" line-rate="0.8461538461538461" branch-rate="1.0" complexity="1.5">
					<methods>
						<method name="&lt;init&gt;" signature="(Lcom/github/javafaker/Faker;)V" line-rate="1.0" branch-rate="1.0" complexity="0">
							<lines>
								<line number="10" hits="1231" branch="false"/>
								<line number="11" hits="1231" branch="false"/>
								<line number="12" hits="1231" branch="false"/>
							</lines>
						</method>
						<method name="generateString" signature="(Ljava/lang/String;)Ljava/lang/String;" line-rate="0.6666666666666666" branch-rate="1.0" complexity="0">
							<lines>
								<line number="32" hits="8" branch="false"/>
								<line number="33" hits="8" branch="false"/>
								<line number="34" hits="4" branch="false"/>
								<line number="35" hits="4" branch="false"/>
								<line number="36" hits="0" branch="false"/>
								<line number="37" hits="0" branch="false"/>
							</lines>
						</method>
						<method name="md5" signature="()Ljava/lang/String;" line-rate="1.0" branch-rate="1.0" complexity="0">
							<lines>
								<line number="15" hits="2" branch="false"/>
							</lines>
						</method>
						<method name="sha1" signature="()Ljava/lang/String;" line-rate="1.0" branch-rate="1.0" complexity="0">
							<lines>
								<line number="19" hits="2" branch="false"/>
							</lines>
						</method>
						<method name="sha256" signature="()Ljava/lang/String;" line-rate="1.0" branch-rate="1.0" complexity="0">
							<lines>
								<line number="23" hits="2" branch="false"/>
							</lines>
						</method>
						<method name="sha512" signature="()Ljava/lang/String;" line-rate="1.0" branch-rate="1.0" complexity="0">
							<lines>
								<line number="27" hits="2" branch="false"/>
							</lines>
						</method>
					</methods>
					<lines>
						<line number="10" hits="1231" branch="false"/>
						<line number="11" hits="1231" branch="false"/>
						<line number="12" hits="1231" branch="false"/>
						<line number="15" hits="2" branch="false"/>
						<line number="19" hits="2" branch="false"/>
						<line number="23" hits="2" branch="false"/>
						<line number="27" hits="2" branch="false"/>
						<line number="32" hits="8" branch="false"/>
						<line number="33" hits="8" branch="false"/>
						<line number="34" hits="4" branch="false"/>
						<line number="35" hits="4" branch="false"/>
						<line number="36" hits="0" branch="false"/>
						<line number="37" hits="0" branch="false"/>
					</lines>
				</class>
				<class name="com.github.javafaker.Currency" filename="com/github/javafaker/Currency.java" line-rate="1.0" branch-rate="1.0" complexity="1.0">
					<methods>
						<method name="&lt;init&gt;" signature="(Lcom/github/javafaker/Faker;)V" line-rate="1.0" branch-rate="1.0" complexity="0">
							<lines>
								<line number="7" hits="1226" branch="false"/>
								<line number="8" hits="1226" branch="false"/>
								<line number="9" hits="1226" branch="false"/>
							</lines>
						</method>
						<method name="code" signature="()Ljava/lang/String;" line-rate="1.0" branch-rate="1.0" complexity="0">
							<lines>
								<line number="16" hits="2" branch="false"/>
							</lines>
						</method>
						<method name="name" signature="()Ljava/lang/String;" line-rate="1.0" branch-rate="1.0" complexity="0">
							<lines>
								<line number="12" hits="2" branch="false"/>
							</lines>
						</method>
					</methods>
					<lines>
						<line number="7" hits="1226" branch="false"/>
						<line number="8" hits="1226" branch="false"/>
						<line number="9" hits="1226" branch="false"/>
						<line number="12" hits="2" branch="false"/>
						<line number="16" hits="2" branch="false"/>
					</lines>
				</class>
				<class name="com.github.javafaker.DateAndTime" filename="com/github/javafaker/DateAndTime.java" line-rate="1.0" branch-rate="1.0" complexity="1.4">
					<methods>
						<method name="&lt;init&gt;" signature="(Lcom/github/javafaker/Faker;)V" line-rate="1.0" branch-rate="1.0" complexity="0">
							<lines>
								<line number="23" hits="1241" branch="false"/>
								<line number="24" hits="1241" branch="false"/>
								<line number="25" hits="1241" branch="false"/>
							</lines>
						</method>
						<method name="between" signature="(Ljava/util/Date;Ljava/util/Date;)Ljava/util/Date;" line-rate="1.0" branch-rate="1.0" complexity="0">
							<lines>
								<line number="143" hits="8" branch="true" condition-coverage="100% (2/2)">
									<conditions>
										<condition number="0" type="jump" coverage="100%"/>
									</conditions>
								</line>
								<line number="144" hits="1" branch="false"/>
								<line number="147" hits="6" branch="true" condition-coverage="100% (2/2)">
									<conditions>
										<condition number="0" type="jump" coverage="100%"/>
									</conditions>
								</line>
								<line number="148" hits="4" branch="false"/>
								<line number="151" hits="2" branch="false"/>
								<line number="152" hits="2" branch="false"/>
							</lines>
						</method>
						<method name="birthday" signature="()Ljava/util/Date;" line-rate="1.0" branch-rate="1.0" complexity="0">
							<lines>
								<line number="161" hits="2" branch="false"/>
							</lines>
						</method>
						<method name="birthday" signature="(II)Ljava/util/Date;" line-rate="1.0" branch-rate="1.0" complexity="0">
							<lines>
								<line number="176" hits="3" branch="false"/>
								<line number="177" hits="3" branch="false"/>
								<line number="178" hits="3" branch="false"/>
								<line number="179" hits="3" branch="false"/>
								<line number="180" hits="3" branch="false"/>
								<line number="182" hits="3" branch="false"/>
							</lines>
						</method>
						<method name="future" signature="(IILjava/util/concurrent/TimeUnit;)Ljava/util/Date;" line-rate="1.0" branch-rate="1.0" complexity="0">
							<lines>
								<line number="54" hits="3" branch="false"/>
								<line number="55" hits="3" branch="false"/>
								<line number="56" hits="3" branch="false"/>
							</lines>
						</method>
						<method name="future" signature="(ILjava/util/concurrent/TimeUnit;)Ljava/util/Date;" line-rate="1.0" branch-rate="1.0" complexity="0">
							<lines>
								<line number="37" hits="3" branch="false"/>
								<line number="38" hits="3" branch="false"/>
								<line number="39" hits="3" branch="false"/>
							</lines>
						</method>
						<method name="future" signature="(ILjava/util/concurrent/TimeUnit;Ljava/util/Date;)Ljava/util/Date;" line-rate="1.0" branch-rate="1.0" complexity="0">
							<lines>
								<line number="71" hits="9" branch="false"/>
								<line number="73" hits="9" branch="false"/>
								<line number="74" hits="8" branch="false"/>
								<line number="76" hits="3" branch="false"/>
							</lines>
						</method>
						<method name="past" signature="(IILjava/util/concurrent/TimeUnit;)Ljava/util/Date;" line-rate="1.0" branch-rate="1.0" complexity="0">
							<lines>
								<line number="106" hits="3" branch="false"/>
								<line number="107" hits="3" branch="false"/>
								<line number="108" hits="3" branch="false"/>
							</lines>
						</method>
						<method name="past" signature="(ILjava/util/concurrent/TimeUnit;)Ljava/util/Date;" line-rate="1.0" branch-rate="1.0" complexity="0">
							<lines>
								<line number="89" hits="5" branch="false"/>
								<line number="90" hits="5" branch="false"/>
								<line number="91" hits="5" branch="false"/>
							</lines>
						</method>
						<method name="past" signature="(ILjava/util/concurrent/TimeUnit;Ljava/util/Date;)Ljava/util/Date;" line-rate="1.0" branch-rate="1.0" complexity="0">
							<lines>
								<line number="123" hits="11" branch="false"/>
								<line number="125" hits="11" branch="false"/>
								<line number="126" hits="10" branch="false"/>
								<line number="128" hits="5" branch="false"/>
							</lines>
						</method>
					</methods>
					<lines>
						<line number="23" hits="1241" branch="false"/>
						<line number="24" hits="1241" branch="false"/>
						<line number="25" hits="1241" branch="false"/>
						<line number="37" hits="3" branch="false"/>
						<line number="38" hits="3" branch="false"/>
						<line number="39" hits="3" branch="false"/>
						<line number="54" hits="3" branch="false"/>
						<line number="55" hits="3" branch="false"/>
						<line number="56" hits="3" branch="false"/>
						<line number="71" hits="9" branch="false"/>
						<line number="73" hits="9" branch="false"/>
						<line number="74" hits="8" branch="false"/>
						<line number="76" hits="3" branch="false"/>
						<line number="89" hits="5" branch="false"/>
						<line number="90" hits="5" branch="false"/>
						<line number="91" hits="5" branch="false"/>
						<line number="106" hits="3" branch="false"/>
						<line number="107" hits="3" branch="false"/>
						<line number="108" hits="3" branch="false"/>
						<line number="123" hits="11" branch="false"/>
						<line number="125" hits="11" branch="false"/>
						<line number="126" hits="10" branch="false"/>
						<line number="128" hits="5" branch="false"/>
						<line number="143" hits="8" branch="true" condition-coverage="100% (2/2)">
							<conditions>
								<condition number="0" type="jump" coverage="100%"/>
							</conditions>
						</line>
						<line number="144" hits="1" branch="false"/>
						<line number="147" hits="6" branch="true" condition-coverage="100% (2/2)">
							<conditions>
								<condition number="0" type="jump" coverage="100%"/>
							</conditions>
						</line>
						<line number="148" hits="4" branch="false"/>
						<line number="151" hits="2" branch="false"/>
						<line number="152" hits="2" branch="false"/>
						<line number="161" hits="2" branch="false"/>
[...]
						<line number="439" hits="0" branch="false"/>
						<line number="443" hits="37" branch="false"/>
						<line number="450" hits="3" branch="false"/>
						<line number="457" hits="12" branch="false"/>
						<line number="458" hits="6" branch="false"/>
						<line number="459" hits="6" branch="false"/>
						<line number="469" hits="3" branch="true" condition-coverage="50% (1/2)">
							<conditions>
								<condition number="0" type="jump" coverage="50%"/>
							</conditions>
						</line>
						<line number="470" hits="0" branch="false"/>
						<line number="473" hits="3" branch="false"/>
						<line number="474" hits="6" branch="true" condition-coverage="50% (1/2)">
							<conditions>
								<condition number="0" type="jump" coverage="50%"/>
							</conditions>
						</line>
						<line number="476" hits="3" branch="false"/>
						<line number="477" hits="0" branch="false"/>
						<line number="478" hits="0" branch="false"/>
						<line number="479" hits="0" branch="false"/>
						<line number="490" hits="4" branch="false"/>
						<line number="493" hits="4" branch="false"/>
						<line number="494" hits="4" branch="false"/>
						<line number="495" hits="4" branch="true" condition-coverage="50% (1/2)">
							<conditions>
								<condition number="0" type="jump" coverage="50%"/>
							</conditions>
						</line>
						<line number="496" hits="0" branch="false"/>
						<line number="497" hits="0" branch="false"/>
						<line number="499" hits="4" branch="false"/>
						<line number="500" hits="4" branch="false"/>
						<line number="501" hits="4" branch="false"/>
						<line number="502" hits="4" branch="true" condition-coverage="50% (1/2)">
							<conditions>
								<condition number="0" type="jump" coverage="50%"/>
							</conditions>
						</line>
						<line number="503" hits="0" branch="false"/>
						<line number="504" hits="0" branch="false"/>
						<line number="508" hits="4" branch="false"/>
						<line number="509" hits="3" branch="false"/>
						<line number="510" hits="3" branch="false"/>
						<line number="511" hits="3" branch="false"/>
						<line number="520" hits="11" branch="false"/>
						<line number="522" hits="274" branch="true" condition-coverage="50% (1/2)">
							<conditions>
								<condition number="0" type="jump" coverage="50%"/>
							</conditions>
						</line>
						<line number="523" hits="274" branch="true" condition-coverage="100% (2/2)">
							<conditions>
								<condition number="0" type="jump" coverage="100%"/>
							</conditions>
						</line>
						<line number="524" hits="11" branch="true" condition-coverage="50% (1/2)">
							<conditions>
								<condition number="0" type="jump" coverage="50%"/>
							</conditions>
						</line>
						<line number="525" hits="11" branch="false"/>
						<line number="526" hits="11" branch="true" condition-coverage="50% (1/2)">
							<conditions>
								<condition number="0" type="jump" coverage="50%"/>
							</conditions>
						</line>
						<line number="527" hits="11" branch="false"/>
						<line number="532" hits="0" branch="true" condition-coverage="0% (0/2)">
							<conditions>
								<condition number="0" type="jump" coverage="0%"/>
							</conditions>
						</line>
						<line number="533" hits="0" branch="false"/>
						<line number="535" hits="0" branch="false"/>
						<line number="546" hits="11" branch="false"/>
						<line number="547" hits="11" branch="true" condition-coverage="50% (1/2)">
							<conditions>
								<condition number="0" type="jump" coverage="50%"/>
							</conditions>
						</line>
						<line number="549" hits="0" branch="false"/>
						<line number="551" hits="0" branch="true" condition-coverage="0% (0/2)">
							<conditions>
								<condition number="0" type="jump" coverage="0%"/>
							</conditions>
						</line>
						<line number="552" hits="0" branch="false"/>
						<line number="553" hits="0" branch="false"/>
						<line number="554" hits="0" branch="false"/>
						<line number="555" hits="0" branch="false"/>
						<line number="556" hits="0" branch="false"/>
						<line number="557" hits="0" branch="false"/>
						<line number="558" hits="0" branch="false"/>
						<line number="559" hits="0" branch="false"/>
						<line number="561" hits="0" branch="false"/>
						<line number="562" hits="0" branch="false"/>
						<line number="563" hits="0" branch="false"/>
						<line number="564" hits="0" branch="false"/>
						<line number="566" hits="11" branch="false"/>
						<line number="570" hits="4" branch="true" condition-coverage="50% (1/2)">
							<conditions>
								<condition number="0" type="jump" coverage="50%"/>
							</conditions>
						</line>
					</lines>
				</class>
				<class name="com.github.javafaker.service.FakeValuesService$1" filename="com/github/javafaker/service/FakeValuesService.java" line-rate="1.0" branch-rate="1.0" complexity="3.3548387096774195">
					<methods>
					</methods>
					<lines>
					</lines>
				</class>
				<class name="com.github.javafaker.service.FakeValuesService$MethodAndCoercedArgs" filename="com/github/javafaker/service/FakeValuesService.java" line-rate="0.8888888888888888" branch-rate="0.5" complexity="3.3548387096774195">
					<methods>
						<method name="&lt;init&gt;" signature="(Ljava/lang/reflect/Method;Ljava/util/List;)V" line-rate="1.0" branch-rate="1.0" complexity="0">
							<lines>
								<line number="584" hits="11" branch="false"/>
								<line number="585" hits="11" branch="false"/>
								<line number="586" hits="11" branch="false"/>
								<line number="587" hits="11" branch="false"/>
							</lines>
						</method>
						<method name="&lt;init&gt;" signature="(Ljava/lang/reflect/Method;Ljava/util/List;Lcom/github/javafaker/service/FakeValuesService$1;)V" line-rate="1.0" branch-rate="1.0" complexity="0">
							<lines>
								<line number="578" hits="22" branch="false"/>
							</lines>
						</method>
						<method name="access$000" signature="(Lcom/github/javafaker/service/FakeValuesService$MethodAndCoercedArgs;Ljava/lang/Object;)Ljava/lang/Object;" line-rate="1.0" branch-rate="1.0" complexity="0">
							<lines>
							</lines>
						</method>
						<method name="invoke" signature="(Ljava/lang/Object;)Ljava/lang/Object;" line-rate="1.0" branch-rate="1.0" complexity="0">
							<lines>
								<line number="590" hits="11" branch="false"/>
							</lines>
						</method>
						<method name="requireNonNull" signature="(Ljava/lang/Object;Ljava/lang/String;)Ljava/lang/Object;" line-rate="0.6666666666666666" branch-rate="0.5" complexity="0">
							<lines>
								<line number="597" hits="22" branch="true" condition-coverage="50% (1/2)">
									<conditions>
										<condition number="0" type="jump" coverage="50%"/>
									</conditions>
								</line>
								<line number="598" hits="0" branch="false"/>
								<line number="600" hits="22" branch="false"/>
							</lines>
						</method>
					</methods>
					<lines>
						<line number="578" hits="22" branch="false"/>
						<line number="584" hits="11" branch="false"/>
						<line number="585" hits="11" branch="false"/>
						<line number="586" hits="11" branch="false"/>
						<line number="587" hits="11" branch="false"/>
						<line number="590" hits="11" branch="false"/>
						<line number="597" hits="22" branch="true" condition-coverage="50% (1/2)">
							<conditions>
								<condition number="0" type="jump" coverage="50%"/>
							</conditions>
						</line>
						<line number="598" hits="0" branch="false"/>
						<line number="600" hits="22" branch="false"/>
					</lines>
				</class>
				<class name="com.github.javafaker.service.FakerIDN" filename="com/github/javafaker/service/FakerIDN.java" line-rate="0.9" branch-rate="0.75" complexity="7.0">
					<methods>
						<method name="&lt;init&gt;" signature="()V" line-rate="1.0" branch-rate="1.0" complexity="0">
							<lines>
								<line number="8" hits="1" branch="false"/>
							</lines>
						</method>
						<method name="toASCII" signature="(Ljava/lang/String;)Ljava/lang/String;" line-rate="0.8888888888888888" branch-rate="0.75" complexity="0">
							<lines>
								<line number="16" hits="3" branch="false"/>
								<line number="17" hits="2" branch="false"/>
								<line number="20" hits="2" branch="false"/>
								<line number="21" hits="21" branch="true" condition-coverage="100% (2/2)">
									<conditions>
										<condition number="0" type="jump" coverage="100%"/>
									</conditions>
								</line>
								<line number="23" hits="19" branch="false"/>
								<line number="25" hits="19" branch="false"/>
								<line number="27" hits="1" branch="true" condition-coverage="50% (1/2)">
									<conditions>
										<condition number="0" type="jump" coverage="50%"/>
									</conditions>
								</line>
								<line number="28" hits="0" branch="false"/>
								<line number="30" hits="1" branch="false"/>
							</lines>
						</method>
					</methods>
					<lines>
						<line number="8" hits="1" branch="false"/>
						<line number="16" hits="3" branch="false"/>
						<line number="17" hits="2" branch="false"/>
						<line number="20" hits="2" branch="false"/>
						<line number="21" hits="21" branch="true" condition-coverage="100% (2/2)">
							<conditions>
								<condition number="0" type="jump" coverage="100%"/>
							</conditions>
						</line>
						<line number="23" hits="19" branch="false"/>
						<line number="25" hits="19" branch="false"/>
						<line number="27" hits="1" branch="true" condition-coverage="50% (1/2)">
							<conditions>
								<condition number="0" type="jump" coverage="50%"/>
							</conditions>
						</line>
						<line number="28" hits="0" branch="false"/>
						<line number="30" hits="1" branch="false"/>
					</lines>
				</class>
				<class name="com.github.javafaker.service.RandomService" filename="com/github/javafaker/service/RandomService.java" line-rate="1.0" branch-rate="0.9166666666666666" complexity="1.8">
					<methods>
						<method name="&lt;clinit&gt;" signature="()V" line-rate="1.0" branch-rate="1.0" complexity="0">
							<lines>
								<line number="6" hits="1245" branch="false"/>
							</lines>
						</method>
						<method name="&lt;init&gt;" signature="()V" line-rate="1.0" branch-rate="1.0" complexity="0">
							<lines>
								<line number="13" hits="30" branch="false"/>
								<line number="14" hits="30" branch="false"/>
							</lines>
						</method>
						<method name="&lt;init&gt;" signature="(Ljava/util/Random;)V" line-rate="1.0" branch-rate="1.0" complexity="0">
							<lines>
								<line number="19" hits="1249" branch="false"/>
								<line number="20" hits="1249" branch="true" condition-coverage="100% (2/2)">
									<conditions>
										<condition number="0" type="jump" coverage="100%"/>
									</conditions>
								</line>
								<line number="21" hits="1249" branch="false"/>
							</lines>
						</method>
						<method name="hex" signature="()Ljava/lang/String;" line-rate="1.0" branch-rate="1.0" complexity="0">
							<lines>
								<line number="59" hits="1" branch="false"/>
							</lines>
						</method>
						<method name="hex" signature="(I)Ljava/lang/String;" line-rate="1.0" branch-rate="1.0" complexity="0">
							<lines>
								<line number="63" hits="11" branch="true" condition-coverage="100% (2/2)">
									<conditions>
										<condition number="0" type="jump" coverage="100%"/>
									</conditions>
								</line>
								<line number="64" hits="2" branch="false"/>
								<line number="66" hits="9" branch="false"/>
								<line number="67" hits="16498" branch="true" condition-coverage="100% (2/2)">
									<conditions>
										<condition number="0" type="jump" coverage="100%"/>
									</conditions>
								</line>
								<line number="68" hits="16489" branch="false"/>
								<line number="69" hits="16489" branch="true" condition-coverage="100% (2/2)">
									<conditions>
										<condition number="0" type="jump" coverage="100%"/>
									</conditions>
								</line>
								<line number="70" hits="13254" branch="false"/>
								<line number="72" hits="3235" branch="false"/>
								<line number="75" hits="8" branch="false"/>
							</lines>
						</method>
						<method name="nextBoolean" signature="()Ljava/lang/Boolean;" line-rate="1.0" branch-rate="1.0" complexity="0">
							<lines>
								<line number="51" hits="65792" branch="false"/>
							</lines>
						</method>
						<method name="nextDouble" signature="()D" line-rate="1.0" branch-rate="1.0" complexity="0">
							<lines>
								<line number="47" hits="10715" branch="false"/>
							</lines>
						</method>
						<method name="nextInt" signature="(I)I" line-rate="1.0" branch-rate="1.0" complexity="0">
							<lines>
								<line number="24" hits="171847" branch="false"/>
							</lines>
						</method>
						<method name="nextInt" signature="(II)Ljava/lang/Integer;" line-rate="1.0" branch-rate="1.0" complexity="0">
							<lines>
								<line number="55" hits="12" branch="false"/>
							</lines>
						</method>
						<method name="nextLong" signature="()J" line-rate="1.0" branch-rate="1.0" complexity="0">
							<lines>
								<line number="28" hits="29" branch="false"/>
							</lines>
						</method>
						<method name="nextLong" signature="(J)J" line-rate="1.0" branch-rate="0.75" complexity="0">
							<lines>
								<line number="33" hits="10720" branch="true" condition-coverage="100% (2/2)">
									<conditions>
										<condition number="0" type="jump" coverage="100%"/>
									</conditions>
								</line>
								<line number="34" hits="9" branch="false"/>
								<line number="39" hits="10711" branch="false"/>
								<line number="40" hits="10711" branch="false"/>
								<line number="41" hits="10711" branch="false"/>
								<line number="42" hits="10711" branch="true" condition-coverage="50% (1/2)">
									<conditions>
										<condition number="0" type="jump" coverage="50%"/>
									</conditions>
								</line>
								<line number="43" hits="10711" branch="false"/>
							</lines>
						</method>
					</methods>
					<lines>
						<line number="6" hits="1245" branch="false"/>
						<line number="13" hits="30" branch="false"/>
						<line number="14" hits="30" branch="false"/>
						<line number="19" hits="1249" branch="false"/>
						<line number="20" hits="1249" branch="true" condition-coverage="100% (2/2)">
							<conditions>
								<condition number="0" type="jump" coverage="100%"/>
							</conditions>
						</line>
						<line number="21" hits="1249" branch="false"/>
						<line number="24" hits="171847" branch="false"/>
						<line number="28" hits="29" branch="false"/>
						<line number="33" hits="10720" branch="true" condition-coverage="100% (2/2)">
							<conditions>
								<condition number="0" type="jump" coverage="100%"/>
							</conditions>
						</line>
						<line number="34" hits="9" branch="false"/>
						<line number="39" hits="10711" branch="false"/>
						<line number="40" hits="10711" branch="false"/>
						<line number="41" hits="10711" branch="false"/>
						<line number="42" hits="10711" branch="true" condition-coverage="50% (1/2)">
							<conditions>
								<condition number="0" type="jump" coverage="50%"/>
							</conditions>
						</line>
						<line number="43" hits="10711" branch="false"/>
						<line number="47" hits="10715" branch="false"/>
						<line number="51" hits="65792" branch="false"/>
						<line number="55" hits="12" branch="false"/>
						<line number="59" hits="1" branch="false"/>
						<line number="63" hits="11" branch="true" condition-coverage="100% (2/2)">
							<conditions>
								<condition number="0" type="jump" coverage="100%"/>
							</conditions>
						</line>
						<line number="64" hits="2" branch="false"/>
						<line number="66" hits="9" branch="false"/>
						<line number="67" hits="16498" branch="true" condition-coverage="100% (2/2)">
							<conditions>
								<condition number="0" type="jump" coverage="100%"/>
							</conditions>
						</line>
						<line number="68" hits="16489" branch="false"/>
						<line number="69" hits="16489" branch="true" condition-coverage="100% (2/2)">
							<conditions>
								<condition number="0" type="jump" coverage="100%"/>
							</conditions>
						</line>
						<line number="70" hits="13254" branch="false"/>
						<line number="72" hits="3235" branch="false"/>
						<line number="75" hits="8" branch="false"/>
					</lines>
				</class>
			</classes>
		</package>
		<package name="com.github.javafaker.service.files" line-rate="1.0" branch-rate="1.0" complexity="1.2">
			<classes>
				<class name="com.github.javafaker.service.files.EnFile" filename="com/github/javafaker/service/files/EnFile.java" line-rate="1.0" branch-rate="1.0" complexity="1.2">
					<methods>
						<method name="&lt;clinit&gt;" signature="()V" line-rate="1.0" branch-rate="1.0" complexity="0">
							<lines>
								<line number="29" hits="1223" branch="false"/>
								<line number="188" hits="1223" branch="false"/>
							</lines>
						</method>
						<method name="&lt;init&gt;" signature="(Ljava/lang/String;)V" line-rate="1.0" branch-rate="1.0" complexity="0">
							<lines>
								<line number="12" hits="191540" branch="false"/>
								<line number="13" hits="191540" branch="false"/>
							</lines>
						</method>
						<method name="&lt;init&gt;" signature="(Ljava/lang/String;Ljava/lang/String;)V" line-rate="1.0" branch-rate="1.0" complexity="0">
							<lines>
								<line number="15" hits="203770" branch="false"/>
								<line number="16" hits="203770" branch="false"/>
								<line number="17" hits="203770" branch="false"/>
								<line number="18" hits="203770" branch="false"/>
							</lines>
						</method>
						<method name="getFile" signature="()Ljava/lang/String;" line-rate="1.0" branch-rate="1.0" complexity="0">
							<lines>
								<line number="22" hits="203573" branch="false"/>
							</lines>
						</method>
						<method name="getFiles" signature="()Ljava/util/List;" line-rate="1.0" branch-rate="1.0" complexity="0">
							<lines>
								<line number="202" hits="1220" branch="false"/>
								<line number="203" hits="1220" branch="true" condition-coverage="100% (2/2)">
									<conditions>
										<condition number="0" type="jump" coverage="100%"/>
									</conditions>
								</line>
								<line number="204" hits="191540" branch="false"/>
								<line number="205" hits="191540" branch="false"/>
								<line number="206" hits="1220" branch="false"/>
								<line number="208" hits="1220" branch="false"/>
							</lines>
						</method>
						<method name="getPath" signature="()Ljava/lang/String;" line-rate="1.0" branch-rate="1.0" complexity="0">
							<lines>
								<line number="26" hits="203573" branch="false"/>
							</lines>
						</method>
					</methods>
					<lines>
						<line number="12" hits="191540" branch="false"/>
						<line number="13" hits="191540" branch="false"/>
						<line number="15" hits="203770" branch="false"/>
						<line number="16" hits="203770" branch="false"/>
						<line number="17" hits="203770" branch="false"/>
						<line number="18" hits="203770" branch="false"/>
						<line number="22" hits="203573" branch="false"/>
						<line number="26" hits="203573" branch="false"/>
						<line number="29" hits="1223" branch="false"/>
						<line number="188" hits="1223" branch="false"/>
						<line number="202" hits="1220" branch="false"/>
						<line number="203" hits="1220" branch="true" condition-coverage="100% (2/2)">
							<conditions>
								<condition number="0" type="jump" coverage="100%"/>
							</conditions>
						</line>
						<line number="204" hits="191540" branch="false"/>
						<line number="205" hits="191540" branch="false"/>
						<line number="206" hits="1220" branch="false"/>
						<line number="208" hits="1220" branch="false"/>
					</lines>
				</class>
			</classes>
		</package>
	</packages>
</coverage>
