<?xml version="1.0"?>
<!DOCTYPE coverage SYSTEM "http://cobertura.sourceforge.net/xml/coverage-04.dtd">

<coverage line-rate="0.5095846645367412" branch-rate="0.6787564766839378" lines-covered="319" lines-valid="626" branches-covered="131" branches-valid="193" complexity="2.1328125" version="2.0.3" timestamp="1742931649258">
	<sources>
		<source>--source</source>
		<source>/home/ig2g/Documents/Thesis/Coverage/java/flaky_java_projects/PyramidTechnologies-jPyramid-RS-232/src/main/java</source>
		<source>/home/ig2g/Documents/Thesis/Coverage/java/flaky_java_projects/PyramidTechnologies-jPyramid-RS-232/target/generated-sources/annotations</source>
	</sources>
	<packages>
		<package name="com.pyramidacceptors.ptalk.api" line-rate="0.46608695652173915" branch-rate="0.6787564766839378" complexity="2.3063063063063063">
			<classes>
				<class name="com.pyramidacceptors.ptalk.api.APIConstants" filename="com/pyramidacceptors/ptalk/api/APIConstants.java" line-rate="0.0" branch-rate="1.0" complexity="0.0">
					<methods>
						<method name="&lt;init&gt;" signature="()V" line-rate="0.0" branch-rate="1.0">
							<lines>
								<line number="28" hits="0" branch="false"/>
							</lines>
						</method>
					</methods>
					<lines>
						<line number="28" hits="0" branch="false"/>
					</lines>
				</class>
				<class name="com.pyramidacceptors.ptalk.api.APILevel" filename="com/pyramidacceptors/ptalk/api/APILevel.java" line-rate="1.0" branch-rate="1.0" complexity="0.0">
					<methods>
						<method name="&lt;clinit&gt;" signature="()V" line-rate="1.0" branch-rate="1.0">
							<lines>
								<line number="11" hits="6" branch="false"/>
								<line number="15" hits="2" branch="false"/>
								<line number="19" hits="2" branch="false"/>
							</lines>
						</method>
						<method name="&lt;init&gt;" signature="(Ljava/lang/String;I)V" line-rate="1.0" branch-rate="1.0">
							<lines>
							</lines>
						</method>
						<method name="valueOf" signature="(Ljava/lang/String;)Lcom/pyramidacceptors/ptalk/api/APILevel;" line-rate="1.0" branch-rate="1.0">
							<lines>
							</lines>
						</method>
						<method name="values" signature="()[Lcom/pyramidacceptors/ptalk/api/APILevel;" line-rate="1.0" branch-rate="1.0">
							<lines>
							</lines>
						</method>
					</methods>
					<lines>
						<line number="11" hits="6" branch="false"/>
						<line number="15" hits="2" branch="false"/>
						<line number="19" hits="2" branch="false"/>
					</lines>
				</class>
				<class name="com.pyramidacceptors.ptalk.api.AcceptorModel" filename="com/pyramidacceptors/ptalk/api/AcceptorModel.java" line-rate="0.8181818181818182" branch-rate="0.6666666666666666" complexity="7.0">
					<methods>
						<method name="&lt;clinit&gt;" signature="()V" line-rate="1.0" branch-rate="1.0">
							<lines>
								<line number="43" hits="7" branch="false"/>
								<line number="50" hits="7" branch="false"/>
								<line number="67" hits="7" branch="false"/>
							</lines>
						</method>
						<method name="&lt;init&gt;" signature="()V" line-rate="1.0" branch-rate="1.0">
							<lines>
								<line number="12" hits="1" branch="false"/>
							</lines>
						</method>
						<method name="fromByte" signature="(B)Ljava/lang/String;" line-rate="0.7142857142857143" branch-rate="0.6666666666666666">
							<lines>
								<line number="114" hits="3" branch="true" condition-coverage="50% (1/2)">
									<conditions>
										<condition number="0" type="jump" coverage="50%"/>
									</conditions>
								</line>
								<line number="115" hits="0" branch="false"/>
								<line number="118" hits="3" branch="true" condition-coverage="50% (1/2)">
									<conditions>
										<condition number="0" type="jump" coverage="50%"/>
									</conditions>
								</line>
								<line number="119" hits="0" branch="false"/>
								<line number="121" hits="3" branch="true" condition-coverage="100% (2/2)">
									<conditions>
										<condition number="0" type="jump" coverage="100%"/>
									</conditions>
								</line>
								<line number="122" hits="1" branch="false"/>
								<line number="125" hits="2" branch="false"/>
							</lines>
						</method>
					</methods>
					<lines>
						<line number="12" hits="1" branch="false"/>
						<line number="43" hits="7" branch="false"/>
						<line number="50" hits="7" branch="false"/>
						<line number="67" hits="7" branch="false"/>
						<line number="114" hits="3" branch="true" condition-coverage="50% (1/2)">
							<conditions>
								<condition number="0" type="jump" coverage="50%"/>
							</conditions>
						</line>
						<line number="115" hits="0" branch="false"/>
						<line number="118" hits="3" branch="true" condition-coverage="50% (1/2)">
							<conditions>
								<condition number="0" type="jump" coverage="50%"/>
							</conditions>
						</line>
						<line number="119" hits="0" branch="false"/>
						<line number="121" hits="3" branch="true" condition-coverage="100% (2/2)">
							<conditions>
								<condition number="0" type="jump" coverage="100%"/>
							</conditions>
						</line>
						<line number="122" hits="1" branch="false"/>
						<line number="125" hits="2" branch="false"/>
					</lines>
				</class>
				<class name="com.pyramidacceptors.ptalk.api.BillDirections" filename="com/pyramidacceptors/ptalk/api/BillDirections.java" line-rate="1.0" branch-rate="1.0" complexity="9.0">
					<methods>
						<method name="&lt;clinit&gt;" signature="()V" line-rate="1.0" branch-rate="1.0">
							<lines>
								<line number="16" hits="57" branch="false"/>
								<line number="21" hits="9" branch="false"/>
								<line number="26" hits="9" branch="false"/>
								<line number="30" hits="9" branch="false"/>
								<line number="34" hits="9" branch="false"/>
								<line number="38" hits="9" branch="false"/>
							</lines>
						</method>
						<method name="&lt;init&gt;" signature="(Ljava/lang/String;I)V" line-rate="1.0" branch-rate="1.0">
							<lines>
							</lines>
						</method>
						<method name="fromByte" signature="(B)Lcom/pyramidacceptors/ptalk/api/BillDirections;" line-rate="1.0" branch-rate="1.0">
							<lines>
								<line number="49" hits="5" branch="true" condition-coverage="100% (5/5)">
									<conditions>
										<condition number="0" type="switch" coverage="100%"/>
									</conditions>
								</line>
								<line number="51" hits="1" branch="false"/>
								<line number="53" hits="1" branch="false"/>
								<line number="55" hits="1" branch="false"/>
								<line number="57" hits="1" branch="false"/>
								<line number="59" hits="1" branch="false"/>
							</lines>
						</method>
						<method name="valueOf" signature="(Ljava/lang/String;)Lcom/pyramidacceptors/ptalk/api/BillDirections;" line-rate="1.0" branch-rate="1.0">
							<lines>
							</lines>
						</method>
						<method name="values" signature="()[Lcom/pyramidacceptors/ptalk/api/BillDirections;" line-rate="1.0" branch-rate="1.0">
							<lines>
							</lines>
						</method>
					</methods>
					<lines>
						<line number="16" hits="57" branch="false"/>
						<line number="21" hits="9" branch="false"/>
						<line number="26" hits="9" branch="false"/>
						<line number="30" hits="9" branch="false"/>
						<line number="34" hits="9" branch="false"/>
						<line number="38" hits="9" branch="false"/>
						<line number="49" hits="5" branch="true" condition-coverage="100% (5/5)">
							<conditions>
								<condition number="0" type="switch" coverage="100%"/>
							</conditions>
						</line>
						<line number="51" hits="1" branch="false"/>
						<line number="53" hits="1" branch="false"/>
						<line number="55" hits="1" branch="false"/>
						<line number="57" hits="1" branch="false"/>
						<line number="59" hits="1" branch="false"/>
					</lines>
				</class>
				<class name="com.pyramidacceptors.ptalk.api.BillNames" filename="com/pyramidacceptors/ptalk/api/BillNames.java" line-rate="1.0" branch-rate="1.0" complexity="15.0">
					<methods>
						<method name="&lt;clinit&gt;" signature="()V" line-rate="1.0" branch-rate="1.0">
							<lines>
								<line number="19" hits="750" branch="false"/>
								<line number="24" hits="83" branch="false"/>
								<line number="26" hits="83" branch="false"/>
								<line number="27" hits="83" branch="false"/>
								<line number="28" hits="83" branch="false"/>
								<line number="29" hits="83" branch="false"/>
								<line number="30" hits="83" branch="false"/>
								<line number="31" hits="83" branch="false"/>
								<line number="32" hits="83" branch="false"/>
							</lines>
						</method>
						<method name="&lt;init&gt;" signature="(Ljava/lang/String;I)V" line-rate="1.0" branch-rate="1.0">
							<lines>
							</lines>
						</method>
						<method name="fromByte" signature="(B)Lcom/pyramidacceptors/ptalk/api/BillNames;" line-rate="1.0" branch-rate="1.0">
							<lines>
								<line number="43" hits="14" branch="true" condition-coverage="100% (8/8)">
									<conditions>
										<condition number="0" type="switch" coverage="100%"/>
									</conditions>
								</line>
								<line number="45" hits="1" branch="false"/>
								<line number="47" hits="1" branch="false"/>
								<line number="49" hits="3" branch="false"/>
								<line number="51" hits="1" branch="false"/>
								<line number="53" hits="1" branch="false"/>
								<line number="55" hits="1" branch="false"/>
								<line number="57" hits="4" branch="false"/>
								<line number="60" hits="2" branch="false"/>
							</lines>
						</method>
						<method name="valueOf" signature="(Ljava/lang/String;)Lcom/pyramidacceptors/ptalk/api/BillNames;" line-rate="1.0" branch-rate="1.0">
							<lines>
							</lines>
						</method>
						<method name="values" signature="()[Lcom/pyramidacceptors/ptalk/api/BillNames;" line-rate="1.0" branch-rate="1.0">
							<lines>
							</lines>
						</method>
					</methods>
					<lines>
						<line number="19" hits="750" branch="false"/>
						<line number="24" hits="83" branch="false"/>
						<line number="26" hits="83" branch="false"/>
						<line number="27" hits="83" branch="false"/>
						<line number="28" hits="83" branch="false"/>
						<line number="29" hits="83" branch="false"/>
						<line number="30" hits="83" branch="false"/>
						<line number="31" hits="83" branch="false"/>
						<line number="32" hits="83" branch="false"/>
						<line number="43" hits="14" branch="true" condition-coverage="100% (8/8)">
							<conditions>
								<condition number="0" type="switch" coverage="100%"/>
							</conditions>
						</line>
						<line number="45" hits="1" branch="false"/>
						<line number="47" hits="1" branch="false"/>
						<line number="49" hits="3" branch="false"/>
						<line number="51" hits="1" branch="false"/>
						<line number="53" hits="1" branch="false"/>
						<line number="55" hits="1" branch="false"/>
						<line number="57" hits="4" branch="false"/>
						<line number="60" hits="2" branch="false"/>
					</lines>
				</class>
				<class name="com.pyramidacceptors.ptalk.api.Courier" filename="com/pyramidacceptors/ptalk/api/Courier.java" line-rate="0.0" branch-rate="0.0" complexity="2.1">
					<methods>
						<method name="&lt;init&gt;" signature="(Lcom/pyramidacceptors/ptalk/api/PyramidPort;Lcom/pyramidacceptors/ptalk/api/RS232Socket;)V" line-rate="0.0" branch-rate="1.0">
							<lines>
								<line number="39" hits="0" branch="false"/>
								<line number="45" hits="0" branch="false"/>
								<line number="46" hits="0" branch="false"/>
								<line number="47" hits="0" branch="false"/>
								<line number="48" hits="0" branch="false"/>
								<line number="49" hits="0" branch="false"/>
								<line number="50" hits="0" branch="false"/>
								<line number="51" hits="0" branch="false"/>
								<line number="57" hits="0" branch="false"/>
								<line number="66" hits="0" branch="false"/>
								<line number="67" hits="0" branch="false"/>
								<line number="68" hits="0" branch="false"/>
								<line number="69" hits="0" branch="false"/>
								<line number="70" hits="0" branch="false"/>
							</lines>
						</method>
						<method name="addChangeListener" signature="(Lcom/pyramidacceptors/ptalk/api/RS232EventListener;)V" line-rate="0.0" branch-rate="1.0">
							<lines>
								<line number="158" hits="0" branch="false"/>
								<line number="159" hits="0" branch="false"/>
							</lines>
						</method>
						<method name="fireChangeEvent" signature="(Lcom/pyramidacceptors/ptalk/api/event/PTalkEvent;)V" line-rate="0.0" branch-rate="0.0">
							<lines>
								<line number="181" hits="0" branch="true" condition-coverage="0% (0/2)">
									<conditions>
										<condition number="0" type="jump" coverage="0%"/>
									</conditions>
								</line>
								<line number="182" hits="0" branch="false"/>
								<line number="183" hits="0" branch="false"/>
								<line number="184" hits="0" branch="false"/>
							</lines>
						</method>
						<method name="getAcceptorModel" signature="()Ljava/lang/String;" line-rate="0.0" branch-rate="1.0">
							<lines>
								<line number="114" hits="0" branch="false"/>
							</lines>
						</method>
						<method name="getCommsOkay" signature="()Z" line-rate="0.0" branch-rate="1.0">
							<lines>
								<line number="96" hits="0" branch="false"/>
							</lines>
						</method>
						<method name="getFirmwareRevision" signature="()Ljava/lang/String;" line-rate="0.0" branch-rate="1.0">
							<lines>
								<line number="105" hits="0" branch="false"/>
							</lines>
						</method>
						<method name="getSerialNumber" signature="()Ljava/lang/String;" line-rate="0.0" branch-rate="1.0">
							<lines>
								<line number="123" hits="0" branch="false"/>
							</lines>
						</method>
						<method name="handleEvents" signature="([B)V" line-rate="0.0" branch-rate="0.0">
							<lines>
								<line number="358" hits="0" branch="true" condition-coverage="0% (0/4)">
									<conditions>
										<condition number="0" type="jump" coverage="0%"/>
										<condition number="1" type="jump" coverage="0%"/>
									</conditions>
								</line>
								<line number="359" hits="0" branch="false"/>
								<line number="362" hits="0" branch="false"/>
								<line number="364" hits="0" branch="false"/>
								<line number="365" hits="0" branch="false"/>
								<line number="366" hits="0" branch="false"/>
								<line number="370" hits="0" branch="true" condition-coverage="0% (0/2)">
									<conditions>
										<condition number="0" type="jump" coverage="0%"/>
									</conditions>
								</line>
								<line number="373" hits="0" branch="true" condition-coverage="0% (0/3)">
									<conditions>
										<condition number="0" type="switch" coverage="0%"/>
									</conditions>
								</line>
								<line number="376" hits="0" branch="false"/>
								<line number="378" hits="0" branch="false"/>
								<line number="379" hits="0" branch="false"/>
								<line number="380" hits="0" branch="false"/>
								<line number="383" hits="0" branch="false"/>
								<line number="385" hits="0" branch="false"/>
								<line number="386" hits="0" branch="false"/>
								<line number="387" hits="0" branch="false"/>
								<line number="390" hits="0" branch="false"/>
								<line number="395" hits="0" branch="false"/>
								<line number="396" hits="0" branch="false"/>
								<line number="397" hits="0" branch="false"/>
							</lines>
						</method>
						<method name="handleNormalLoop" signature="()V" line-rate="0.0" branch-rate="1.0">
							<lines>
								<line number="262" hits="0" branch="false"/>
								<line number="264" hits="0" branch="false"/>
								<line number="265" hits="0" branch="false"/>
							</lines>
						</method>
						<method name="handleResetRequest" signature="()V" line-rate="0.0" branch-rate="1.0">
							<lines>
								<line number="270" hits="0" branch="false"/>
								<line number="274" hits="0" branch="false"/>
								<line number="277" hits="0" branch="false"/>
								<line number="280" hits="0" branch="false"/>
								<line number="282" hits="0" branch="false"/>
								<line number="283" hits="0" branch="false"/>
								<line number="284" hits="0" branch="false"/>
								<line number="285" hits="0" branch="false"/>
							</lines>
						</method>
						<method name="handleSerialNumberRequest" signature="()V" line-rate="0.0" branch-rate="0.0">
							<lines>
								<line number="289" hits="0" branch="false"/>
								<line number="293" hits="0" branch="false"/>
								<line number="295" hits="0" branch="false"/>
								<line number="297" hits="0" branch="false"/>
								<line number="299" hits="0" branch="false"/>
								<line number="301" hits="0" branch="true" condition-coverage="0% (0/2)">
									<conditions>
										<condition number="0" type="jump" coverage="0%"/>
									</conditions>
								</line>
								<line number="302" hits="0" branch="false"/>
								<line number="303" hits="0" branch="false"/>
								<line number="306" hits="0" branch="false"/>
								<line number="310" hits="0" branch="false"/>
								<line number="311" hits="0" branch="true" condition-coverage="0% (0/2)">
									<conditions>
										<condition number="0" type="jump" coverage="0%"/>
									</conditions>
								</line>
								<line number="312" hits="0" branch="true" condition-coverage="0% (0/2)">
									<conditions>
										<condition number="0" type="jump" coverage="0%"/>
									</conditions>
								</line>
								<line number="313" hits="0" branch="false"/>
								<line number="315" hits="0" branch="false"/>
								<line number="318" hits="0" branch="false"/>
								<line number="319" hits="0" branch="false"/>
								<line number="320" hits="0" branch="false"/>
							</lines>
						</method>
						<method name="pause" signature="(Z)V" line-rate="0.0" branch-rate="1.0">
							<lines>
								<line number="148" hits="0" branch="false"/>
								<line number="149" hits="0" branch="false"/>
							</lines>
						</method>
						<method name="removeChangeListener" signature="(Lcom/pyramidacceptors/ptalk/api/RS232EventListener;)V" line-rate="0.0" branch-rate="1.0">
							<lines>
								<line number="176" hits="0" branch="false"/>
								<line number="177" hits="0" branch="false"/>
							</lines>
						</method>
						<method name="removeChangeListeners" signature="()V" line-rate="0.0" branch-rate="1.0">
							<lines>
								<line number="166" hits="0" branch="false"/>
								<line number="167" hits="0" branch="false"/>
							</lines>
						</method>
						<method name="requestReset" signature="()V" line-rate="0.0" branch-rate="1.0">
							<lines>
								<line number="130" hits="0" branch="false"/>
								<line number="131" hits="0" branch="false"/>
							</lines>
						</method>
						<method name="requestSerialNumer" signature="()V" line-rate="0.0" branch-rate="1.0">
							<lines>
								<line number="137" hits="0" branch="false"/>
								<line number="138" hits="0" branch="false"/>
							</lines>
						</method>
						<method name="run" signature="()V" line-rate="0.0" branch-rate="0.0">
							<lines>
								<line number="207" hits="0" branch="false"/>
								<line number="208" hits="0" branch="true" condition-coverage="0% (0/2)">
									<conditions>
										<condition number="0" type="jump" coverage="0%"/>
									</conditions>
								</line>
								<line number="213" hits="0" branch="true" condition-coverage="0% (0/2)">
									<conditions>
										<condition number="0" type="jump" coverage="0%"/>
									</conditions>
								</line>
								<line number="215" hits="0" branch="false"/>
								<line number="218" hits="0" branch="true" condition-coverage="0% (0/2)">
									<conditions>
										<condition number="0" type="jump" coverage="0%"/>
									</conditions>
								</line>
								<line number="220" hits="0" branch="false"/>
								<line number="222" hits="0" branch="true" condition-coverage="0% (0/2)">
									<conditions>
										<condition number="0" type="jump" coverage="0%"/>
									</conditions>
								</line>
								<line number="224" hits="0" branch="false"/>
								<line number="228" hits="0" branch="false"/>
								<line number="232" hits="0" branch="false"/>
								<line number="234" hits="0" branch="false"/>
								<line number="235" hits="0" branch="false"/>
								<line number="236" hits="0" branch="false"/>
								<line number="237" hits="0" branch="false"/>
								<line number="238" hits="0" branch="false"/>
								<line number="239" hits="0" branch="false"/>
								<line number="240" hits="0" branch="false"/>
								<line number="244" hits="0" branch="true" condition-coverage="0% (0/2)">
									<conditions>
										<condition number="0" type="jump" coverage="0%"/>
									</conditions>
								</line>
								<line number="245" hits="0" branch="true" condition-coverage="0% (0/2)">
									<conditions>
										<condition number="0" type="jump" coverage="0%"/>
									</conditions>
								</line>
								<line number="246" hits="0" branch="false"/>
								<line number="249" hits="0" branch="false"/>
								<line number="254" hits="0" branch="false"/>
								<line number="257" hits="0" branch="false"/>
								<line number="258" hits="0" branch="false"/>
							</lines>
						</method>
						<method name="sleep" signature="(I)V" line-rate="0.0" branch-rate="1.0">
							<lines>
								<line number="80" hits="0" branch="false"/>
								<line number="81" hits="0" branch="false"/>
								<line number="82" hits="0" branch="false"/>
								<line number="83" hits="0" branch="false"/>
								<line number="84" hits="0" branch="false"/>
								<line number="85" hits="0" branch="false"/>
							</lines>
						</method>
						<method name="stopThread" signature="()V" line-rate="0.0" branch-rate="0.0">
							<lines>
								<line number="190" hits="0" branch="false"/>
								<line number="191" hits="0" branch="false"/>
								<line number="192" hits="0" branch="true" condition-coverage="0% (0/2)">
									<conditions>
										<condition number="0" type="jump" coverage="0%"/>
									</conditions>
								</line>
								<line number="193" hits="0" branch="false"/>
								<line number="195" hits="0" branch="false"/>
								<line number="196" hits="0" branch="false"/>
							</lines>
						</method>
						<method name="writeWrapper" signature="([B)[B" line-rate="0.0" branch-rate="0.0">
							<lines>
								<line number="333" hits="0" branch="false"/>
								<line number="335" hits="0" branch="false"/>
								<line number="338" hits="0" branch="false"/>
								<line number="340" hits="0" branch="false"/>
								<line number="341" hits="0" branch="false"/>
								<line number="344" hits="0" branch="false"/>
								<line number="346" hits="0" branch="true" condition-coverage="0% (0/2)">
									<conditions>
										<condition number="0" type="jump" coverage="0%"/>
									</conditions>
								</line>
								<line number="347" hits="0" branch="false"/>
								<line number="348" hits="0" branch="false"/>
								<line number="349" hits="0" branch="false"/>
								<line number="352" hits="0" branch="false"/>
							</lines>
						</method>
					</methods>
					<lines>
						<line number="39" hits="0" branch="false"/>
						<line number="45" hits="0" branch="false"/>
						<line number="46" hits="0" branch="false"/>
						<line number="47" hits="0" branch="false"/>
						<line number="48" hits="0" branch="false"/>
						<line number="49" hits="0" branch="false"/>
						<line number="50" hits="0" branch="false"/>
						<line number="51" hits="0" branch="false"/>
						<line number="57" hits="0" branch="false"/>
						<line number="66" hits="0" branch="false"/>
						<line number="67" hits="0" branch="false"/>
						<line number="68" hits="0" branch="false"/>
						<line number="69" hits="0" branch="false"/>
						<line number="70" hits="0" branch="false"/>
						<line number="80" hits="0" branch="false"/>
						<line number="81" hits="0" branch="false"/>
						<line number="82" hits="0" branch="false"/>
						<line number="83" hits="0" branch="false"/>
						<line number="84" hits="0" branch="false"/>
						<line number="85" hits="0" branch="false"/>
						<line number="96" hits="0" branch="false"/>
						<line number="105" hits="0" branch="false"/>
						<line number="114" hits="0" branch="false"/>
						<line number="123" hits="0" branch="false"/>
						<line number="130" hits="0" branch="false"/>
						<line number="131" hits="0" branch="false"/>
						<line number="137" hits="0" branch="false"/>
						<line number="138" hits="0" branch="false"/>
						<line number="148" hits="0" branch="false"/>
						<line number="149" hits="0" branch="false"/>
						<line number="158" hits="0" branch="false"/>
						<line number="159" hits="0" branch="false"/>
						<line number="166" hits="0" branch="false"/>
						<line number="167" hits="0" branch="false"/>
						<line number="176" hits="0" branch="false"/>
						<line number="177" hits="0" branch="false"/>
						<line number="181" hits="0" branch="true" condition-coverage="0% (0/2)">
							<conditions>
								<condition number="0" type="jump" coverage="0%"/>
							</conditions>
						</line>
						<line number="182" hits="0" branch="false"/>
						<line number="183" hits="0" branch="false"/>
						<line number="184" hits="0" branch="false"/>
						<line number="190" hits="0" branch="false"/>
						<line number="191" hits="0" branch="false"/>
						<line number="192" hits="0" branch="true" condition-coverage="0% (0/2)">
							<conditions>
								<condition number="0" type="jump" coverage="0%"/>
							</conditions>
						</line>
						<line number="193" hits="0" branch="false"/>
						<line number="195" hits="0" branch="false"/>
						<line number="196" hits="0" branch="false"/>
						<line number="207" hits="0" branch="false"/>
						<line number="208" hits="0" branch="true" condition-coverage="0% (0/2)">
							<conditions>
								<condition number="0" type="jump" coverage="0%"/>
							</conditions>
						</line>
						<line number="213" hits="0" branch="true" condition-coverage="0% (0/2)">
							<conditions>
								<condition number="0" type="jump" coverage="0%"/>
							</conditions>
						</line>
						<line number="215" hits="0" branch="false"/>
						<line number="218" hits="0" branch="true" condition-coverage="0% (0/2)">
							<conditions>
								<condition number="0" type="jump" coverage="0%"/>
							</conditions>
						</line>
						<line number="220" hits="0" branch="false"/>
						<line number="222" hits="0" branch="true" condition-coverage="0% (0/2)">
							<conditions>
								<condition number="0" type="jump" coverage="0%"/>
							</conditions>
						</line>
						<line number="224" hits="0" branch="false"/>
						<line number="228" hits="0" branch="false"/>
						<line number="232" hits="0" branch="false"/>
						<line number="234" hits="0" branch="false"/>
						<line number="235" hits="0" branch="false"/>
						<line number="236" hits="0" branch="false"/>
						<line number="237" hits="0" branch="false"/>
						<line number="238" hits="0" branch="false"/>
						<line number="239" hits="0" branch="false"/>
						<line number="240" hits="0" branch="false"/>
						<line number="244" hits="0" branch="true" condition-coverage="0% (0/2)">
							<conditions>
								<condition number="0" type="jump" coverage="0%"/>
							</conditions>
						</line>
						<line number="245" hits="0" branch="true" condition-coverage="0% (0/2)">
							<conditions>
								<condition number="0" type="jump" coverage="0%"/>
							</conditions>
						</line>
						<line number="246" hits="0" branch="false"/>
						<line number="249" hits="0" branch="false"/>
						<line number="254" hits="0" branch="false"/>
						<line number="257" hits="0" branch="false"/>
						<line number="258" hits="0" branch="false"/>
						<line number="262" hits="0" branch="false"/>
						<line number="264" hits="0" branch="false"/>
						<line number="265" hits="0" branch="false"/>
						<line number="270" hits="0" branch="false"/>
						<line number="274" hits="0" branch="false"/>
						<line number="277" hits="0" branch="false"/>
						<line number="280" hits="0" branch="false"/>
						<line number="282" hits="0" branch="false"/>
						<line number="283" hits="0" branch="false"/>
						<line number="284" hits="0" branch="false"/>
						<line number="285" hits="0" branch="false"/>
						<line number="289" hits="0" branch="false"/>
						<line number="293" hits="0" branch="false"/>
						<line number="295" hits="0" branch="false"/>
						<line number="297" hits="0" branch="false"/>
						<line number="299" hits="0" branch="false"/>
						<line number="301" hits="0" branch="true" condition-coverage="0% (0/2)">
							<conditions>
								<condition number="0" type="jump" coverage="0%"/>
							</conditions>
						</line>
						<line number="302" hits="0" branch="false"/>
						<line number="303" hits="0" branch="false"/>
						<line number="306" hits="0" branch="false"/>
						<line number="310" hits="0" branch="false"/>
						<line number="311" hits="0" branch="true" condition-coverage="0% (0/2)">
							<conditions>
								<condition number="0" type="jump" coverage="0%"/>
							</conditions>
						</line>
						<line number="312" hits="0" branch="true" condition-coverage="0% (0/2)">
							<conditions>
								<condition number="0" type="jump" coverage="0%"/>
							</conditions>
						</line>
						<line number="313" hits="0" branch="false"/>
						<line number="315" hits="0" branch="false"/>
						<line number="318" hits="0" branch="false"/>
						<line number="319" hits="0" branch="false"/>
						<line number="320" hits="0" branch="false"/>
						<line number="333" hits="0" branch="false"/>
						<line number="335" hits="0" branch="false"/>
						<line number="338" hits="0" branch="false"/>
						<line number="340" hits="0" branch="false"/>
						<line number="341" hits="0" branch="false"/>
						<line number="344" hits="0" branch="false"/>
						<line number="346" hits="0" branch="true" condition-coverage="0% (0/2)">
							<conditions>
								<condition number="0" type="jump" coverage="0%"/>
							</conditions>
						</line>
						<line number="347" hits="0" branch="false"/>
						<line number="348" hits="0" branch="false"/>
						<line number="349" hits="0" branch="false"/>
						<line number="352" hits="0" branch="false"/>
						<line number="358" hits="0" branch="true" condition-coverage="0% (0/4)">
							<conditions>
								<condition number="0" type="jump" coverage="0%"/>
								<condition number="1" type="jump" coverage="0%"/>
							</conditions>
						</line>
						<line number="359" hits="0" branch="false"/>
						<line number="362" hits="0" branch="false"/>
						<line number="364" hits="0" branch="false"/>
						<line number="365" hits="0" branch="false"/>
						<line number="366" hits="0" branch="false"/>
						<line number="370" hits="0" branch="true" condition-coverage="0% (0/2)">
							<conditions>
								<condition number="0" type="jump" coverage="0%"/>
							</conditions>
						</line>
						<line number="373" hits="0" branch="true" condition-coverage="0% (0/3)">
							<conditions>
								<condition number="0" type="switch" coverage="0%"/>
							</conditions>
						</line>
						<line number="376" hits="0" branch="false"/>
						<line number="378" hits="0" branch="false"/>
						<line number="379" hits="0" branch="false"/>
						<line number="380" hits="0" branch="false"/>
						<line number="383" hits="0" branch="false"/>
						<line number="385" hits="0" branch="false"/>
						<line number="386" hits="0" branch="false"/>
						<line number="387" hits="0" branch="false"/>
						<line number="390" hits="0" branch="false"/>
						<line number="395" hits="0" branch="false"/>
						<line number="396" hits="0" branch="false"/>
						<line number="397" hits="0" branch="false"/>
					</lines>
				</class>
				<class name="com.pyramidacceptors.ptalk.api.Courier$1" filename="com/pyramidacceptors/ptalk/api/Courier.java" line-rate="0.0" branch-rate="1.0" complexity="2.1">
					<methods>
						<method name="&lt;clinit&gt;" signature="()V" line-rate="0.0" branch-rate="1.0">
							<lines>
								<line number="373" hits="0" branch="false"/>
							</lines>
						</method>
					</methods>
					<lines>
						<line number="373" hits="0" branch="false"/>
					</lines>
				</class>
				<class name="com.pyramidacceptors.ptalk.api.CreditActions" filename="com/pyramidacceptors/ptalk/api/CreditActions.java" line-rate="1.0" branch-rate="1.0" complexity="0.0">
					<methods>
						<method name="&lt;clinit&gt;" signature="()V" line-rate="1.0" branch-rate="1.0">
							<lines>
								<line number="9" hits="285" branch="false"/>
								<line number="10" hits="71" branch="false"/>
							</lines>
						</method>
						<method name="&lt;init&gt;" signature="(Ljava/lang/String;I)V" line-rate="1.0" branch-rate="1.0">
							<lines>
							</lines>
						</method>
						<method name="valueOf" signature="(Ljava/lang/String;)Lcom/pyramidacceptors/ptalk/api/CreditActions;" line-rate="1.0" branch-rate="1.0">
							<lines>
							</lines>
						</method>
						<method name="values" signature="()[Lcom/pyramidacceptors/ptalk/api/CreditActions;" line-rate="1.0" branch-rate="1.0">
							<lines>
							</lines>
						</method>
					</methods>
					<lines>
						<line number="9" hits="285" branch="false"/>
						<line number="10" hits="71" branch="false"/>
					</lines>
				</class>
				<class name="com.pyramidacceptors.ptalk.api.ICommDevice" filename="com/pyramidacceptors/ptalk/api/ICommDevice.java" line-rate="1.0" branch-rate="1.0" complexity="1.0">
					<methods>
					</methods>
					<lines>
					</lines>
				</class>
				<class name="com.pyramidacceptors.ptalk.api.IState" filename="com/pyramidacceptors/ptalk/api/IState.java" line-rate="1.0" branch-rate="1.0" complexity="0.0">
					<methods>
					</methods>
					<lines>
					</lines>
				</class>
				<class name="com.pyramidacceptors.ptalk.api.MessageType" filename="com/pyramidacceptors/ptalk/api/MessageType.java" line-rate="1.0" branch-rate="1.0" complexity="0.0">
					<methods>
						<method name="&lt;clinit&gt;" signature="()V" line-rate="1.0" branch-rate="1.0">
							<lines>
								<line number="6" hits="24" branch="false"/>
								<line number="7" hits="8" branch="false"/>
								<line number="8" hits="8" branch="false"/>
							</lines>
						</method>
						<method name="&lt;init&gt;" signature="(Ljava/lang/String;I)V" line-rate="1.0" branch-rate="1.0">
							<lines>
							</lines>
						</method>
						<method name="valueOf" signature="(Ljava/lang/String;)Lcom/pyramidacceptors/ptalk/api/MessageType;" line-rate="1.0" branch-rate="1.0">
							<lines>
							</lines>
						</method>
						<method name="values" signature="()[Lcom/pyramidacceptors/ptalk/api/MessageType;" line-rate="1.0" branch-rate="1.0">
							<lines>
							</lines>
						</method>
					</methods>
					<lines>
						<line number="6" hits="24" branch="false"/>
						<line number="7" hits="8" branch="false"/>
						<line number="8" hits="8" branch="false"/>
					</lines>
				</class>
				<class name="com.pyramidacceptors.ptalk.api.PortScanner" filename="com/pyramidacceptors/ptalk/api/PortScanner.java" line-rate="0.0" branch-rate="0.0" complexity="6.0">
					<methods>
						<method name="&lt;clinit&gt;" signature="()V" line-rate="0.0" branch-rate="1.0">
							<lines>
								<line number="28" hits="0" branch="false"/>
							</lines>
						</method>
						<method name="&lt;init&gt;" signature="()V" line-rate="0.0" branch-rate="1.0">
							<lines>
								<line number="27" hits="0" branch="false"/>
							</lines>
						</method>
						<method name="find" signature="()Ljava/lang/String;" line-rate="0.0" branch-rate="0.0">
							<lines>
								<line number="38" hits="0" branch="false"/>
								<line number="41" hits="0" branch="false"/>
								<line number="44" hits="0" branch="false"/>
								<line number="46" hits="0" branch="true" condition-coverage="0% (0/2)">
									<conditions>
										<condition number="0" type="jump" coverage="0%"/>
									</conditions>
								</line>
								<line number="49" hits="0" branch="false"/>
								<line number="50" hits="0" branch="false"/>
								<line number="51" hits="0" branch="false"/>
								<line number="52" hits="0" branch="false"/>
								<line number="56" hits="0" branch="false"/>
								<line number="57" hits="0" branch="false"/>
								<line number="58" hits="0" branch="false"/>
								<line number="60" hits="0" branch="true" condition-coverage="0% (0/2)">
									<conditions>
										<condition number="0" type="jump" coverage="0%"/>
									</conditions>
								</line>
								<line number="61" hits="0" branch="false"/>
								<line number="64" hits="0" branch="false"/>
								<line number="65" hits="0" branch="false"/>
								<line number="67" hits="0" branch="false"/>
								<line number="68" hits="0" branch="false"/>
								<line number="69" hits="0" branch="false"/>
								<line number="72" hits="0" branch="true" condition-coverage="0% (0/2)">
									<conditions>
										<condition number="0" type="jump" coverage="0%"/>
									</conditions>
								</line>
								<line number="73" hits="0" branch="false"/>
								<line number="77" hits="0" branch="false"/>
							</lines>
						</method>
					</methods>
					<lines>
						<line number="27" hits="0" branch="false"/>
						<line number="28" hits="0" branch="false"/>
						<line number="38" hits="0" branch="false"/>
						<line number="41" hits="0" branch="false"/>
						<line number="44" hits="0" branch="false"/>
						<line number="46" hits="0" branch="true" condition-coverage="0% (0/2)">
							<conditions>
								<condition number="0" type="jump" coverage="0%"/>
							</conditions>
						</line>
						<line number="49" hits="0" branch="false"/>
						<line number="50" hits="0" branch="false"/>
						<line number="51" hits="0" branch="false"/>
						<line number="52" hits="0" branch="false"/>
						<line number="56" hits="0" branch="false"/>
						<line number="57" hits="0" branch="false"/>
						<line number="58" hits="0" branch="false"/>
						<line number="60" hits="0" branch="true" condition-coverage="0% (0/2)">
							<conditions>
								<condition number="0" type="jump" coverage="0%"/>
							</conditions>
						</line>
						<line number="61" hits="0" branch="false"/>
						<line number="64" hits="0" branch="false"/>
						<line number="65" hits="0" branch="false"/>
						<line number="67" hits="0" branch="false"/>
						<line number="68" hits="0" branch="false"/>
						<line number="69" hits="0" branch="false"/>
						<line number="72" hits="0" branch="true" condition-coverage="0% (0/2)">
							<conditions>
								<condition number="0" type="jump" coverage="0%"/>
							</conditions>
						</line>
						<line number="73" hits="0" branch="false"/>
						<line number="77" hits="0" branch="false"/>
					</lines>
				</class>
				<class name="com.pyramidacceptors.ptalk.api.PyramidAcceptor" filename="com/pyramidacceptors/ptalk/api/PyramidAcceptor.java" line-rate="0.0" branch-rate="0.0" complexity="1.565217391304348">
					<methods>
						<method name="&lt;init&gt;" signature="()V" line-rate="0.0" branch-rate="1.0">
							<lines>
								<line number="37" hits="0" branch="false"/>
								<line number="41" hits="0" branch="false"/>
								<line number="58" hits="0" branch="false"/>
								<line number="59" hits="0" branch="false"/>
								<line number="60" hits="0" branch="false"/>
							</lines>
						</method>
						<method name="&lt;init&gt;" signature="(Lcom/pyramidacceptors/ptalk/api/PyramidPort;)V" line-rate="0.0" branch-rate="1.0">
							<lines>
								<line number="50" hits="0" branch="false"/>
								<line number="51" hits="0" branch="false"/>
								<line number="52" hits="0" branch="false"/>
								<line number="53" hits="0" branch="false"/>
							</lines>
						</method>
						<method name="addChangeListener" signature="(Lcom/pyramidacceptors/ptalk/api/event/PTalkEventListener;)V" line-rate="0.0" branch-rate="1.0">
							<lines>
								<line number="197" hits="0" branch="false"/>
								<line number="198" hits="0" branch="false"/>
							</lines>
						</method>
						<method name="asTest" signature="()Lcom/pyramidacceptors/ptalk/api/PyramidAcceptor;" line-rate="0.0" branch-rate="1.0">
							<lines>
								<line number="122" hits="0" branch="false"/>
							</lines>
						</method>
						<method name="changeEventReceived" signature="(Lcom/pyramidacceptors/ptalk/api/event/PTalkEvent;)V" line-rate="0.0" branch-rate="0.0">
							<lines>
								<line number="309" hits="0" branch="false"/>
								<line number="310" hits="0" branch="false"/>
								<line number="313" hits="0" branch="true" condition-coverage="0% (0/2)">
									<conditions>
										<condition number="0" type="jump" coverage="0%"/>
									</conditions>
								</line>
								<line number="314" hits="0" branch="false"/>
								<line number="317" hits="0" branch="false"/>
								<line number="318" hits="0" branch="false"/>
							</lines>
						</method>
						<method name="connect" signature="()V" line-rate="0.0" branch-rate="0.0">
							<lines>
								<line number="226" hits="0" branch="true" condition-coverage="0% (0/4)">
									<conditions>
										<condition number="0" type="jump" coverage="0%"/>
										<condition number="1" type="jump" coverage="0%"/>
									</conditions>
								</line>
								<line number="228" hits="0" branch="false"/>
								<line number="229" hits="0" branch="false"/>
								<line number="230" hits="0" branch="false"/>
								<line number="232" hits="0" branch="false"/>
								<line number="233" hits="0" branch="false"/>
								<line number="237" hits="0" branch="false"/>
								<line number="238" hits="0" branch="false"/>
								<line number="241" hits="0" branch="false"/>
								<line number="242" hits="0" branch="false"/>
								<line number="243" hits="0" branch="false"/>
								<line number="244" hits="0" branch="false"/>
							</lines>
						</method>
						<method name="disconnect" signature="()V" line-rate="0.0" branch-rate="0.0">
							<lines>
								<line number="251" hits="0" branch="true" condition-coverage="0% (0/2)">
									<conditions>
										<condition number="0" type="jump" coverage="0%"/>
									</conditions>
								</line>
								<line number="252" hits="0" branch="false"/>
								<line number="253" hits="0" branch="false"/>
								<line number="257" hits="0" branch="true" condition-coverage="0% (0/2)">
									<conditions>
										<condition number="0" type="jump" coverage="0%"/>
									</conditions>
								</line>
								<line number="258" hits="0" branch="false"/>
								<line number="259" hits="0" branch="false"/>
								<line number="262" hits="0" branch="false"/>
								<line number="263" hits="0" branch="false"/>
								<line number="266" hits="0" branch="false"/>
								<line number="267" hits="0" branch="false"/>
								<line number="268" hits="0" branch="false"/>
								<line number="269" hits="0" branch="false"/>
							</lines>
						</method>
						<method name="fireChangeEvent" signature="(Lcom/pyramidacceptors/ptalk/api/event/PTalkEvent;)V" line-rate="0.0" branch-rate="0.0">
							<lines>
								<line number="215" hits="0" branch="true" condition-coverage="0% (0/2)">
									<conditions>
										<condition number="0" type="jump" coverage="0%"/>
									</conditions>
								</line>
								<line number="216" hits="0" branch="false"/>
								<line number="217" hits="0" branch="false"/>
								<line number="218" hits="0" branch="false"/>
							</lines>
						</method>
						<method name="getAcceptorModel" signature="()Ljava/lang/String;" line-rate="0.0" branch-rate="1.0">
							<lines>
								<line number="147" hits="0" branch="false"/>
							</lines>
						</method>
						<method name="getFirmwareRevision" signature="()Ljava/lang/String;" line-rate="0.0" branch-rate="1.0">
							<lines>
								<line number="136" hits="0" branch="false"/>
							</lines>
						</method>
						<method name="getPollRate" signature="()I" line-rate="0.0" branch-rate="1.0">
							<lines>
								<line number="273" hits="0" branch="false"/>
							</lines>
						</method>
						<method name="getPortName" signature="()Ljava/lang/String;" line-rate="0.0" branch-rate="1.0">
							<lines>
								<line number="293" hits="0" branch="false"/>
							</lines>
						</method>
						<method name="getSerialNumber" signature="()Ljava/lang/String;" line-rate="0.0" branch-rate="1.0">
							<lines>
								<line number="183" hits="0" branch="false"/>
							</lines>
						</method>
						<method name="isConnected" signature="()Z" line-rate="0.0" branch-rate="1.0">
							<lines>
								<line number="288" hits="0" branch="false"/>
							</lines>
						</method>
						<method name="pause" signature="()V" line-rate="0.0" branch-rate="1.0">
							<lines>
								<line number="297" hits="0" branch="false"/>
								<line number="298" hits="0" branch="false"/>
								<line number="299" hits="0" branch="false"/>
							</lines>
						</method>
						<method name="removeChangeListener" signature="(Lcom/pyramidacceptors/ptalk/api/event/PTalkEventListener;)V" line-rate="0.0" branch-rate="1.0">
							<lines>
								<line number="211" hits="0" branch="false"/>
								<line number="212" hits="0" branch="false"/>
							</lines>
						</method>
						<method name="requestReset" signature="()V" line-rate="0.0" branch-rate="1.0">
							<lines>
								<line number="159" hits="0" branch="false"/>
								<line number="160" hits="0" branch="false"/>
							</lines>
						</method>
						<method name="requestSerialNumber" signature="()V" line-rate="0.0" branch-rate="1.0">
							<lines>
								<line number="170" hits="0" branch="false"/>
								<line number="171" hits="0" branch="false"/>
							</lines>
						</method>
						<method name="setPollRate" signature="(I)Z" line-rate="0.0" branch-rate="0.0">
							<lines>
								<line number="278" hits="0" branch="false"/>
								<line number="279" hits="0" branch="true" condition-coverage="0% (0/2)">
									<conditions>
										<condition number="0" type="jump" coverage="0%"/>
									</conditions>
								</line>
								<line number="280" hits="0" branch="false"/>
								<line number="282" hits="0" branch="false"/>
								<line number="283" hits="0" branch="false"/>
							</lines>
						</method>
						<method name="unpause" signature="()V" line-rate="0.0" branch-rate="1.0">
							<lines>
								<line number="302" hits="0" branch="false"/>
								<line number="303" hits="0" branch="false"/>
								<line number="304" hits="0" branch="false"/>
							</lines>
						</method>
						<method name="valueOfRS232" signature="()Lcom/pyramidacceptors/ptalk/api/PyramidAcceptor;" line-rate="0.0" branch-rate="0.0">
							<lines>
								<line number="107" hits="0" branch="false"/>
								<line number="108" hits="0" branch="true" condition-coverage="0% (0/2)">
									<conditions>
										<condition number="0" type="jump" coverage="0%"/>
									</conditions>
								</line>
								<line number="109" hits="0" branch="false"/>
								<line number="111" hits="0" branch="false"/>
							</lines>
						</method>
						<method name="valueOfRS232" signature="(Lcom/pyramidacceptors/ptalk/api/RS232Configuration;Ljava/lang/String;IIII)Lcom/pyramidacceptors/ptalk/api/PyramidAcceptor;" line-rate="0.0" branch-rate="1.0">
							<lines>
								<line number="92" hits="0" branch="false"/>
								<line number="93" hits="0" branch="false"/>
								<line number="94" hits="0" branch="false"/>
							</lines>
						</method>
						<method name="valueOfRS232" signature="(Ljava/lang/String;)Lcom/pyramidacceptors/ptalk/api/PyramidAcceptor;" line-rate="0.0" branch-rate="1.0">
							<lines>
								<line number="72" hits="0" branch="false"/>
							</lines>
						</method>
					</methods>
					<lines>
						<line number="37" hits="0" branch="false"/>
						<line number="41" hits="0" branch="false"/>
						<line number="50" hits="0" branch="false"/>
						<line number="51" hits="0" branch="false"/>
						<line number="52" hits="0" branch="false"/>
						<line number="53" hits="0" branch="false"/>
						<line number="58" hits="0" branch="false"/>
						<line number="59" hits="0" branch="false"/>
						<line number="60" hits="0" branch="false"/>
						<line number="72" hits="0" branch="false"/>
						<line number="92" hits="0" branch="false"/>
						<line number="93" hits="0" branch="false"/>
						<line number="94" hits="0" branch="false"/>
						<line number="107" hits="0" branch="false"/>
						<line number="108" hits="0" branch="true" condition-coverage="0% (0/2)">
							<conditions>
								<condition number="0" type="jump" coverage="0%"/>
							</conditions>
						</line>
						<line number="109" hits="0" branch="false"/>
						<line number="111" hits="0" branch="false"/>
						<line number="122" hits="0" branch="false"/>
						<line number="136" hits="0" branch="false"/>
						<line number="147" hits="0" branch="false"/>
						<line number="159" hits="0" branch="false"/>
						<line number="160" hits="0" branch="false"/>
						<line number="170" hits="0" branch="false"/>
						<line number="171" hits="0" branch="false"/>
						<line number="183" hits="0" branch="false"/>
						<line number="197" hits="0" branch="false"/>
						<line number="198" hits="0" branch="false"/>
						<line number="211" hits="0" branch="false"/>
						<line number="212" hits="0" branch="false"/>
						<line number="215" hits="0" branch="true" condition-coverage="0% (0/2)">
							<conditions>
								<condition number="0" type="jump" coverage="0%"/>
							</conditions>
						</line>
						<line number="216" hits="0" branch="false"/>
						<line number="217" hits="0" branch="false"/>
						<line number="218" hits="0" branch="false"/>
						<line number="226" hits="0" branch="true" condition-coverage="0% (0/4)">
							<conditions>
								<condition number="0" type="jump" coverage="0%"/>
								<condition number="1" type="jump" coverage="0%"/>
							</conditions>
						</line>
						<line number="228" hits="0" branch="false"/>
						<line number="229" hits="0" branch="false"/>
						<line number="230" hits="0" branch="false"/>
						<line number="232" hits="0" branch="false"/>
						<line number="233" hits="0" branch="false"/>
						<line number="237" hits="0" branch="false"/>
						<line number="238" hits="0" branch="false"/>
						<line number="241" hits="0" branch="false"/>
						<line number="242" hits="0" branch="false"/>
						<line number="243" hits="0" branch="false"/>
						<line number="244" hits="0" branch="false"/>
						<line number="251" hits="0" branch="true" condition-coverage="0% (0/2)">
							<conditions>
								<condition number="0" type="jump" coverage="0%"/>
							</conditions>
						</line>
						<line number="252" hits="0" branch="false"/>
						<line number="253" hits="0" branch="false"/>
						<line number="257" hits="0" branch="true" condition-coverage="0% (0/2)">
							<conditions>
								<condition number="0" type="jump" coverage="0%"/>
							</conditions>
						</line>
						<line number="258" hits="0" branch="false"/>
						<line number="259" hits="0" branch="false"/>
						<line number="262" hits="0" branch="false"/>
						<line number="263" hits="0" branch="false"/>
						<line number="266" hits="0" branch="false"/>
						<line number="267" hits="0" branch="false"/>
						<line number="268" hits="0" branch="false"/>
						<line number="269" hits="0" branch="false"/>
						<line number="273" hits="0" branch="false"/>
						<line number="278" hits="0" branch="false"/>
						<line number="279" hits="0" branch="true" condition-coverage="0% (0/2)">
							<conditions>
								<condition number="0" type="jump" coverage="0%"/>
							</conditions>
						</line>
						<line number="280" hits="0" branch="false"/>
						<line number="282" hits="0" branch="false"/>
						<line number="283" hits="0" branch="false"/>
						<line number="288" hits="0" branch="false"/>
						<line number="293" hits="0" branch="false"/>
						<line number="297" hits="0" branch="false"/>
						<line number="298" hits="0" branch="false"/>
						<line number="299" hits="0" branch="false"/>
						<line number="302" hits="0" branch="false"/>
						<line number="303" hits="0" branch="false"/>
						<line number="304" hits="0" branch="false"/>
						<line number="309" hits="0" branch="false"/>
						<line number="310" hits="0" branch="false"/>
						<line number="313" hits="0" branch="true" condition-coverage="0% (0/2)">
							<conditions>
								<condition number="0" type="jump" coverage="0%"/>
							</conditions>
						</line>
						<line number="314" hits="0" branch="false"/>
						<line number="317" hits="0" branch="false"/>
						<line number="318" hits="0" branch="false"/>
					</lines>
				</class>
				<class name="com.pyramidacceptors.ptalk.api.PyramidDeviceException" filename="com/pyramidacceptors/ptalk/api/PyramidDeviceException.java" line-rate="0.0" branch-rate="1.0" complexity="1.0">
					<methods>
						<method name="&lt;init&gt;" signature="(Ljava/lang/String;Ljava/lang/String;Ljava/lang/String;)V" line-rate="0.0" branch-rate="1.0">
							<lines>
								<line number="57" hits="0" branch="false"/>
								<line number="58" hits="0" branch="false"/>
							</lines>
						</method>
					</methods>
					<lines>
						<line number="57" hits="0" branch="false"/>
						<line number="58" hits="0" branch="false"/>
					</lines>
				</class>
				<class name="com.pyramidacceptors.ptalk.api.PyramidPort" filename="com/pyramidacceptors/ptalk/api/PyramidPort.java" line-rate="0.0" branch-rate="0.0" complexity="1.5833333333333333">
					<methods>
						<method name="&lt;init&gt;" signature="(Lcom/pyramidacceptors/ptalk/api/PyramidPort$PortBuilder;)V" line-rate="0.0" branch-rate="1.0">
							<lines>
								<line number="48" hits="0" branch="false"/>
								<line number="50" hits="0" branch="false"/>
								<line number="51" hits="0" branch="false"/>
								<line number="52" hits="0" branch="false"/>
								<line number="53" hits="0" branch="false"/>
								<line number="54" hits="0" branch="false"/>
								<line number="55" hits="0" branch="false"/>
								<line number="56" hits="0" branch="false"/>
								<line number="59" hits="0" branch="false"/>
								<line number="60" hits="0" branch="false"/>
								<line number="61" hits="0" branch="false"/>
								<line number="62" hits="0" branch="false"/>
								<line number="63" hits="0" branch="false"/>
								<line number="64" hits="0" branch="false"/>
								<line number="65" hits="0" branch="false"/>
								<line number="66" hits="0" branch="false"/>
							</lines>
						</method>
						<method name="&lt;init&gt;" signature="(Lcom/pyramidacceptors/ptalk/api/PyramidPort$PortBuilder;Lcom/pyramidacceptors/ptalk/api/PyramidPort$1;)V" line-rate="0.0" branch-rate="1.0">
							<lines>
								<line number="34" hits="0" branch="false"/>
							</lines>
						</method>
						<method name="addEventListener" signature="(Ljssc/SerialPortEventListener;)V" line-rate="0.0" branch-rate="1.0">
							<lines>
								<line number="234" hits="0" branch="false"/>
								<line number="235" hits="0" branch="false"/>
							</lines>
						</method>
						<method name="addEventListener" signature="(Ljssc/SerialPortEventListener;I)V" line-rate="0.0" branch-rate="1.0">
							<lines>
								<line number="248" hits="0" branch="false"/>
								<line number="249" hits="0" branch="false"/>
							</lines>
						</method>
						<method name="closePort" signature="()Z" line-rate="0.0" branch-rate="1.0">
							<lines>
								<line number="148" hits="0" branch="false"/>
								<line number="149" hits="0" branch="false"/>
								<line number="150" hits="0" branch="false"/>
								<line number="151" hits="0" branch="false"/>
							</lines>
						</method>
						<method name="flush" signature="()V" line-rate="0.0" branch-rate="1.0">
							<lines>
								<line number="219" hits="0" branch="false"/>
								<line number="220" hits="0" branch="false"/>
								<line number="221" hits="0" branch="false"/>
								<line number="222" hits="0" branch="false"/>
								<line number="223" hits="0" branch="false"/>
							</lines>
						</method>
						<method name="getPortList" signature="()[Ljava/lang/String;" line-rate="0.0" branch-rate="1.0">
							<lines>
								<line number="75" hits="0" branch="false"/>
							</lines>
						</method>
						<method name="getPortList" signature="(Ljava/lang/String;)[Ljava/lang/String;" line-rate="0.0" branch-rate="1.0">
							<lines>
								<line number="88" hits="0" branch="false"/>
							</lines>
						</method>
						<method name="getPortList" signature="(Ljava/util/regex/Pattern;)[Ljava/lang/String;" line-rate="0.0" branch-rate="1.0">
							<lines>
								<line number="99" hits="0" branch="false"/>
							</lines>
						</method>
						<method name="getPortList" signature="(Ljava/util/regex/Pattern;Ljava/lang/String;)[Ljava/lang/String;" line-rate="0.0" branch-rate="1.0">
							<lines>
								<line number="114" hits="0" branch="false"/>
							</lines>
						</method>
						<method name="getPortName" signature="()Ljava/lang/String;" line-rate="0.0" branch-rate="0.0">
							<lines>
								<line number="166" hits="0" branch="true" condition-coverage="0% (0/2)">
									<conditions>
										<condition number="0" type="jump" coverage="0%"/>
									</conditions>
								</line>
							</lines>
						</method>
						<method name="isOpen" signature="()Z" line-rate="0.0" branch-rate="0.0">
							<lines>
								<line number="159" hits="0" branch="true" condition-coverage="0% (0/2)">
									<conditions>
										<condition number="0" type="jump" coverage="0%"/>
									</conditions>
								</line>
							</lines>
						</method>
						<method name="openPort" signature="()Z" line-rate="0.0" branch-rate="1.0">
							<lines>
								<line number="129" hits="0" branch="false"/>
								<line number="130" hits="0" branch="false"/>
								<line number="131" hits="0" branch="false"/>
							</lines>
						</method>
						<method name="readBytes" signature="(I)[B" line-rate="0.0" branch-rate="1.0">
							<lines>
								<line number="180" hits="0" branch="false"/>
							</lines>
						</method>
						<method name="readHexString" signature="(ILjava/lang/String;)Ljava/lang/String;" line-rate="0.0" branch-rate="1.0">
							<lines>
								<line number="194" hits="0" branch="false"/>
							</lines>
						</method>
						<method name="setEventsMask" signature="(I)V" line-rate="0.0" branch-rate="1.0">
							<lines>
								<line number="264" hits="0" branch="false"/>
								<line number="265" hits="0" branch="false"/>
							</lines>
						</method>
						<method name="write" signature="([B)V" line-rate="0.0" branch-rate="1.0">
							<lines>
								<line number="206" hits="0" branch="false"/>
								<line number="207" hits="0" branch="false"/>
								<line number="208" hits="0" branch="false"/>
								<line number="209" hits="0" branch="false"/>
								<line number="210" hits="0" branch="false"/>
							</lines>
						</method>
					</methods>
					<lines>
						<line number="34" hits="0" branch="false"/>
						<line number="48" hits="0" branch="false"/>
						<line number="50" hits="0" branch="false"/>
						<line number="51" hits="0" branch="false"/>
						<line number="52" hits="0" branch="false"/>
						<line number="53" hits="0" branch="false"/>
						<line number="54" hits="0" branch="false"/>
						<line number="55" hits="0" branch="false"/>
						<line number="56" hits="0" branch="false"/>
						<line number="59" hits="0" branch="false"/>
						<line number="60" hits="0" branch="false"/>
						<line number="61" hits="0" branch="false"/>
						<line number="62" hits="0" branch="false"/>
						<line number="63" hits="0" branch="false"/>
						<line number="64" hits="0" branch="false"/>
						<line number="65" hits="0" branch="false"/>
						<line number="66" hits="0" branch="false"/>
						<line number="75" hits="0" branch="false"/>
						<line number="88" hits="0" branch="false"/>
						<line number="99" hits="0" branch="false"/>
						<line number="114" hits="0" branch="false"/>
						<line number="129" hits="0" branch="false"/>
						<line number="130" hits="0" branch="false"/>
						<line number="131" hits="0" branch="false"/>
						<line number="148" hits="0" branch="false"/>
						<line number="149" hits="0" branch="false"/>
						<line number="150" hits="0" branch="false"/>
						<line number="151" hits="0" branch="false"/>
						<line number="159" hits="0" branch="true" condition-coverage="0% (0/2)">
							<conditions>
								<condition number="0" type="jump" coverage="0%"/>
							</conditions>
						</line>
						<line number="166" hits="0" branch="true" condition-coverage="0% (0/2)">
							<conditions>
								<condition number="0" type="jump" coverage="0%"/>
							</conditions>
						</line>
						<line number="180" hits="0" branch="false"/>
						<line number="194" hits="0" branch="false"/>
						<line number="206" hits="0" branch="false"/>
						<line number="207" hits="0" branch="false"/>
						<line number="208" hits="0" branch="false"/>
						<line number="209" hits="0" branch="false"/>
						<line number="210" hits="0" branch="false"/>
						<line number="219" hits="0" branch="false"/>
						<line number="220" hits="0" branch="false"/>
						<line number="221" hits="0" branch="false"/>
						<line number="222" hits="0" branch="false"/>
						<line number="223" hits="0" branch="false"/>
						<line number="234" hits="0" branch="false"/>
						<line number="235" hits="0" branch="false"/>
						<line number="248" hits="0" branch="false"/>
						<line number="249" hits="0" branch="false"/>
						<line number="264" hits="0" branch="false"/>
						<line number="265" hits="0" branch="false"/>
					</lines>
				</class>
				<class name="com.pyramidacceptors.ptalk.api.PyramidPort$1" filename="com/pyramidacceptors/ptalk/api/PyramidPort.java" line-rate="1.0" branch-rate="1.0" complexity="1.5833333333333333">
					<methods>
					</methods>
					<lines>
					</lines>
				</class>
				<class name="com.pyramidacceptors.ptalk.api.PyramidPort$PortBuilder" filename="com/pyramidacceptors/ptalk/api/PyramidPort.java" line-rate="0.0" branch-rate="1.0" complexity="1.5833333333333333">
					<methods>
						<method name="&lt;init&gt;" signature="(Ljava/lang/String;)V" line-rate="0.0" branch-rate="1.0">
							<lines>
								<line number="282" hits="0" branch="false"/>
								<line number="283" hits="0" branch="false"/>
								<line number="284" hits="0" branch="false"/>
								<line number="285" hits="0" branch="false"/>
								<line number="286" hits="0" branch="false"/>
								<line number="287" hits="0" branch="false"/>
								<line number="295" hits="0" branch="false"/>
								<line number="296" hits="0" branch="false"/>
								<line number="297" hits="0" branch="false"/>
							</lines>
						</method>
						<method name="access$000" signature="(Lcom/pyramidacceptors/ptalk/api/PyramidPort$PortBuilder;)Ljava/lang/String;" line-rate="1.0" branch-rate="1.0">
							<lines>
							</lines>
						</method>
						<method name="access$100" signature="(Lcom/pyramidacceptors/ptalk/api/PyramidPort$PortBuilder;)I" line-rate="1.0" branch-rate="1.0">
							<lines>
							</lines>
						</method>
						<method name="access$200" signature="(Lcom/pyramidacceptors/ptalk/api/PyramidPort$PortBuilder;)I" line-rate="1.0" branch-rate="1.0">
							<lines>
							</lines>
						</method>
						<method name="access$300" signature="(Lcom/pyramidacceptors/ptalk/api/PyramidPort$PortBuilder;)I" line-rate="1.0" branch-rate="1.0">
							<lines>
							</lines>
						</method>
						<method name="access$400" signature="(Lcom/pyramidacceptors/ptalk/api/PyramidPort$PortBuilder;)I" line-rate="1.0" branch-rate="1.0">
							<lines>
							</lines>
						</method>
						<method name="access$500" signature="(Lcom/pyramidacceptors/ptalk/api/PyramidPort$PortBuilder;)Z" line-rate="1.0" branch-rate="1.0">
							<lines>
							</lines>
						</method>
						<method name="access$600" signature="(Lcom/pyramidacceptors/ptalk/api/PyramidPort$PortBuilder;)Z" line-rate="0.0" branch-rate="1.0">
							<lines>
								<line number="276" hits="0" branch="false"/>
							</lines>
						</method>
						<method name="baudRate" signature="(I)Lcom/pyramidacceptors/ptalk/api/PyramidPort$PortBuilder;" line-rate="0.0" branch-rate="1.0">
							<lines>
								<line number="308" hits="0" branch="false"/>
								<line number="309" hits="0" branch="false"/>
							</lines>
						</method>
						<method name="build" signature="()Lcom/pyramidacceptors/ptalk/api/PyramidPort;" line-rate="0.0" branch-rate="1.0">
							<lines>
								<line number="385" hits="0" branch="false"/>
							</lines>
						</method>
						<method name="dataBits" signature="(I)Lcom/pyramidacceptors/ptalk/api/PyramidPort$PortBuilder;" line-rate="0.0" branch-rate="1.0">
							<lines>
								<line number="321" hits="0" branch="false"/>
								<line number="322" hits="0" branch="false"/>
							</lines>
						</method>
						<method name="parity" signature="(I)Lcom/pyramidacceptors/ptalk/api/PyramidPort$PortBuilder;" line-rate="0.0" branch-rate="1.0">
							<lines>
								<line number="334" hits="0" branch="false"/>
								<line number="335" hits="0" branch="false"/>
							</lines>
						</method>
						<method name="setDTR" signature="(Z)Lcom/pyramidacceptors/ptalk/api/PyramidPort$PortBuilder;" line-rate="0.0" branch-rate="1.0">
							<lines>
								<line number="373" hits="0" branch="false"/>
								<line number="374" hits="0" branch="false"/>
							</lines>
						</method>
						<method name="setRTS" signature="(Z)Lcom/pyramidacceptors/ptalk/api/PyramidPort$PortBuilder;" line-rate="0.0" branch-rate="1.0">
							<lines>
								<line number="360" hits="0" branch="false"/>
								<line number="361" hits="0" branch="false"/>
							</lines>
						</method>
						<method name="stopBits" signature="(I)Lcom/pyramidacceptors/ptalk/api/PyramidPort$PortBuilder;" line-rate="0.0" branch-rate="1.0">
							<lines>
								<line number="347" hits="0" branch="false"/>
								<line number="348" hits="0" branch="false"/>
							</lines>
						</method>
					</methods>
					<lines>
						<line number="276" hits="0" branch="false"/>
						<line number="282" hits="0" branch="false"/>
						<line number="283" hits="0" branch="false"/>
						<line number="284" hits="0" branch="false"/>
						<line number="285" hits="0" branch="false"/>
						<line number="286" hits="0" branch="false"/>
						<line number="287" hits="0" branch="false"/>
						<line number="295" hits="0" branch="false"/>
						<line number="296" hits="0" branch="false"/>
						<line number="297" hits="0" branch="false"/>
						<line number="308" hits="0" branch="false"/>
						<line number="309" hits="0" branch="false"/>
						<line number="321" hits="0" branch="false"/>
						<line number="322" hits="0" branch="false"/>
						<line number="334" hits="0" branch="false"/>
						<line number="335" hits="0" branch="false"/>
						<line number="347" hits="0" branch="false"/>
						<line number="348" hits="0" branch="false"/>
						<line number="360" hits="0" branch="false"/>
						<line number="361" hits="0" branch="false"/>
						<line number="373" hits="0" branch="false"/>
						<line number="374" hits="0" branch="false"/>
						<line number="385" hits="0" branch="false"/>
					</lines>
				</class>
				<class name="com.pyramidacceptors.ptalk.api.RS232Configuration" filename="com/pyramidacceptors/ptalk/api/RS232Configuration.java" line-rate="1.0" branch-rate="1.0" complexity="0.0">
					<methods>
						<method name="&lt;clinit&gt;" signature="()V" line-rate="1.0" branch-rate="1.0">
							<lines>
								<line number="30" hits="173" branch="false"/>
								<line number="36" hits="84" branch="false"/>
							</lines>
						</method>
						<method name="&lt;init&gt;" signature="(Ljava/lang/String;I)V" line-rate="1.0" branch-rate="1.0">
							<lines>
								<line number="44" hits="84" branch="false"/>
								<line number="46" hits="84" branch="false"/>
								<line number="47" hits="84" branch="false"/>
								<line number="48" hits="84" branch="false"/>
								<line number="49" hits="84" branch="false"/>
								<line number="50" hits="84" branch="false"/>
								<line number="51" hits="84" branch="false"/>
							</lines>
						</method>
						<method name="getAck" signature="()Z" line-rate="1.0" branch-rate="1.0">
							<lines>
								<line number="115" hits="6" branch="false"/>
							</lines>
						</method>
						<method name="getEnableMask" signature="()I" line-rate="1.0" branch-rate="1.0">
							<lines>
								<line number="151" hits="10" branch="false"/>
							</lines>
						</method>
						<method name="getEscrowMode" signature="()Z" line-rate="1.0" branch-rate="1.0">
							<lines>
								<line number="181" hits="2" branch="false"/>
							</lines>
						</method>
						<method name="getEventMask" signature="()I" line-rate="1.0" branch-rate="1.0">
							<lines>
								<line number="129" hits="3" branch="false"/>
							</lines>
						</method>
						<method name="getPollRetryLimit" signature="()I" line-rate="1.0" branch-rate="1.0">
							<lines>
								<line number="89" hits="4" branch="false"/>
							</lines>
						</method>
						<method name="getPollrate" signature="()I" line-rate="1.0" branch-rate="1.0">
							<lines>
								<line number="61" hits="2" branch="false"/>
							</lines>
						</method>
						<method name="setEnableMask" signature="(I)V" line-rate="1.0" branch-rate="1.0">
							<lines>
								<line number="163" hits="2" branch="false"/>
								<line number="164" hits="2" branch="false"/>
							</lines>
						</method>
						<method name="setEnabled" signature="(Z)V" line-rate="1.0" branch-rate="1.0">
							<lines>
								<line number="174" hits="5" branch="true" condition-coverage="100% (2/2)">
									<conditions>
										<condition number="0" type="jump" coverage="100%"/>
									</conditions>
								</line>
								<line number="175" hits="5" branch="false"/>
							</lines>
						</method>
						<method name="setEscrowMode" signature="(Z)V" line-rate="1.0" branch-rate="1.0">
							<lines>
								<line number="197" hits="2" branch="false"/>
							</lines>
						</method>
						<method name="setEventMask" signature="(I)V" line-rate="1.0" branch-rate="1.0">
							<lines>
								<line number="143" hits="6" branch="false"/>
								<line number="144" hits="6" branch="false"/>
							</lines>
						</method>
						<method name="setPollRetryLimit" signature="(I)Z" line-rate="1.0" branch-rate="1.0">
							<lines>
								<line number="105" hits="2" branch="true" condition-coverage="100% (2/2)">
									<conditions>
										<condition number="0" type="jump" coverage="100%"/>
									</conditions>
								</line>
								<line number="106" hits="1" branch="false"/>
								<line number="107" hits="1" branch="false"/>
								<line number="108" hits="1" branch="false"/>
							</lines>
						</method>
						<method name="setPollrate" signature="(I)Z" line-rate="1.0" branch-rate="1.0">
							<lines>
								<line number="72" hits="7" branch="true" condition-coverage="100% (4/4)">
									<conditions>
										<condition number="0" type="jump" coverage="100%"/>
										<condition number="1" type="jump" coverage="100%"/>
									</conditions>
								</line>
								<line number="73" hits="3" branch="false"/>
								<line number="75" hits="4" branch="false"/>
								<line number="76" hits="4" branch="false"/>
							</lines>
						</method>
						<method name="toggleAck" signature="()V" line-rate="1.0" branch-rate="1.0">
							<lines>
								<line number="122" hits="17" branch="true" condition-coverage="100% (2/2)">
									<conditions>
										<condition number="0" type="jump" coverage="100%"/>
									</conditions>
								</line>
								<line number="123" hits="17" branch="false"/>
							</lines>
						</method>
						<method name="valueOf" signature="(Ljava/lang/String;)Lcom/pyramidacceptors/ptalk/api/RS232Configuration;" line-rate="1.0" branch-rate="1.0">
							<lines>
							</lines>
						</method>
						<method name="values" signature="()[Lcom/pyramidacceptors/ptalk/api/RS232Configuration;" line-rate="1.0" branch-rate="1.0">
							<lines>
							</lines>
						</method>
					</methods>
					<lines>
						<line number="30" hits="173" branch="false"/>
						<line number="36" hits="84" branch="false"/>
						<line number="44" hits="84" branch="false"/>
						<line number="46" hits="84" branch="false"/>
						<line number="47" hits="84" branch="false"/>
						<line number="48" hits="84" branch="false"/>
						<line number="49" hits="84" branch="false"/>
						<line number="50" hits="84" branch="false"/>
						<line number="51" hits="84" branch="false"/>
						<line number="61" hits="2" branch="false"/>
						<line number="72" hits="7" branch="true" condition-coverage="100% (4/4)">
							<conditions>
								<condition number="0" type="jump" coverage="100%"/>
								<condition number="1" type="jump" coverage="100%"/>
							</conditions>
						</line>
						<line number="73" hits="3" branch="false"/>
						<line number="75" hits="4" branch="false"/>
						<line number="76" hits="4" branch="false"/>
						<line number="89" hits="4" branch="false"/>
						<line number="105" hits="2" branch="true" condition-coverage="100% (2/2)">
							<conditions>
								<condition number="0" type="jump" coverage="100%"/>
							</conditions>
						</line>
						<line number="106" hits="1" branch="false"/>
						<line number="107" hits="1" branch="false"/>
						<line number="108" hits="1" branch="false"/>
						<line number="115" hits="6" branch="false"/>
						<line number="122" hits="17" branch="true" condition-coverage="100% (2/2)">
							<conditions>
								<condition number="0" type="jump" coverage="100%"/>
							</conditions>
						</line>
						<line number="123" hits="17" branch="false"/>
						<line number="129" hits="3" branch="false"/>
						<line number="143" hits="6" branch="false"/>
						<line number="144" hits="6" branch="false"/>
						<line number="151" hits="10" branch="false"/>
						<line number="163" hits="2" branch="false"/>
						<line number="164" hits="2" branch="false"/>
						<line number="174" hits="5" branch="true" condition-coverage="100% (2/2)">
							<conditions>
								<condition number="0" type="jump" coverage="100%"/>
							</conditions>
						</line>
						<line number="175" hits="5" branch="false"/>
						<line number="181" hits="2" branch="false"/>
						<line number="197" hits="2" branch="false"/>
					</lines>
				</class>
				<class name="com.pyramidacceptors.ptalk.api.RS232Configuration$RS232State" filename="com/pyramidacceptors/ptalk/api/RS232Configuration.java" line-rate="1.0" branch-rate="1.0" complexity="0.0">
					<methods>
						<method name="&lt;clinit&gt;" signature="()V" line-rate="1.0" branch-rate="1.0">
							<lines>
								<line number="216" hits="259" branch="false"/>
								<line number="221" hits="15" branch="false"/>
								<line number="225" hits="15" branch="false"/>
								<line number="232" hits="15" branch="false"/>
								<line number="237" hits="15" branch="false"/>
								<line number="249" hits="15" branch="false"/>
								<line number="259" hits="15" branch="false"/>
								<line number="270" hits="15" branch="false"/>
								<line number="278" hits="15" branch="false"/>
								<line number="283" hits="15" branch="false"/>
								<line number="290" hits="15" branch="false"/>
								<line number="295" hits="15" branch="false"/>
								<line number="303" hits="15" branch="false"/>
								<line number="310" hits="15" branch="false"/>
								<line number="316" hits="15" branch="false"/>
								<line number="321" hits="15" branch="false"/>
								<line number="330" hits="15" branch="false"/>
							</lines>
						</method>
						<method name="&lt;init&gt;" signature="(Ljava/lang/String;I)V" line-rate="1.0" branch-rate="1.0">
							<lines>
							</lines>
						</method>
						<method name="valueOf" signature="(Ljava/lang/String;)Lcom/pyramidacceptors/ptalk/api/RS232Configuration$RS232State;" line-rate="1.0" branch-rate="1.0">
							<lines>
							</lines>
						</method>
						<method name="values" signature="()[Lcom/pyramidacceptors/ptalk/api/RS232Configuration$RS232State;" line-rate="1.0" branch-rate="1.0">
							<lines>
							</lines>
						</method>
					</methods>
					<lines>
						<line number="216" hits="259" branch="false"/>
						<line number="221" hits="15" branch="false"/>
						<line number="225" hits="15" branch="false"/>
						<line number="232" hits="15" branch="false"/>
						<line number="237" hits="15" branch="false"/>
						<line number="249" hits="15" branch="false"/>
						<line number="259" hits="15" branch="false"/>
						<line number="270" hits="15" branch="false"/>
						<line number="278" hits="15" branch="false"/>
						<line number="283" hits="15" branch="false"/>
						<line number="290" hits="15" branch="false"/>
						<line number="295" hits="15" branch="false"/>
						<line number="303" hits="15" branch="false"/>
						<line number="310" hits="15" branch="false"/>
						<line number="316" hits="15" branch="false"/>
						<line number="321" hits="15" branch="false"/>
						<line number="330" hits="15" branch="false"/>
					</lines>
				</class>
				<class name="com.pyramidacceptors.ptalk.api.RS232EventListener" filename="com/pyramidacceptors/ptalk/api/RS232EventListener.java" line-rate="1.0" branch-rate="1.0" complexity="1.0">
					<methods>
					</methods>
					<lines>
					</lines>
				</class>
				<class name="com.pyramidacceptors.ptalk.api.RS232Packet" filename="com/pyramidacceptors/ptalk/api/RS232Packet.java" line-rate="0.9926470588235294" branch-rate="0.9886363636363636" complexity="3.1666666666666665">
					<methods>
						<method name="&lt;clinit&gt;" signature="()V" line-rate="1.0" branch-rate="1.0">
							<lines>
								<line number="47" hits="71" branch="false"/>
								<line number="48" hits="71" branch="false"/>
							</lines>
						</method>
						<method name="&lt;init&gt;" signature="()V" line-rate="1.0" branch-rate="1.0">
							<lines>
								<line number="60" hits="46" branch="false"/>
								<line number="61" hits="46" branch="false"/>
							</lines>
						</method>
						<method name="&lt;init&gt;" signature="([B)V" line-rate="1.0" branch-rate="1.0">
							<lines>
								<line number="49" hits="84" branch="false"/>
								<line number="50" hits="84" branch="false"/>
								<line number="51" hits="84" branch="false"/>
								<line number="52" hits="84" branch="false"/>
								<line number="69" hits="38" branch="false"/>
								<line number="70" hits="38" branch="true" condition-coverage="100% (2/2)">
									<conditions>
										<condition number="0" type="jump" coverage="100%"/>
									</conditions>
								</line>
								<line number="71" hits="3" branch="false"/>
								<line number="72" hits="217" branch="true" condition-coverage="100% (2/2)">
									<conditions>
										<condition number="0" type="jump" coverage="100%"/>
									</conditions>
								</line>
								<line number="73" hits="182" branch="false"/>
								<line number="74" hits="35" branch="false"/>
							</lines>
						</method>
[...]
						<line number="403" hits="6" branch="true" condition-coverage="100% (2/2)">
							<conditions>
								<condition number="0" type="jump" coverage="100%"/>
							</conditions>
						</line>
						<line number="404" hits="3" branch="false"/>
						<line number="406" hits="7" branch="true" condition-coverage="100% (2/2)">
							<conditions>
								<condition number="0" type="jump" coverage="100%"/>
							</conditions>
						</line>
						<line number="407" hits="6" branch="true" condition-coverage="100% (2/2)">
							<conditions>
								<condition number="0" type="jump" coverage="100%"/>
							</conditions>
						</line>
						<line number="408" hits="2" branch="false"/>
						<line number="411" hits="1" branch="false"/>
						<line number="419" hits="2" branch="false"/>
						<line number="420" hits="2" branch="false"/>
						<line number="421" hits="2" branch="false"/>
						<line number="422" hits="2" branch="false"/>
						<line number="423" hits="2" branch="false"/>
					</lines>
				</class>
				<class name="com.pyramidacceptors.ptalk.api.RS232Socket" filename="com/pyramidacceptors/ptalk/api/RS232Socket.java" line-rate="1.0" branch-rate="1.0" complexity="1.8">
					<methods>
						<method name="&lt;init&gt;" signature="()V" line-rate="1.0" branch-rate="1.0">
							<lines>
								<line number="36" hits="10" branch="false"/>
								<line number="42" hits="10" branch="false"/>
								<line number="43" hits="10" branch="false"/>
							</lines>
						</method>
						<method name="generateCommand" signature="(Lcom/pyramidacceptors/ptalk/api/CreditActions;)[B" line-rate="1.0" branch-rate="1.0">
							<lines>
								<line number="55" hits="5" branch="false"/>
								<line number="56" hits="5" branch="true" condition-coverage="100% (2/2)">
									<conditions>
										<condition number="0" type="jump" coverage="100%"/>
									</conditions>
								</line>
								<line number="57" hits="2" branch="false"/>
								<line number="61" hits="5" branch="false"/>
								<line number="64" hits="5" branch="true" condition-coverage="100% (3/3)">
									<conditions>
										<condition number="0" type="switch" coverage="100%"/>
									</conditions>
								</line>
								<line number="66" hits="2" branch="false"/>
								<line number="67" hits="2" branch="false"/>
								<line number="69" hits="1" branch="false"/>
								<line number="70" hits="1" branch="false"/>
								<line number="75" hits="1" branch="false"/>
								<line number="80" hits="4" branch="false"/>
								<line number="81" hits="4" branch="false"/>
							</lines>
						</method>
						<method name="generateCommandCustom" signature="([B)[B" line-rate="1.0" branch-rate="1.0">
							<lines>
								<line number="93" hits="5" branch="false"/>
								<line number="96" hits="4" branch="false"/>
								<line number="97" hits="3" branch="false"/>
							</lines>
						</method>
						<method name="getMaxPacketRespSize" signature="()I" line-rate="1.0" branch-rate="1.0">
							<lines>
								<line number="105" hits="1" branch="false"/>
							</lines>
						</method>
						<method name="parseResponse" signature="([B)Lcom/pyramidacceptors/ptalk/api/RS232Packet;" line-rate="1.0" branch-rate="1.0">
							<lines>
								<line number="101" hits="4" branch="false"/>
							</lines>
						</method>
					</methods>
					<lines>
						<line number="36" hits="10" branch="false"/>
						<line number="42" hits="10" branch="false"/>
						<line number="43" hits="10" branch="false"/>
						<line number="55" hits="5" branch="false"/>
						<line number="56" hits="5" branch="true" condition-coverage="100% (2/2)">
							<conditions>
								<condition number="0" type="jump" coverage="100%"/>
							</conditions>
						</line>
						<line number="57" hits="2" branch="false"/>
						<line number="61" hits="5" branch="false"/>
						<line number="64" hits="5" branch="true" condition-coverage="100% (3/3)">
							<conditions>
								<condition number="0" type="switch" coverage="100%"/>
							</conditions>
						</line>
						<line number="66" hits="2" branch="false"/>
						<line number="67" hits="2" branch="false"/>
						<line number="69" hits="1" branch="false"/>
						<line number="70" hits="1" branch="false"/>
						<line number="75" hits="1" branch="false"/>
						<line number="80" hits="4" branch="false"/>
						<line number="81" hits="4" branch="false"/>
						<line number="93" hits="5" branch="false"/>
						<line number="96" hits="4" branch="false"/>
						<line number="97" hits="3" branch="false"/>
						<line number="101" hits="4" branch="false"/>
						<line number="105" hits="1" branch="false"/>
					</lines>
				</class>
				<class name="com.pyramidacceptors.ptalk.api.RS232Socket$1" filename="com/pyramidacceptors/ptalk/api/RS232Socket.java" line-rate="1.0" branch-rate="1.0" complexity="1.8">
					<methods>
						<method name="&lt;clinit&gt;" signature="()V" line-rate="1.0" branch-rate="1.0">
							<lines>
								<line number="64" hits="2" branch="false"/>
							</lines>
						</method>
					</methods>
					<lines>
						<line number="64" hits="2" branch="false"/>
					</lines>
				</class>
				<class name="com.pyramidacceptors.ptalk.api.Utilities" filename="com/pyramidacceptors/ptalk/api/Utilities.java" line-rate="1.0" branch-rate="1.0" complexity="3.3333333333333335">
					<methods>
						<method name="&lt;init&gt;" signature="()V" line-rate="1.0" branch-rate="1.0">
							<lines>
								<line number="6" hits="1" branch="false"/>
							</lines>
						</method>
						<method name="bytesToString" signature="([B)Ljava/lang/String;" line-rate="1.0" branch-rate="1.0">
							<lines>
								<line number="15" hits="8" branch="false"/>
							</lines>
						</method>
						<method name="bytesToString" signature="([BLjava/lang/String;)Ljava/lang/String;" line-rate="1.0" branch-rate="1.0">
							<lines>
								<line number="27" hits="16" branch="true" condition-coverage="100% (4/4)">
									<conditions>
										<condition number="0" type="jump" coverage="100%"/>
										<condition number="1" type="jump" coverage="100%"/>
									</conditions>
								</line>
								<line number="28" hits="11" branch="false"/>
								<line number="32" hits="16" branch="false"/>
								<line number="33" hits="38" branch="true" condition-coverage="100% (2/2)">
									<conditions>
										<condition number="0" type="jump" coverage="100%"/>
									</conditions>
								</line>
								<line number="34" hits="28" branch="false"/>
								<line number="35" hits="10" branch="false"/>
							</lines>
						</method>
						<method name="leftPadding" signature="(Ljava/lang/String;IC)Ljava/lang/String;" line-rate="1.0" branch-rate="1.0">
							<lines>
								<line number="52" hits="5" branch="true" condition-coverage="100% (2/2)">
									<conditions>
										<condition number="0" type="jump" coverage="100%"/>
									</conditions>
								</line>
								<line number="53" hits="2" branch="false"/>
								<line number="55" hits="2" branch="false"/>
								<line number="56" hits="10000" branch="true" condition-coverage="100% (2/2)">
									<conditions>
										<condition number="0" type="jump" coverage="100%"/>
									</conditions>
								</line>
								<line number="57" hits="9998" branch="false"/>
								<line number="60" hits="6" branch="true" condition-coverage="100% (2/2)">
									<conditions>
										<condition number="0" type="jump" coverage="100%"/>
									</conditions>
								</line>
								<line number="61" hits="5" branch="false"/>
								<line number="64" hits="1" branch="false"/>
							</lines>
						</method>
					</methods>
					<lines>
						<line number="6" hits="1" branch="false"/>
						<line number="15" hits="8" branch="false"/>
						<line number="27" hits="16" branch="true" condition-coverage="100% (4/4)">
							<conditions>
								<condition number="0" type="jump" coverage="100%"/>
								<condition number="1" type="jump" coverage="100%"/>
							</conditions>
						</line>
						<line number="28" hits="11" branch="false"/>
						<line number="32" hits="16" branch="false"/>
						<line number="33" hits="38" branch="true" condition-coverage="100% (2/2)">
							<conditions>
								<condition number="0" type="jump" coverage="100%"/>
							</conditions>
						</line>
						<line number="34" hits="28" branch="false"/>
						<line number="35" hits="10" branch="false"/>
						<line number="52" hits="5" branch="true" condition-coverage="100% (2/2)">
							<conditions>
								<condition number="0" type="jump" coverage="100%"/>
							</conditions>
						</line>
						<line number="53" hits="2" branch="false"/>
						<line number="55" hits="2" branch="false"/>
						<line number="56" hits="10000" branch="true" condition-coverage="100% (2/2)">
							<conditions>
								<condition number="0" type="jump" coverage="100%"/>
							</conditions>
						</line>
						<line number="57" hits="9998" branch="false"/>
						<line number="60" hits="6" branch="true" condition-coverage="100% (2/2)">
							<conditions>
								<condition number="0" type="jump" coverage="100%"/>
							</conditions>
						</line>
						<line number="61" hits="5" branch="false"/>
						<line number="64" hits="1" branch="false"/>
					</lines>
				</class>
			</classes>
		</package>
		<package name="com.pyramidacceptors.ptalk.api.event" line-rate="1.0" branch-rate="1.0" complexity="1.0">
			<classes>
				<class name="com.pyramidacceptors.ptalk.api.event.ConnectionFailureEvent" filename="com/pyramidacceptors/ptalk/api/event/ConnectionFailureEvent.java" line-rate="1.0" branch-rate="1.0" complexity="1.0">
					<methods>
						<method name="&lt;init&gt;" signature="(Ljava/lang/Object;I)V" line-rate="1.0" branch-rate="1.0">
							<lines>
								<line number="28" hits="3" branch="false"/>
								<line number="30" hits="3" branch="false"/>
								<line number="31" hits="3" branch="false"/>
							</lines>
						</method>
						<method name="getFailureCount" signature="()I" line-rate="1.0" branch-rate="1.0">
							<lines>
								<line number="39" hits="3" branch="false"/>
							</lines>
						</method>
					</methods>
					<lines>
						<line number="28" hits="3" branch="false"/>
						<line number="30" hits="3" branch="false"/>
						<line number="31" hits="3" branch="false"/>
						<line number="39" hits="3" branch="false"/>
					</lines>
				</class>
				<class name="com.pyramidacceptors.ptalk.api.event.CreditEvent" filename="com/pyramidacceptors/ptalk/api/event/CreditEvent.java" line-rate="1.0" branch-rate="1.0" complexity="1.0">
					<methods>
						<method name="&lt;init&gt;" signature="(Ljava/lang/Object;Ljava/lang/String;Lcom/pyramidacceptors/ptalk/api/BillNames;)V" line-rate="1.0" branch-rate="1.0">
							<lines>
								<line number="48" hits="3" branch="false"/>
								<line number="50" hits="2" branch="false"/>
								<line number="51" hits="2" branch="false"/>
							</lines>
						</method>
						<method name="getBillName" signature="()Lcom/pyramidacceptors/ptalk/api/BillNames;" line-rate="1.0" branch-rate="1.0">
							<lines>
								<line number="59" hits="2" branch="false"/>
							</lines>
						</method>
					</methods>
					<lines>
						<line number="48" hits="3" branch="false"/>
						<line number="50" hits="2" branch="false"/>
						<line number="51" hits="2" branch="false"/>
						<line number="59" hits="2" branch="false"/>
					</lines>
				</class>
				<class name="com.pyramidacceptors.ptalk.api.event.EscrowedEvent" filename="com/pyramidacceptors/ptalk/api/event/EscrowedEvent.java" line-rate="1.0" branch-rate="1.0" complexity="1.0">
					<methods>
						<method name="&lt;init&gt;" signature="(Ljava/lang/Object;Ljava/lang/String;Lcom/pyramidacceptors/ptalk/api/BillNames;)V" line-rate="1.0" branch-rate="1.0">
							<lines>
								<line number="49" hits="3" branch="false"/>
								<line number="51" hits="2" branch="false"/>
								<line number="52" hits="2" branch="false"/>
							</lines>
						</method>
						<method name="getBillName" signature="()Lcom/pyramidacceptors/ptalk/api/BillNames;" line-rate="1.0" branch-rate="1.0">
							<lines>
								<line number="60" hits="2" branch="false"/>
							</lines>
						</method>
					</methods>
					<lines>
						<line number="49" hits="3" branch="false"/>
						<line number="51" hits="2" branch="false"/>
						<line number="52" hits="2" branch="false"/>
						<line number="60" hits="2" branch="false"/>
					</lines>
				</class>
				<class name="com.pyramidacceptors.ptalk.api.event.Events" filename="com/pyramidacceptors/ptalk/api/event/Events.java" line-rate="1.0" branch-rate="1.0" complexity="1.0">
					<methods>
						<method name="&lt;clinit&gt;" signature="()V" line-rate="1.0" branch-rate="1.0">
							<lines>
								<line number="47" hits="103" branch="false"/>
								<line number="54" hits="93" branch="false"/>
								<line number="59" hits="93" branch="false"/>
								<line number="71" hits="93" branch="false"/>
								<line number="81" hits="93" branch="false"/>
								<line number="87" hits="93" branch="false"/>
								<line number="98" hits="93" branch="false"/>
								<line number="105" hits="93" branch="false"/>
								<line number="111" hits="93" branch="false"/>
								<line number="116" hits="93" branch="false"/>
								<line number="124" hits="93" branch="false"/>
								<line number="129" hits="93" branch="false"/>
								<line number="136" hits="93" branch="false"/>
								<line number="140" hits="93" branch="false"/>
								<line number="144" hits="93" branch="false"/>
								<line number="151" hits="93" branch="false"/>
								<line number="155" hits="93" branch="false"/>
								<line number="159" hits="93" branch="false"/>
								<line number="165" hits="93" branch="false"/>
								<line number="174" hits="93" branch="false"/>
							</lines>
						</method>
						<method name="&lt;init&gt;" signature="(Ljava/lang/String;II)V" line-rate="1.0" branch-rate="1.0">
							<lines>
								<line number="178" hits="1767" branch="false"/>
								<line number="179" hits="1767" branch="false"/>
								<line number="180" hits="1767" branch="false"/>
							</lines>
						</method>
						<method name="getIntId" signature="()I" line-rate="1.0" branch-rate="1.0">
							<lines>
								<line number="188" hits="2" branch="false"/>
							</lines>
						</method>
						<method name="valueOf" signature="(Ljava/lang/String;)Lcom/pyramidacceptors/ptalk/api/event/Events;" line-rate="1.0" branch-rate="1.0">
							<lines>
							</lines>
						</method>
						<method name="values" signature="()[Lcom/pyramidacceptors/ptalk/api/event/Events;" line-rate="1.0" branch-rate="1.0">
							<lines>
							</lines>
						</method>
					</methods>
					<lines>
						<line number="47" hits="103" branch="false"/>
						<line number="54" hits="93" branch="false"/>
						<line number="59" hits="93" branch="false"/>
						<line number="71" hits="93" branch="false"/>
						<line number="81" hits="93" branch="false"/>
						<line number="87" hits="93" branch="false"/>
						<line number="98" hits="93" branch="false"/>
						<line number="105" hits="93" branch="false"/>
						<line number="111" hits="93" branch="false"/>
						<line number="116" hits="93" branch="false"/>
						<line number="124" hits="93" branch="false"/>
						<line number="129" hits="93" branch="false"/>
						<line number="136" hits="93" branch="false"/>
						<line number="140" hits="93" branch="false"/>
						<line number="144" hits="93" branch="false"/>
						<line number="151" hits="93" branch="false"/>
						<line number="155" hits="93" branch="false"/>
						<line number="159" hits="93" branch="false"/>
						<line number="165" hits="93" branch="false"/>
						<line number="174" hits="93" branch="false"/>
						<line number="178" hits="1767" branch="false"/>
						<line number="179" hits="1767" branch="false"/>
						<line number="180" hits="1767" branch="false"/>
						<line number="188" hits="2" branch="false"/>
					</lines>
				</class>
				<class name="com.pyramidacceptors.ptalk.api.event.PTalkEvent" filename="com/pyramidacceptors/ptalk/api/event/PTalkEvent.java" line-rate="1.0" branch-rate="1.0" complexity="1.0">
					<methods>
						<method name="&lt;init&gt;" signature="(Ljava/lang/Object;Lcom/pyramidacceptors/ptalk/api/event/Events;Ljava/lang/String;)V" line-rate="1.0" branch-rate="1.0">
							<lines>
								<line number="24" hits="22" branch="false"/>
								<line number="26" hits="16" branch="false"/>
								<line number="27" hits="16" branch="false"/>
								<line number="29" hits="16" branch="false"/>
								<line number="30" hits="15" branch="false"/>
							</lines>
						</method>
						<method name="getEventId" signature="()Ljava/util/EnumSet;" line-rate="1.0" branch-rate="1.0">
							<lines>
								<line number="39" hits="1" branch="false"/>
							</lines>
						</method>
						<method name="getId" signature="()Lcom/pyramidacceptors/ptalk/api/event/Events;" line-rate="1.0" branch-rate="1.0">
							<lines>
								<line number="48" hits="1" branch="false"/>
							</lines>
						</method>
						<method name="getPacketString" signature="()Ljava/lang/String;" line-rate="1.0" branch-rate="1.0">
							<lines>
								<line number="57" hits="4" branch="false"/>
							</lines>
						</method>
					</methods>
					<lines>
						<line number="24" hits="22" branch="false"/>
						<line number="26" hits="16" branch="false"/>
						<line number="27" hits="16" branch="false"/>
						<line number="29" hits="16" branch="false"/>
						<line number="30" hits="15" branch="false"/>
						<line number="39" hits="1" branch="false"/>
						<line number="48" hits="1" branch="false"/>
						<line number="57" hits="4" branch="false"/>
					</lines>
				</class>
				<class name="com.pyramidacceptors.ptalk.api.event.PTalkEventListener" filename="com/pyramidacceptors/ptalk/api/event/PTalkEventListener.java" line-rate="1.0" branch-rate="1.0" complexity="1.0">
					<methods>
					</methods>
					<lines>
					</lines>
				</class>
				<class name="com.pyramidacceptors.ptalk.api.event.SerialDataEvent" filename="com/pyramidacceptors/ptalk/api/event/SerialDataEvent.java" line-rate="1.0" branch-rate="1.0" complexity="1.0">
					<methods>
						<method name="&lt;init&gt;" signature="(Ljava/lang/Object;Lcom/pyramidacceptors/ptalk/api/MessageType;Ljava/lang/String;)V" line-rate="1.0" branch-rate="1.0">
							<lines>
								<line number="27" hits="6" branch="false"/>
								<line number="29" hits="3" branch="false"/>
								<line number="30" hits="3" branch="false"/>
								<line number="31" hits="3" branch="false"/>
							</lines>
						</method>
						<method name="getMessageType" signature="()Lcom/pyramidacceptors/ptalk/api/MessageType;" line-rate="1.0" branch-rate="1.0">
							<lines>
								<line number="61" hits="2" branch="false"/>
							</lines>
						</method>
						<method name="newRxEvent" signature="(Ljava/lang/Object;Ljava/lang/String;)Lcom/pyramidacceptors/ptalk/api/event/SerialDataEvent;" line-rate="1.0" branch-rate="1.0">
							<lines>
								<line number="52" hits="2" branch="false"/>
							</lines>
						</method>
						<method name="newTxEvent" signature="(Ljava/lang/Object;Ljava/lang/String;)Lcom/pyramidacceptors/ptalk/api/event/SerialDataEvent;" line-rate="1.0" branch-rate="1.0">
							<lines>
								<line number="41" hits="2" branch="false"/>
							</lines>
						</method>
					</methods>
					<lines>
						<line number="27" hits="6" branch="false"/>
						<line number="29" hits="3" branch="false"/>
						<line number="30" hits="3" branch="false"/>
						<line number="31" hits="3" branch="false"/>
						<line number="41" hits="2" branch="false"/>
						<line number="52" hits="2" branch="false"/>
						<line number="61" hits="2" branch="false"/>
					</lines>
				</class>
			</classes>
		</package>
	</packages>
</coverage>
