<?xml version="1.0"?>
<!DOCTYPE coverage SYSTEM "http://cobertura.sourceforge.net/xml/coverage-04.dtd">

<coverage line-rate="0.5315682281059063" branch-rate="0.36363636363636365" lines-covered="522" lines-valid="982" branches-covered="88" branches-valid="242" complexity="1.8309178743961352" version="2.1.1" timestamp="1742929623900">
	<sources>
		<source>--source</source>
		<source>/home/ig2g/Documents/Thesis/Coverage/java/flaky_java_projects/myzhan-locust4j/src/main/java</source>
	</sources>
	<packages>
		<package name="com.github.myzhan.locust4j" line-rate="0.2692307692307692" branch-rate="0.2" complexity="1.9655172413793103">
			<classes>
				<class name="com.github.myzhan.locust4j.AbstractTask" filename="com/github/myzhan/locust4j/AbstractTask.java" line-rate="0.71875" branch-rate="0.6" complexity="3.5">
					<methods>
						<method name="&lt;clinit&gt;" signature="()V" line-rate="1.0" branch-rate="1.0" complexity="0">
							<lines>
								<line number="23" hits="14" branch="false"/>
							</lines>
						</method>
						<method name="&lt;init&gt;" signature="()V" line-rate="1.0" branch-rate="1.0" complexity="0">
							<lines>
								<line number="21" hits="27" branch="false"/>
							</lines>
						</method>
						<method name="onStart" signature="()V" line-rate="1.0" branch-rate="1.0" complexity="0">
							<lines>
								<line number="56" hits="13" branch="false"/>
							</lines>
						</method>
						<method name="onStop" signature="()V" line-rate="1.0" branch-rate="1.0" complexity="0">
							<lines>
								<line number="64" hits="3" branch="false"/>
							</lines>
						</method>
						<method name="run" signature="()V" line-rate="0.6785714285714286" branch-rate="0.6" complexity="0">
							<lines>
								<line number="68" hits="15" branch="false"/>
								<line number="71" hits="15" branch="false"/>
								<line number="72" hits="1" branch="false"/>
								<line number="73" hits="1" branch="false"/>
								<line number="74" hits="1" branch="false"/>
								<line number="75" hits="1" branch="false"/>
								<line number="76" hits="14" branch="false"/>
								<line number="79" hits="8955" branch="true" condition-coverage="75% (3/4)">
									<conditions>
										<condition number="0" type="jump" coverage="100%"/>
										<condition number="1" type="jump" coverage="50%"/>
									</conditions>
								</line>
								<line number="81" hits="2" branch="false"/>
								<line number="84" hits="8954" branch="true" condition-coverage="100% (2/2)">
									<conditions>
										<condition number="0" type="jump" coverage="100%"/>
									</conditions>
								</line>
								<line number="85" hits="1" branch="false"/>
								<line number="89" hits="8952" branch="true" condition-coverage="50% (1/2)">
									<conditions>
										<condition number="0" type="jump" coverage="50%"/>
									</conditions>
								</line>
								<line number="91" hits="0" branch="false"/>
								<line number="92" hits="0" branch="true" condition-coverage="0% (0/2)">
									<conditions>
										<condition number="0" type="jump" coverage="0%"/>
									</conditions>
								</line>
								<line number="93" hits="0" branch="false"/>
								<line number="95" hits="0" branch="false"/>
								<line number="96" hits="8952" branch="false"/>
								<line number="98" hits="0" branch="false"/>
								<line number="99" hits="0" branch="false"/>
								<line number="100" hits="4837" branch="false"/>
								<line number="101" hits="4837" branch="false"/>
								<line number="102" hits="4837" branch="false"/>
								<line number="103" hits="0" branch="false"/>
								<line number="106" hits="0" branch="false"/>
								<line number="107" hits="0" branch="false"/>
								<line number="108" hits="8943" branch="false"/>
								<line number="111" hits="4" branch="false"/>
								<line number="112" hits="1" branch="false"/>
							</lines>
						</method>
					</methods>
					<lines>
						<line number="21" hits="27" branch="false"/>
						<line number="23" hits="14" branch="false"/>
						<line number="56" hits="13" branch="false"/>
						<line number="64" hits="3" branch="false"/>
						<line number="68" hits="15" branch="false"/>
						<line number="71" hits="15" branch="false"/>
						<line number="72" hits="1" branch="false"/>
						<line number="73" hits="1" branch="false"/>
						<line number="74" hits="1" branch="false"/>
						<line number="75" hits="1" branch="false"/>
						<line number="76" hits="14" branch="false"/>
						<line number="79" hits="8955" branch="true" condition-coverage="75% (3/4)">
							<conditions>
								<condition number="0" type="jump" coverage="100%"/>
								<condition number="1" type="jump" coverage="50%"/>
							</conditions>
						</line>
						<line number="81" hits="2" branch="false"/>
						<line number="84" hits="8954" branch="true" condition-coverage="100% (2/2)">
							<conditions>
								<condition number="0" type="jump" coverage="100%"/>
							</conditions>
						</line>
						<line number="85" hits="1" branch="false"/>
						<line number="89" hits="8952" branch="true" condition-coverage="50% (1/2)">
							<conditions>
								<condition number="0" type="jump" coverage="50%"/>
							</conditions>
						</line>
						<line number="91" hits="0" branch="false"/>
						<line number="92" hits="0" branch="true" condition-coverage="0% (0/2)">
							<conditions>
								<condition number="0" type="jump" coverage="0%"/>
							</conditions>
						</line>
						<line number="93" hits="0" branch="false"/>
						<line number="95" hits="0" branch="false"/>
						<line number="96" hits="8952" branch="false"/>
						<line number="98" hits="0" branch="false"/>
						<line number="99" hits="0" branch="false"/>
						<line number="100" hits="4837" branch="false"/>
						<line number="101" hits="4837" branch="false"/>
						<line number="102" hits="4837" branch="false"/>
						<line number="103" hits="0" branch="false"/>
						<line number="106" hits="0" branch="false"/>
						<line number="107" hits="0" branch="false"/>
						<line number="108" hits="8943" branch="false"/>
						<line number="111" hits="4" branch="false"/>
						<line number="112" hits="1" branch="false"/>
					</lines>
				</class>
				<class name="com.github.myzhan.locust4j.Locust" filename="com/github/myzhan/locust4j/Locust.java" line-rate="0.10752688172043011" branch-rate="0.0" complexity="1.565217391304348">
					<methods>
						<method name="&lt;clinit&gt;" signature="()V" line-rate="1.0" branch-rate="1.0" complexity="0">
							<lines>
								<line number="28" hits="12" branch="false"/>
							</lines>
						</method>
						<method name="&lt;init&gt;" signature="()V" line-rate="1.0" branch-rate="1.0" complexity="0">
							<lines>
								<line number="30" hits="12" branch="false"/>
								<line number="31" hits="12" branch="false"/>
								<line number="32" hits="12" branch="false"/>
								<line number="33" hits="12" branch="false"/>
								<line number="38" hits="12" branch="false"/>
								<line number="40" hits="12" branch="false"/>
							</lines>
						</method>
						<method name="&lt;init&gt;" signature="(Lcom/github/myzhan/locust4j/Locust$1;)V" line-rate="1.0" branch-rate="1.0" complexity="0">
							<lines>
								<line number="26" hits="12" branch="false"/>
							</lines>
						</method>
						<method name="addShutdownHook" signature="()V" line-rate="0.0" branch-rate="1.0" complexity="0">
							<lines>
								<line number="250" hits="0" branch="false"/>
								<line number="256" hits="0" branch="false"/>
							</lines>
						</method>
						<method name="dryRun" signature="(Ljava/util/List;)V" line-rate="0.0" branch-rate="0.0" complexity="0">
							<lines>
								<line number="207" hits="0" branch="false"/>
								<line number="208" hits="0" branch="true" condition-coverage="0% (0/2)">
									<conditions>
										<condition number="0" type="jump" coverage="0%"/>
									</conditions>
								</line>
								<line number="209" hits="0" branch="false"/>
								<line number="211" hits="0" branch="false"/>
								<line number="212" hits="0" branch="false"/>
								<line number="213" hits="0" branch="false"/>
								<line number="214" hits="0" branch="false"/>
								<line number="216" hits="0" branch="false"/>
								<line number="218" hits="0" branch="false"/>
								<line number="219" hits="0" branch="false"/>
								<line number="220" hits="0" branch="false"/>
								<line number="222" hits="0" branch="false"/>
								<line number="223" hits="0" branch="false"/>
								<line number="224" hits="0" branch="false"/>
								<line number="225" hits="0" branch="false"/>
							</lines>
						</method>
						<method name="dryRun" signature="([Lcom/github/myzhan/locust4j/AbstractTask;)V" line-rate="0.0" branch-rate="1.0" complexity="0">
							<lines>
								<line number="197" hits="0" branch="false"/>
								<line number="198" hits="0" branch="false"/>
							</lines>
						</method>
						<method name="getInstance" signature="()Lcom/github/myzhan/locust4j/Locust;" line-rate="1.0" branch-rate="1.0" complexity="0">
							<lines>
								<line number="49" hits="1" branch="false"/>
							</lines>
						</method>
						<method name="getRateLimiter" signature="()Lcom/github/myzhan/locust4j/ratelimit/AbstractRateLimiter;" line-rate="0.0" branch-rate="1.0" complexity="0">
							<lines>
								<line number="90" hits="0" branch="false"/>
							</lines>
						</method>
						<method name="getRemoteParam" signature="(Ljava/lang/String;)Ljava/lang/Object;" line-rate="0.0" branch-rate="0.0" complexity="0">
							<lines>
								<line number="305" hits="0" branch="true" condition-coverage="0% (0/2)">
									<conditions>
										<condition number="0" type="jump" coverage="0%"/>
									</conditions>
								</line>
								<line number="306" hits="0" branch="false"/>
								<line number="308" hits="0" branch="false"/>
							</lines>
						</method>
						<method name="getRunner" signature="()Lcom/github/myzhan/locust4j/runtime/Runner;" line-rate="1.0" branch-rate="1.0" complexity="0">
							<lines>
								<line number="139" hits="1" branch="false"/>
							</lines>
						</method>
						<method name="isRateLimitEnabled" signature="()Z" line-rate="0.0" branch-rate="1.0" complexity="0">
							<lines>
								<line number="111" hits="0" branch="false"/>
							</lines>
						</method>
						<method name="isVerbose" signature="()Z" line-rate="0.0" branch-rate="1.0" complexity="0">
							<lines>
								<line number="120" hits="0" branch="false"/>
							</lines>
						</method>
						<method name="recordFailure" signature="(Ljava/lang/String;Ljava/lang/String;JLjava/lang/String;)V" line-rate="0.0" branch-rate="1.0" complexity="0">
							<lines>
								<line number="287" hits="0" branch="false"/>
								<line number="288" hits="0" branch="false"/>
								<line number="289" hits="0" branch="false"/>
								<line number="290" hits="0" branch="false"/>
								<line number="291" hits="0" branch="false"/>
								<line number="292" hits="0" branch="false"/>
								<line number="293" hits="0" branch="false"/>
								<line number="294" hits="0" branch="false"/>
							</lines>
						</method>
						<method name="recordSuccess" signature="(Ljava/lang/String;Ljava/lang/String;JJ)V" line-rate="0.0" branch-rate="1.0" complexity="0">
							<lines>
								<line number="268" hits="0" branch="false"/>
								<line number="269" hits="0" branch="false"/>
								<line number="270" hits="0" branch="false"/>
								<line number="271" hits="0" branch="false"/>
								<line number="272" hits="0" branch="false"/>
								<line number="273" hits="0" branch="false"/>
								<line number="274" hits="0" branch="false"/>
								<line number="275" hits="0" branch="false"/>
							</lines>
						</method>
						<method name="removeInvalidTasks" signature="(Ljava/util/List;)Ljava/util/List;" line-rate="0.0" branch-rate="0.0" complexity="0">
							<lines>
								<line number="143" hits="0" branch="false"/>
								<line number="144" hits="0" branch="true" condition-coverage="0% (0/2)">
									<conditions>
										<condition number="0" type="jump" coverage="0%"/>
									</conditions>
								</line>
								<line number="145" hits="0" branch="true" condition-coverage="0% (0/2)">
									<conditions>
										<condition number="0" type="jump" coverage="0%"/>
									</conditions>
								</line>
								<line number="146" hits="0" branch="false"/>
								<line number="149" hits="0" branch="false"/>
							</lines>
						</method>
						<method name="run" signature="(Ljava/util/List;)V" line-rate="0.0" branch-rate="0.0" complexity="0">
							<lines>
								<line number="169" hits="0" branch="true" condition-coverage="0% (0/2)">
									<conditions>
										<condition number="0" type="jump" coverage="0%"/>
									</conditions>
								</line>
								<line number="171" hits="0" branch="false"/>
								<line number="174" hits="0" branch="false"/>
								<line number="176" hits="0" branch="false"/>
								<line number="178" hits="0" branch="false"/>
								<line number="179" hits="0" branch="false"/>
								<line number="181" hits="0" branch="false"/>
								<line number="182" hits="0" branch="false"/>
								<line number="183" hits="0" branch="false"/>
								<line number="184" hits="0" branch="false"/>
								<line number="185" hits="0" branch="false"/>
								<line number="187" hits="0" branch="false"/>
								<line number="188" hits="0" branch="false"/>
							</lines>
						</method>
						<method name="run" signature="([Lcom/github/myzhan/locust4j/AbstractTask;)V" line-rate="0.0" branch-rate="1.0" complexity="0">
							<lines>
								<line number="159" hits="0" branch="false"/>
								<line number="160" hits="0" branch="false"/>
							</lines>
						</method>
						<method name="setMasterHost" signature="(Ljava/lang/String;)V" line-rate="0.0" branch-rate="1.0" complexity="0">
							<lines>
								<line number="59" hits="0" branch="false"/>
								<line number="60" hits="0" branch="false"/>
							</lines>
						</method>
						<method name="setMasterPort" signature="(I)V" line-rate="0.0" branch-rate="1.0" complexity="0">
							<lines>
								<line number="69" hits="0" branch="false"/>
								<line number="70" hits="0" branch="false"/>
							</lines>
						</method>
						<method name="setMaxRPS" signature="(J)V" line-rate="0.0" branch-rate="1.0" complexity="0">
							<lines>
								<line number="79" hits="0" branch="false"/>
								<line number="80" hits="0" branch="false"/>
								<line number="81" hits="0" branch="false"/>
							</lines>
						</method>
						<method name="setRateLimiter" signature="(Lcom/github/myzhan/locust4j/ratelimit/AbstractRateLimiter;)V" line-rate="0.0" branch-rate="0.0" complexity="0">
							<lines>
								<line number="100" hits="0" branch="true" condition-coverage="0% (0/2)">
									<conditions>
										<condition number="0" type="jump" coverage="0%"/>
									</conditions>
								</line>
								<line number="101" hits="0" branch="false"/>
								<line number="102" hits="0" branch="false"/>
							</lines>
						</method>
						<method name="setRunner" signature="(Lcom/github/myzhan/locust4j/runtime/Runner;)V" line-rate="0.0" branch-rate="1.0" complexity="0">
							<lines>
								<line number="135" hits="0" branch="false"/>
								<line number="136" hits="0" branch="false"/>
							</lines>
						</method>
						<method name="setVerbose" signature="(Z)V" line-rate="0.0" branch-rate="1.0" complexity="0">
							<lines>
								<line number="131" hits="0" branch="false"/>
								<line number="132" hits="0" branch="false"/>
							</lines>
						</method>
						<method name="stop" signature="()V" line-rate="0.0" branch-rate="0.0" complexity="0">
							<lines>
								<line number="233" hits="0" branch="true" condition-coverage="0% (0/2)">
									<conditions>
										<condition number="0" type="jump" coverage="0%"/>
									</conditions>
								</line>
								<line number="234" hits="0" branch="false"/>
								<line number="235" hits="0" branch="true" condition-coverage="0% (0/4)">
									<conditions>
										<condition number="0" type="jump" coverage="0%"/>
										<condition number="1" type="jump" coverage="0%"/>
									</conditions>
								</line>
								<line number="236" hits="0" branch="false"/>
								<line number="239" hits="0" branch="true" condition-coverage="0% (0/2)">
									<conditions>
										<condition number="0" type="jump" coverage="0%"/>
									</conditions>
								</line>
								<line number="240" hits="0" branch="false"/>
								<line number="242" hits="0" branch="false"/>
								<line number="244" hits="0" branch="false"/>
							</lines>
						</method>
					</methods>
					<lines>
						<line number="26" hits="12" branch="false"/>
						<line number="28" hits="12" branch="false"/>
						<line number="30" hits="12" branch="false"/>
						<line number="31" hits="12" branch="false"/>
						<line number="32" hits="12" branch="false"/>
						<line number="33" hits="12" branch="false"/>
						<line number="38" hits="12" branch="false"/>
						<line number="40" hits="12" branch="false"/>
						<line number="49" hits="1" branch="false"/>
						<line number="59" hits="0" branch="false"/>
						<line number="60" hits="0" branch="false"/>
						<line number="69" hits="0" branch="false"/>
						<line number="70" hits="0" branch="false"/>
						<line number="79" hits="0" branch="false"/>
						<line number="80" hits="0" branch="false"/>
						<line number="81" hits="0" branch="false"/>
						<line number="90" hits="0" branch="false"/>
						<line number="100" hits="0" branch="true" condition-coverage="0% (0/2)">
							<conditions>
								<condition number="0" type="jump" coverage="0%"/>
							</conditions>
						</line>
						<line number="101" hits="0" branch="false"/>
						<line number="102" hits="0" branch="false"/>
						<line number="111" hits="0" branch="false"/>
						<line number="120" hits="0" branch="false"/>
						<line number="131" hits="0" branch="false"/>
						<line number="132" hits="0" branch="false"/>
						<line number="135" hits="0" branch="false"/>
						<line number="136" hits="0" branch="false"/>
						<line number="139" hits="1" branch="false"/>
						<line number="143" hits="0" branch="false"/>
						<line number="144" hits="0" branch="true" condition-coverage="0% (0/2)">
							<conditions>
								<condition number="0" type="jump" coverage="0%"/>
							</conditions>
						</line>
						<line number="145" hits="0" branch="true" condition-coverage="0% (0/2)">
							<conditions>
								<condition number="0" type="jump" coverage="0%"/>
							</conditions>
						</line>
						<line number="146" hits="0" branch="false"/>
						<line number="149" hits="0" branch="false"/>
						<line number="159" hits="0" branch="false"/>
						<line number="160" hits="0" branch="false"/>
						<line number="169" hits="0" branch="true" condition-coverage="0% (0/2)">
							<conditions>
								<condition number="0" type="jump" coverage="0%"/>
							</conditions>
						</line>
						<line number="171" hits="0" branch="false"/>
						<line number="174" hits="0" branch="false"/>
						<line number="176" hits="0" branch="false"/>
						<line number="178" hits="0" branch="false"/>
						<line number="179" hits="0" branch="false"/>
						<line number="181" hits="0" branch="false"/>
						<line number="182" hits="0" branch="false"/>
						<line number="183" hits="0" branch="false"/>
						<line number="184" hits="0" branch="false"/>
						<line number="185" hits="0" branch="false"/>
						<line number="187" hits="0" branch="false"/>
						<line number="188" hits="0" branch="false"/>
						<line number="197" hits="0" branch="false"/>
						<line number="198" hits="0" branch="false"/>
						<line number="207" hits="0" branch="false"/>
						<line number="208" hits="0" branch="true" condition-coverage="0% (0/2)">
							<conditions>
								<condition number="0" type="jump" coverage="0%"/>
							</conditions>
						</line>
						<line number="209" hits="0" branch="false"/>
						<line number="211" hits="0" branch="false"/>
						<line number="212" hits="0" branch="false"/>
						<line number="213" hits="0" branch="false"/>
						<line number="214" hits="0" branch="false"/>
						<line number="216" hits="0" branch="false"/>
						<line number="218" hits="0" branch="false"/>
						<line number="219" hits="0" branch="false"/>
						<line number="220" hits="0" branch="false"/>
						<line number="222" hits="0" branch="false"/>
						<line number="223" hits="0" branch="false"/>
						<line number="224" hits="0" branch="false"/>
						<line number="225" hits="0" branch="false"/>
						<line number="233" hits="0" branch="true" condition-coverage="0% (0/2)">
							<conditions>
								<condition number="0" type="jump" coverage="0%"/>
							</conditions>
						</line>
						<line number="234" hits="0" branch="false"/>
						<line number="235" hits="0" branch="true" condition-coverage="0% (0/4)">
							<conditions>
								<condition number="0" type="jump" coverage="0%"/>
								<condition number="1" type="jump" coverage="0%"/>
							</conditions>
						</line>
						<line number="236" hits="0" branch="false"/>
						<line number="239" hits="0" branch="true" condition-coverage="0% (0/2)">
							<conditions>
								<condition number="0" type="jump" coverage="0%"/>
							</conditions>
						</line>
						<line number="240" hits="0" branch="false"/>
						<line number="242" hits="0" branch="false"/>
						<line number="244" hits="0" branch="false"/>
						<line number="250" hits="0" branch="false"/>
						<line number="256" hits="0" branch="false"/>
						<line number="268" hits="0" branch="false"/>
						<line number="269" hits="0" branch="false"/>
						<line number="270" hits="0" branch="false"/>
						<line number="271" hits="0" branch="false"/>
						<line number="272" hits="0" branch="false"/>
						<line number="273" hits="0" branch="false"/>
						<line number="274" hits="0" branch="false"/>
						<line number="275" hits="0" branch="false"/>
						<line number="287" hits="0" branch="false"/>
						<line number="288" hits="0" branch="false"/>
						<line number="289" hits="0" branch="false"/>
						<line number="290" hits="0" branch="false"/>
						<line number="291" hits="0" branch="false"/>
						<line number="292" hits="0" branch="false"/>
						<line number="293" hits="0" branch="false"/>
						<line number="294" hits="0" branch="false"/>
						<line number="305" hits="0" branch="true" condition-coverage="0% (0/2)">
							<conditions>
								<condition number="0" type="jump" coverage="0%"/>
							</conditions>
						</line>
						<line number="306" hits="0" branch="false"/>
						<line number="308" hits="0" branch="false"/>
					</lines>
				</class>
				<class name="com.github.myzhan.locust4j.Locust$1" filename="com/github/myzhan/locust4j/Locust.java" line-rate="0.0" branch-rate="1.0" complexity="1.565217391304348">
					<methods>
						<method name="&lt;init&gt;" signature="(Lcom/github/myzhan/locust4j/Locust;)V" line-rate="0.0" branch-rate="1.0" complexity="0">
							<lines>
								<line number="250" hits="0" branch="false"/>
							</lines>
						</method>
						<method name="run" signature="()V" line-rate="0.0" branch-rate="1.0" complexity="0">
							<lines>
								<line number="253" hits="0" branch="false"/>
								<line number="254" hits="0" branch="false"/>
							</lines>
						</method>
					</methods>
					<lines>
						<line number="250" hits="0" branch="false"/>
						<line number="253" hits="0" branch="false"/>
						<line number="254" hits="0" branch="false"/>
					</lines>
				</class>
				<class name="com.github.myzhan.locust4j.Locust$InstanceHolder" filename="com/github/myzhan/locust4j/Locust.java" line-rate="1.0" branch-rate="1.0" complexity="1.565217391304348">
					<methods>
						<method name="&lt;clinit&gt;" signature="()V" line-rate="1.0" branch-rate="1.0" complexity="0">
							<lines>
								<line number="312" hits="12" branch="false"/>
							</lines>
						</method>
						<method name="&lt;init&gt;" signature="()V" line-rate="1.0" branch-rate="1.0" complexity="0">
							<lines>
							</lines>
						</method>
						<method name="access$000" signature="()Lcom/github/myzhan/locust4j/Locust;" line-rate="1.0" branch-rate="1.0" complexity="0">
							<lines>
								<line number="311" hits="1" branch="false"/>
							</lines>
						</method>
					</methods>
					<lines>
						<line number="311" hits="1" branch="false"/>
						<line number="312" hits="12" branch="false"/>
					</lines>
				</class>
			</classes>
		</package>
		<package name="com.github.myzhan.locust4j.message" line-rate="0.9310344827586207" branch-rate="0.8571428571428571" complexity="2.375">
			<classes>
				<class name="com.github.myzhan.locust4j.message.LongIntMap" filename="com/github/myzhan/locust4j/message/LongIntMap.java" line-rate="1.0" branch-rate="1.0" complexity="1.25">
					<methods>
						<method name="&lt;init&gt;" signature="()V" line-rate="1.0" branch-rate="1.0" complexity="0">
							<lines>
								<line number="12" hits="198" branch="false"/>
								<line number="13" hits="198" branch="false"/>
								<line number="14" hits="198" branch="false"/>
							</lines>
						</method>
						<method name="add" signature="(Ljava/lang/Long;)V" line-rate="1.0" branch-rate="1.0" complexity="0">
							<lines>
								<line number="21" hits="29084" branch="true" condition-coverage="100% (2/2)">
									<conditions>
										<condition number="0" type="jump" coverage="100%"/>
									</conditions>
								</line>
								<line number="22" hits="29005" branch="false"/>
								<line number="24" hits="86" branch="false"/>
								<line number="26" hits="29090" branch="false"/>
							</lines>
						</method>
						<method name="get" signature="(Ljava/lang/Long;)Ljava/lang/Integer;" line-rate="1.0" branch-rate="1.0" complexity="0">
							<lines>
								<line number="17" hits="15" branch="false"/>
							</lines>
						</method>
						<method name="toString" signature="()Ljava/lang/String;" line-rate="1.0" branch-rate="1.0" complexity="0">
							<lines>
								<line number="30" hits="3" branch="false"/>
							</lines>
						</method>
					</methods>
					<lines>
						<line number="12" hits="198" branch="false"/>
						<line number="13" hits="198" branch="false"/>
						<line number="14" hits="198" branch="false"/>
						<line number="17" hits="15" branch="false"/>
						<line number="21" hits="29084" branch="true" condition-coverage="100% (2/2)">
							<conditions>
								<condition number="0" type="jump" coverage="100%"/>
							</conditions>
						</line>
						<line number="22" hits="29005" branch="false"/>
						<line number="24" hits="86" branch="false"/>
						<line number="26" hits="29090" branch="false"/>
						<line number="30" hits="3" branch="false"/>
					</lines>
				</class>
				<class name="com.github.myzhan.locust4j.message.Message" filename="com/github/myzhan/locust4j/message/Message.java" line-rate="0.868421052631579" branch-rate="0.7142857142857143" complexity="3.25">
					<methods>
						<method name="&lt;init&gt;" signature="(Ljava/lang/String;Ljava/util/Map;ILjava/lang/String;)V" line-rate="1.0" branch-rate="1.0" complexity="0">
							<lines>
								<line number="24" hits="27" branch="false"/>
								<line number="25" hits="27" branch="false"/>
								<line number="26" hits="27" branch="false"/>
								<line number="27" hits="27" branch="false"/>
								<line number="28" hits="27" branch="false"/>
								<line number="29" hits="27" branch="false"/>
							</lines>
						</method>
						<method name="&lt;init&gt;" signature="([B)V" line-rate="0.8571428571428571" branch-rate="0.75" complexity="0">
							<lines>
								<line number="31" hits="2" branch="false"/>
								<line number="32" hits="2" branch="false"/>
								<line number="34" hits="2" branch="false"/>
								<line number="35" hits="2" branch="false"/>
								<line number="38" hits="2" branch="true" condition-coverage="100% (2/2)">
									<conditions>
										<condition number="0" type="jump" coverage="100%"/>
									</conditions>
								</line>
								<line number="39" hits="1" branch="false"/>
								<line number="41" hits="1" branch="false"/>
								<line number="42" hits="1" branch="false"/>
								<line number="44" hits="2" branch="true" condition-coverage="50% (1/2)">
									<conditions>
										<condition number="0" type="jump" coverage="50%"/>
									</conditions>
								</line>
								<line number="45" hits="2" branch="false"/>
								<line number="47" hits="0" branch="false"/>
								<line number="48" hits="0" branch="false"/>
								<line number="50" hits="2" branch="false"/>
								<line number="51" hits="2" branch="false"/>
							</lines>
						</method>
						<method name="getBytes" signature="()[B" line-rate="0.8421052631578947" branch-rate="0.625" complexity="0">
							<lines>
								<line number="119" hits="2" branch="false"/>
								<line number="120" hits="2" branch="false"/>
								<line number="122" hits="2" branch="false"/>
								<line number="125" hits="2" branch="false"/>
								<line number="128" hits="2" branch="true" condition-coverage="50% (1/2)">
									<conditions>
										<condition number="0" type="jump" coverage="50%"/>
									</conditions>
								</line>
								<line number="129" hits="0" branch="true" condition-coverage="0% (0/2)">
									<conditions>
										<condition number="0" type="jump" coverage="0%"/>
									</conditions>
								</line>
								<line number="130" hits="0" branch="false"/>
								<line number="132" hits="0" branch="false"/>
								<line number="135" hits="2" branch="true" condition-coverage="100% (2/2)">
									<conditions>
										<condition number="0" type="jump" coverage="100%"/>
									</conditions>
								</line>
								<line number="136" hits="1" branch="false"/>
								<line number="137" hits="1" branch="true" condition-coverage="100% (2/2)">
									<conditions>
										<condition number="0" type="jump" coverage="100%"/>
									</conditions>
								</line>
								<line number="138" hits="6" branch="false"/>
								<line number="139" hits="6" branch="false"/>
								<line number="140" hits="6" branch="false"/>
								<line number="142" hits="1" branch="false"/>
								<line number="147" hits="2" branch="false"/>
								<line number="148" hits="2" branch="false"/>
								<line number="149" hits="2" branch="false"/>
								<line number="150" hits="2" branch="false"/>
							</lines>
						</method>
						<method name="getData" signature="()Ljava/util/Map;" line-rate="1.0" branch-rate="1.0" complexity="0">
							<lines>
								<line number="111" hits="26" branch="false"/>
							</lines>
						</method>
						<method name="getNodeID" signature="()Ljava/lang/String;" line-rate="1.0" branch-rate="1.0" complexity="0">
							<lines>
								<line number="115" hits="6" branch="false"/>
							</lines>
						</method>
						<method name="getType" signature="()Ljava/lang/String;" line-rate="1.0" branch-rate="1.0" complexity="0">
							<lines>
								<line number="107" hits="32" branch="false"/>
							</lines>
						</method>
						<method name="toString" signature="()Ljava/lang/String;" line-rate="0.0" branch-rate="1.0" complexity="0">
							<lines>
								<line number="155" hits="0" branch="false"/>
							</lines>
						</method>
						<method name="unpackMap" signature="(Lorg/msgpack/core/MessageUnpacker;)Ljava/util/Map;" line-rate="0.8787878787878788" branch-rate="0.75" complexity="0">
							<lines>
								<line number="54" hits="1" branch="false"/>
								<line number="55" hits="1" branch="false"/>
								<line number="56" hits="7" branch="true" condition-coverage="100% (2/2)">
									<conditions>
										<condition number="0" type="jump" coverage="100%"/>
									</conditions>
								</line>
								<line number="57" hits="6" branch="false"/>
								<line number="59" hits="6" branch="true" condition-coverage="50% (1/2)">
									<conditions>
										<condition number="0" type="jump" coverage="50%"/>
									</conditions>
								</line>
								<line number="60" hits="0" branch="false"/>
								<line number="62" hits="6" branch="false"/>
								<line number="65" hits="6" branch="false"/>
								<line number="68" hits="6" branch="true" condition-coverage="75% (6/8)">
									<conditions>
										<condition number="0" type="switch" coverage="75%"/>
									</conditions>
								</line>
								<line number="70" hits="1" branch="false"/>
								<line number="71" hits="1" branch="false"/>
								<line number="73" hits="1" branch="false"/>
								<line number="74" hits="1" branch="false"/>
								<line number="76" hits="1" branch="false"/>
								<line number="77" hits="1" branch="false"/>
								<line number="79" hits="1" branch="false"/>
								<line number="80" hits="1" branch="false"/>
								<line number="81" hits="1" branch="false"/>
								<line number="83" hits="1" branch="false"/>
								<line number="84" hits="1" branch="false"/>
								<line number="86" hits="0" branch="false"/>
								<line number="87" hits="0" branch="false"/>
								<line number="89" hits="1" branch="false"/>
								<line number="90" hits="1" branch="false"/>
								<line number="91" hits="3" branch="true" condition-coverage="100% (2/2)">
									<conditions>
										<condition number="0" type="jump" coverage="100%"/>
									</conditions>
								</line>
								<line number="92" hits="2" branch="false"/>
								<line number="94" hits="1" branch="false"/>
								<line number="96" hits="0" branch="false"/>
								<line number="98" hits="6" branch="true" condition-coverage="50% (1/2)">
									<conditions>
										<condition number="0" type="jump" coverage="50%"/>
									</conditions>
								</line>
								<line number="99" hits="6" branch="false"/>
								<line number="101" hits="6" branch="false"/>
								<line number="102" hits="6" branch="false"/>
								<line number="103" hits="1" branch="false"/>
							</lines>
						</method>
					</methods>
					<lines>
						<line number="24" hits="27" branch="false"/>
						<line number="25" hits="27" branch="false"/>
						<line number="26" hits="27" branch="false"/>
						<line number="27" hits="27" branch="false"/>
						<line number="28" hits="27" branch="false"/>
						<line number="29" hits="27" branch="false"/>
						<line number="31" hits="2" branch="false"/>
						<line number="32" hits="2" branch="false"/>
						<line number="34" hits="2" branch="false"/>
						<line number="35" hits="2" branch="false"/>
						<line number="38" hits="2" branch="true" condition-coverage="100% (2/2)">
							<conditions>
								<condition number="0" type="jump" coverage="100%"/>
							</conditions>
						</line>
						<line number="39" hits="1" branch="false"/>
						<line number="41" hits="1" branch="false"/>
						<line number="42" hits="1" branch="false"/>
						<line number="44" hits="2" branch="true" condition-coverage="50% (1/2)">
							<conditions>
								<condition number="0" type="jump" coverage="50%"/>
							</conditions>
						</line>
						<line number="45" hits="2" branch="false"/>
						<line number="47" hits="0" branch="false"/>
						<line number="48" hits="0" branch="false"/>
						<line number="50" hits="2" branch="false"/>
						<line number="51" hits="2" branch="false"/>
						<line number="54" hits="1" branch="false"/>
						<line number="55" hits="1" branch="false"/>
						<line number="56" hits="7" branch="true" condition-coverage="100% (2/2)">
							<conditions>
								<condition number="0" type="jump" coverage="100%"/>
							</conditions>
						</line>
						<line number="57" hits="6" branch="false"/>
						<line number="59" hits="6" branch="true" condition-coverage="50% (1/2)">
							<conditions>
								<condition number="0" type="jump" coverage="50%"/>
							</conditions>
						</line>
						<line number="60" hits="0" branch="false"/>
						<line number="62" hits="6" branch="false"/>
						<line number="65" hits="6" branch="false"/>
						<line number="68" hits="6" branch="true" condition-coverage="75% (6/8)">
							<conditions>
								<condition number="0" type="switch" coverage="75%"/>
							</conditions>
						</line>
						<line number="70" hits="1" branch="false"/>
						<line number="71" hits="1" branch="false"/>
						<line number="73" hits="1" branch="false"/>
						<line number="74" hits="1" branch="false"/>
						<line number="76" hits="1" branch="false"/>
						<line number="77" hits="1" branch="false"/>
						<line number="79" hits="1" branch="false"/>
						<line number="80" hits="1" branch="false"/>
						<line number="81" hits="1" branch="false"/>
						<line number="83" hits="1" branch="false"/>
						<line number="84" hits="1" branch="false"/>
						<line number="86" hits="0" branch="false"/>
						<line number="87" hits="0" branch="false"/>
						<line number="89" hits="1" branch="false"/>
						<line number="90" hits="1" branch="false"/>
						<line number="91" hits="3" branch="true" condition-coverage="100% (2/2)">
							<conditions>
								<condition number="0" type="jump" coverage="100%"/>
							</conditions>
						</line>
						<line number="92" hits="2" branch="false"/>
						<line number="94" hits="1" branch="false"/>
						<line number="96" hits="0" branch="false"/>
						<line number="98" hits="6" branch="true" condition-coverage="50% (1/2)">
							<conditions>
								<condition number="0" type="jump" coverage="50%"/>
							</conditions>
						</line>
						<line number="99" hits="6" branch="false"/>
						<line number="101" hits="6" branch="false"/>
						<line number="102" hits="6" branch="false"/>
						<line number="103" hits="1" branch="false"/>
						<line number="107" hits="32" branch="false"/>
						<line number="111" hits="26" branch="false"/>
						<line number="115" hits="6" branch="false"/>
						<line number="119" hits="2" branch="false"/>
						<line number="120" hits="2" branch="false"/>
						<line number="122" hits="2" branch="false"/>
						<line number="125" hits="2" branch="false"/>
						<line number="128" hits="2" branch="true" condition-coverage="50% (1/2)">
							<conditions>
								<condition number="0" type="jump" coverage="50%"/>
							</conditions>
						</line>
						<line number="129" hits="0" branch="true" condition-coverage="0% (0/2)">
							<conditions>
								<condition number="0" type="jump" coverage="0%"/>
							</conditions>
						</line>
						<line number="130" hits="0" branch="false"/>
						<line number="132" hits="0" branch="false"/>
						<line number="135" hits="2" branch="true" condition-coverage="100% (2/2)">
							<conditions>
								<condition number="0" type="jump" coverage="100%"/>
							</conditions>
						</line>
						<line number="136" hits="1" branch="false"/>
						<line number="137" hits="1" branch="true" condition-coverage="100% (2/2)">
							<conditions>
								<condition number="0" type="jump" coverage="100%"/>
							</conditions>
						</line>
						<line number="138" hits="6" branch="false"/>
						<line number="139" hits="6" branch="false"/>
						<line number="140" hits="6" branch="false"/>
						<line number="142" hits="1" branch="false"/>
						<line number="147" hits="2" branch="false"/>
						<line number="148" hits="2" branch="false"/>
						<line number="149" hits="2" branch="false"/>
						<line number="150" hits="2" branch="false"/>
						<line number="155" hits="0" branch="false"/>
					</lines>
				</class>
				<class name="com.github.myzhan.locust4j.message.Message$1" filename="com/github/myzhan/locust4j/message/Message.java" line-rate="1.0" branch-rate="1.0" complexity="3.25">
					<methods>
						<method name="&lt;clinit&gt;" signature="()V" line-rate="1.0" branch-rate="1.0" complexity="0">
							<lines>
								<line number="68" hits="1" branch="false"/>
							</lines>
						</method>
					</methods>
					<lines>
						<line number="68" hits="1" branch="false"/>
					</lines>
				</class>
				<class name="com.github.myzhan.locust4j.message.Visitor" filename="com/github/myzhan/locust4j/message/Visitor.java" line-rate="1.0" branch-rate="1.0" complexity="2.1666666666666665">
					<methods>
						<method name="&lt;init&gt;" signature="(Lorg/msgpack/core/MessagePacker;)V" line-rate="1.0" branch-rate="1.0" complexity="0">
							<lines>
								<line number="16" hits="10" branch="false"/>
								<line number="17" hits="10" branch="false"/>
								<line number="18" hits="10" branch="false"/>
							</lines>
						</method>
						<method name="visit" signature="(Ljava/lang/Object;)V" line-rate="1.0" branch-rate="1.0" complexity="0">
							<lines>
								<line number="21" hits="19" branch="true" condition-coverage="100% (2/2)">
									<conditions>
										<condition number="0" type="jump" coverage="100%"/>
									</conditions>
								</line>
								<line number="22" hits="2" branch="false"/>
								<line number="23" hits="17" branch="true" condition-coverage="100% (2/2)">
									<conditions>
										<condition number="0" type="jump" coverage="100%"/>
									</conditions>
								</line>
								<line number="24" hits="7" branch="false"/>
								<line number="25" hits="10" branch="true" condition-coverage="100% (2/2)">
									<conditions>
										<condition number="0" type="jump" coverage="100%"/>
									</conditions>
								</line>
								<line number="26" hits="1" branch="false"/>
								<line number="27" hits="9" branch="true" condition-coverage="100% (2/2)">
									<conditions>
										<condition number="0" type="jump" coverage="100%"/>
									</conditions>
								</line>
								<line number="28" hits="1" branch="false"/>
								<line number="29" hits="8" branch="true" condition-coverage="100% (2/2)">
									<conditions>
										<condition number="0" type="jump" coverage="100%"/>
									</conditions>
								</line>
								<line number="30" hits="1" branch="false"/>
								<line number="31" hits="7" branch="true" condition-coverage="100% (2/2)">
									<conditions>
										<condition number="0" type="jump" coverage="100%"/>
									</conditions>
								</line>
								<line number="32" hits="1" branch="false"/>
								<line number="33" hits="6" branch="true" condition-coverage="100% (2/2)">
									<conditions>
										<condition number="0" type="jump" coverage="100%"/>
									</conditions>
								</line>
								<line number="34" hits="1" branch="false"/>
								<line number="35" hits="5" branch="true" condition-coverage="100% (2/2)">
									<conditions>
										<condition number="0" type="jump" coverage="100%"/>
									</conditions>
								</line>
								<line number="36" hits="1" branch="false"/>
								<line number="37" hits="4" branch="true" condition-coverage="100% (2/2)">
									<conditions>
										<condition number="0" type="jump" coverage="100%"/>
									</conditions>
								</line>
								<line number="38" hits="2" branch="false"/>
								<line number="39" hits="2" branch="true" condition-coverage="100% (2/2)">
									<conditions>
										<condition number="0" type="jump" coverage="100%"/>
									</conditions>
								</line>
								<line number="40" hits="1" branch="false"/>
								<line number="42" hits="1" branch="false"/>
								<line number="44" hits="18" branch="false"/>
							</lines>
						</method>
						<method name="visitBool" signature="(Ljava/lang/Object;)V" line-rate="1.0" branch-rate="1.0" complexity="0">
							<lines>
								<line number="63" hits="1" branch="false"/>
								<line number="64" hits="1" branch="false"/>
							</lines>
						</method>
						<method name="visitDouble" signature="(Ljava/lang/Object;)V" line-rate="1.0" branch-rate="1.0" complexity="0">
							<lines>
								<line number="71" hits="1" branch="false"/>
								<line number="72" hits="1" branch="false"/>
							</lines>
						</method>
						<method name="visitFloat" signature="(Ljava/lang/Object;)V" line-rate="1.0" branch-rate="1.0" complexity="0">
							<lines>
								<line number="67" hits="1" branch="false"/>
								<line number="68" hits="1" branch="false"/>
							</lines>
						</method>
						<method name="visitInt" signature="(Ljava/lang/Object;)V" line-rate="1.0" branch-rate="1.0" complexity="0">
							<lines>
								<line number="55" hits="1" branch="false"/>
								<line number="56" hits="1" branch="false"/>
							</lines>
						</method>
						<method name="visitList" signature="(Ljava/lang/Object;)V" line-rate="1.0" branch-rate="1.0" complexity="0">
							<lines>
								<line number="84" hits="2" branch="false"/>
								<line number="85" hits="2" branch="false"/>
								<line number="86" hits="2" branch="true" condition-coverage="100% (2/2)">
									<conditions>
										<condition number="0" type="jump" coverage="100%"/>
									</conditions>
								</line>
								<line number="87" hits="4" branch="false"/>
								<line number="88" hits="4" branch="false"/>
								<line number="89" hits="2" branch="false"/>
							</lines>
						</method>
						<method name="visitLong" signature="(Ljava/lang/Object;)V" line-rate="1.0" branch-rate="1.0" complexity="0">
							<lines>
								<line number="59" hits="1" branch="false"/>
								<line number="60" hits="1" branch="false"/>
							</lines>
						</method>
						<method name="visitMap" signature="(Ljava/lang/Object;)V" line-rate="1.0" branch-rate="1.0" complexity="0">
							<lines>
								<line number="75" hits="1" branch="false"/>
								<line number="76" hits="1" branch="false"/>
								<line number="77" hits="1" branch="true" condition-coverage="100% (2/2)">
									<conditions>
										<condition number="0" type="jump" coverage="100%"/>
									</conditions>
								</line>
								<line number="78" hits="1" branch="false"/>
								<line number="79" hits="1" branch="false"/>
								<line number="80" hits="1" branch="false"/>
								<line number="81" hits="1" branch="false"/>
							</lines>
						</method>
						<method name="visitNull" signature="()V" line-rate="1.0" branch-rate="1.0" complexity="0">
							<lines>
								<line number="47" hits="2" branch="false"/>
								<line number="48" hits="2" branch="false"/>
							</lines>
						</method>
						<method name="visitRps" signature="(Ljava/lang/Object;)V" line-rate="1.0" branch-rate="1.0" complexity="0">
							<lines>
								<line number="92" hits="1" branch="false"/>
								<line number="93" hits="1" branch="false"/>
								<line number="95" hits="1" branch="true" condition-coverage="100% (2/2)">
									<conditions>
										<condition number="0" type="jump" coverage="100%"/>
									</conditions>
								</line>
								<line number="96" hits="1" branch="false"/>
								<line number="97" hits="1" branch="false"/>
								<line number="98" hits="1" branch="false"/>
								<line number="99" hits="1" branch="false"/>
							</lines>
						</method>
						<method name="visitString" signature="(Ljava/lang/Object;)V" line-rate="1.0" branch-rate="1.0" complexity="0">
							<lines>
								<line number="51" hits="8" branch="false"/>
								<line number="52" hits="8" branch="false"/>
							</lines>
						</method>
					</methods>
					<lines>
						<line number="16" hits="10" branch="false"/>
						<line number="17" hits="10" branch="false"/>
						<line number="18" hits="10" branch="false"/>
						<line number="21" hits="19" branch="true" condition-coverage="100% (2/2)">
							<conditions>
								<condition number="0" type="jump" coverage="100%"/>
							</conditions>
						</line>
						<line number="22" hits="2" branch="false"/>
						<line number="23" hits="17" branch="true" condition-coverage="100% (2/2)">
							<conditions>
								<condition number="0" type="jump" coverage="100%"/>
							</conditions>
						</line>
						<line number="24" hits="7" branch="false"/>
						<line number="25" hits="10" branch="true" condition-coverage="100% (2/2)">
							<conditions>
								<condition number="0" type="jump" coverage="100%"/>
							</conditions>
						</line>
						<line number="26" hits="1" branch="false"/>
						<line number="27" hits="9" branch="true" condition-coverage="100% (2/2)">
							<conditions>
								<condition number="0" type="jump" coverage="100%"/>
							</conditions>
						</line>
						<line number="28" hits="1" branch="false"/>
						<line number="29" hits="8" branch="true" condition-coverage="100% (2/2)">
							<conditions>
								<condition number="0" type="jump" coverage="100%"/>
							</conditions>
						</line>
						<line number="30" hits="1" branch="false"/>
						<line number="31" hits="7" branch="true" condition-coverage="100% (2/2)">
							<conditions>
								<condition number="0" type="jump" coverage="100%"/>
							</conditions>
						</line>
						<line number="32" hits="1" branch="false"/>
						<line number="33" hits="6" branch="true" condition-coverage="100% (2/2)">
							<conditions>
								<condition number="0" type="jump" coverage="100%"/>
							</conditions>
						</line>
						<line number="34" hits="1" branch="false"/>
						<line number="35" hits="5" branch="true" condition-coverage="100% (2/2)">
							<conditions>
								<condition number="0" type="jump" coverage="100%"/>
							</conditions>
						</line>
						<line number="36" hits="1" branch="false"/>
						<line number="37" hits="4" branch="true" condition-coverage="100% (2/2)">
							<conditions>
								<condition number="0" type="jump" coverage="100%"/>
							</conditions>
						</line>
						<line number="38" hits="2" branch="false"/>
						<line number="39" hits="2" branch="true" condition-coverage="100% (2/2)">
							<conditions>
								<condition number="0" type="jump" coverage="100%"/>
							</conditions>
						</line>
						<line number="40" hits="1" branch="false"/>
						<line number="42" hits="1" branch="false"/>
						<line number="44" hits="18" branch="false"/>
						<line number="47" hits="2" branch="false"/>
						<line number="48" hits="2" branch="false"/>
						<line number="51" hits="8" branch="false"/>
						<line number="52" hits="8" branch="false"/>
						<line number="55" hits="1" branch="false"/>
						<line number="56" hits="1" branch="false"/>
						<line number="59" hits="1" branch="false"/>
						<line number="60" hits="1" branch="false"/>
						<line number="63" hits="1" branch="false"/>
						<line number="64" hits="1" branch="false"/>
						<line number="67" hits="1" branch="false"/>
						<line number="68" hits="1" branch="false"/>
						<line number="71" hits="1" branch="false"/>
						<line number="72" hits="1" branch="false"/>
						<line number="75" hits="1" branch="false"/>
						<line number="76" hits="1" branch="false"/>
						<line number="77" hits="1" branch="true" condition-coverage="100% (2/2)">
							<conditions>
								<condition number="0" type="jump" coverage="100%"/>
							</conditions>
						</line>
						<line number="78" hits="1" branch="false"/>
						<line number="79" hits="1" branch="false"/>
						<line number="80" hits="1" branch="false"/>
						<line number="81" hits="1" branch="false"/>
						<line number="84" hits="2" branch="false"/>
						<line number="85" hits="2" branch="false"/>
						<line number="86" hits="2" branch="true" condition-coverage="100% (2/2)">
							<conditions>
								<condition number="0" type="jump" coverage="100%"/>
							</conditions>
						</line>
						<line number="87" hits="4" branch="false"/>
						<line number="88" hits="4" branch="false"/>
						<line number="89" hits="2" branch="false"/>
						<line number="92" hits="1" branch="false"/>
						<line number="93" hits="1" branch="false"/>
						<line number="95" hits="1" branch="true" condition-coverage="100% (2/2)">
							<conditions>
								<condition number="0" type="jump" coverage="100%"/>
							</conditions>
						</line>
						<line number="96" hits="1" branch="false"/>
						<line number="97" hits="1" branch="false"/>
						<line number="98" hits="1" branch="false"/>
						<line number="99" hits="1" branch="false"/>
					</lines>
				</class>
			</classes>
		</package>
		<package name="com.github.myzhan.locust4j.ratelimit" line-rate="0.5789473684210527" branch-rate="0.625" complexity="1.380952380952381">
			<classes>
				<class name="com.github.myzhan.locust4j.ratelimit.AbstractRateLimiter" filename="com/github/myzhan/locust4j/ratelimit/AbstractRateLimiter.java" line-rate="1.0" branch-rate="1.0" complexity="1.0">
					<methods>
						<method name="&lt;init&gt;" signature="()V" line-rate="1.0" branch-rate="1.0" complexity="0">
							<lines>
								<line number="7" hits="9" branch="false"/>
							</lines>
						</method>
					</methods>
					<lines>
						<line number="7" hits="9" branch="false"/>
					</lines>
				</class>
				<class name="com.github.myzhan.locust4j.ratelimit.RampUpRateLimiter" filename="com/github/myzhan/locust4j/ratelimit/RampUpRateLimiter.java" line-rate="0.9428571428571428" branch-rate="1.0" complexity="1.5555555555555556">
					<methods>
						<method name="&lt;clinit&gt;" signature="()V" line-rate="1.0" branch-rate="1.0" complexity="0">
							<lines>
								<line number="21" hits="9" branch="false"/>
							</lines>
						</method>
						<method name="&lt;init&gt;" signature="(JJJLjava/util/concurrent/TimeUnit;JLjava/util/concurrent/TimeUnit;)V" line-rate="1.0" branch-rate="1.0" complexity="0">
							<lines>
								<line number="36" hits="7" branch="false"/>
								<line number="50" hits="7" branch="false"/>
								<line number="51" hits="7" branch="false"/>
								<line number="52" hits="7" branch="false"/>
								<line number="53" hits="7" branch="false"/>
								<line number="54" hits="7" branch="false"/>
								<line number="55" hits="7" branch="false"/>
								<line number="56" hits="7" branch="false"/>
								<line number="57" hits="7" branch="false"/>
								<line number="58" hits="7" branch="false"/>
								<line number="59" hits="7" branch="false"/>
								<line number="60" hits="7" branch="false"/>
							</lines>
						</method>
						<method name="access$000" signature="(Lcom/github/myzhan/locust4j/ratelimit/RampUpRateLimiter;)Ljava/util/concurrent/atomic/AtomicLong;" line-rate="1.0" branch-rate="1.0" complexity="0">
							<lines>
							</lines>
						</method>
						<method name="access$100" signature="(Lcom/github/myzhan/locust4j/ratelimit/RampUpRateLimiter;)J" line-rate="1.0" branch-rate="1.0" complexity="0">
							<lines>
							</lines>
						</method>
						<method name="access$200" signature="(Lcom/github/myzhan/locust4j/ratelimit/RampUpRateLimiter;)J" line-rate="1.0" branch-rate="1.0" complexity="0">
							<lines>
							</lines>
						</method>
						<method name="access$300" signature="(Lcom/github/myzhan/locust4j/ratelimit/RampUpRateLimiter;)Ljava/lang/Object;" line-rate="1.0" branch-rate="1.0" complexity="0">
							<lines>
							</lines>
						</method>
						<method name="access$400" signature="(Lcom/github/myzhan/locust4j/ratelimit/RampUpRateLimiter;)Ljava/util/concurrent/atomic/AtomicLong;" line-rate="1.0" branch-rate="1.0" complexity="0">
							<lines>
								<line number="19" hits="42" branch="false"/>
							</lines>
						</method>
						<method name="acquire" signature="()Z" line-rate="0.8" branch-rate="1.0" complexity="0">
							<lines>
								<line number="110" hits="13" branch="false"/>
								<line number="111" hits="13" branch="true" condition-coverage="100% (2/2)">
									<conditions>
										<condition number="0" type="jump" coverage="100%"/>
									</conditions>
								</line>
								<line number="112" hits="4" branch="false"/>
								<line number="114" hits="4" branch="false"/>
								<line number="115" hits="0" branch="false"/>
								<line number="116" hits="0" branch="false"/>
								<line number="117" hits="4" branch="false"/>
								<line number="118" hits="4" branch="false"/>
								<line number="119" hits="4" branch="false"/>
								<line number="121" hits="9" branch="false"/>
							</lines>
						</method>
						<method name="isStopped" signature="()Z" line-rate="1.0" branch-rate="1.0" complexity="0">
							<lines>
								<line number="133" hits="6" branch="false"/>
							</lines>
						</method>
						<method name="start" signature="()V" line-rate="1.0" branch-rate="1.0" complexity="0">
							<lines>
								<line number="64" hits="3" branch="false"/>
								<line number="72" hits="3" branch="false"/>
								<line number="87" hits="2" branch="false"/>
								<line number="95" hits="2" branch="false"/>
								<line number="105" hits="2" branch="false"/>
								<line number="106" hits="2" branch="false"/>
							</lines>
						</method>
						<method name="stop" signature="()V" line-rate="1.0" branch-rate="1.0" complexity="0">
							<lines>
								<line number="126" hits="3" branch="false"/>
								<line number="127" hits="2" branch="false"/>
								<line number="128" hits="2" branch="false"/>
								<line number="129" hits="2" branch="false"/>
							</lines>
						</method>
					</methods>
					<lines>
						<line number="19" hits="42" branch="false"/>
						<line number="21" hits="9" branch="false"/>
						<line number="36" hits="7" branch="false"/>
						<line number="50" hits="7" branch="false"/>
						<line number="51" hits="7" branch="false"/>
						<line number="52" hits="7" branch="false"/>
						<line number="53" hits="7" branch="false"/>
						<line number="54" hits="7" branch="false"/>
						<line number="55" hits="7" branch="false"/>
						<line number="56" hits="7" branch="false"/>
						<line number="57" hits="7" branch="false"/>
						<line number="58" hits="7" branch="false"/>
						<line number="59" hits="7" branch="false"/>
						<line number="60" hits="7" branch="false"/>
						<line number="64" hits="3" branch="false"/>
						<line number="72" hits="3" branch="false"/>
						<line number="87" hits="2" branch="false"/>
						<line number="95" hits="2" branch="false"/>
						<line number="105" hits="2" branch="false"/>
						<line number="106" hits="2" branch="false"/>
						<line number="110" hits="13" branch="false"/>
						<line number="111" hits="13" branch="true" condition-coverage="100% (2/2)">
							<conditions>
								<condition number="0" type="jump" coverage="100%"/>
							</conditions>
						</line>
						<line number="112" hits="4" branch="false"/>
						<line number="114" hits="4" branch="false"/>
						<line number="115" hits="0" branch="false"/>
						<line number="116" hits="0" branch="false"/>
						<line number="117" hits="4" branch="false"/>
						<line number="118" hits="4" branch="false"/>
						<line number="119" hits="4" branch="false"/>
						<line number="121" hits="9" branch="false"/>
						<line number="126" hits="3" branch="false"/>
						<line number="127" hits="2" branch="false"/>
						<line number="128" hits="2" branch="false"/>
						<line number="129" hits="2" branch="false"/>
						<line number="133" hits="6" branch="false"/>
					</lines>
				</class>
				<class name="com.github.myzhan.locust4j.ratelimit.RampUpRateLimiter$1" filename="com/github/myzhan/locust4j/ratelimit/RampUpRateLimiter.java" line-rate="1.0" branch-rate="1.0" complexity="1.5555555555555556">
					<methods>
						<method name="&lt;init&gt;" signature="(Lcom/github/myzhan/locust4j/ratelimit/RampUpRateLimiter;)V" line-rate="1.0" branch-rate="1.0" complexity="0">
							<lines>
								<line number="64" hits="3" branch="false"/>
							</lines>
						</method>
						<method name="newThread" signature="(Ljava/lang/Runnable;)Ljava/lang/Thread;" line-rate="1.0" branch-rate="1.0" complexity="0">
							<lines>
								<line number="67" hits="2" branch="false"/>
								<line number="68" hits="2" branch="false"/>
								<line number="69" hits="2" branch="false"/>
							</lines>
						</method>
					</methods>
					<lines>
						<line number="64" hits="3" branch="false"/>
						<line number="67" hits="2" branch="false"/>
						<line number="68" hits="2" branch="false"/>
						<line number="69" hits="2" branch="false"/>
					</lines>
				</class>
				<class name="com.github.myzhan.locust4j.ratelimit.RampUpRateLimiter$2" filename="com/github/myzhan/locust4j/ratelimit/RampUpRateLimiter.java" line-rate="0.875" branch-rate="0.75" complexity="1.5555555555555556">
					<methods>
						<method name="&lt;init&gt;" signature="(Lcom/github/myzhan/locust4j/ratelimit/RampUpRateLimiter;)V" line-rate="1.0" branch-rate="1.0" complexity="0">
							<lines>
								<line number="72" hits="3" branch="false"/>
							</lines>
						</method>
						<method name="run" signature="()V" line-rate="0.8571428571428571" branch-rate="0.75" complexity="0">
							<lines>
								<line number="75" hits="5" branch="false"/>
								<line number="76" hits="5" branch="true" condition-coverage="50% (1/2)">
									<conditions>
										<condition number="0" type="jump" coverage="50%"/>
									</conditions>
								</line>
								<line number="78" hits="0" branch="false"/>
								<line number="80" hits="5" branch="true" condition-coverage="100% (2/2)">
									<conditions>
										<condition number="0" type="jump" coverage="100%"/>
									</conditions>
								</line>
								<line number="81" hits="2" branch="false"/>
								<line number="83" hits="5" branch="false"/>
								<line number="84" hits="5" branch="false"/>
							</lines>
						</method>
					</methods>
					<lines>
						<line number="72" hits="3" branch="false"/>
						<line number="75" hits="5" branch="false"/>
						<line number="76" hits="5" branch="true" condition-coverage="50% (1/2)">
							<conditions>
								<condition number="0" type="jump" coverage="50%"/>
							</conditions>
						</line>
						<line number="78" hits="0" branch="false"/>
						<line number="80" hits="5" branch="true" condition-coverage="100% (2/2)">
							<conditions>
								<condition number="0" type="jump" coverage="100%"/>
							</conditions>
						</line>
						<line number="81" hits="2" branch="false"/>
						<line number="83" hits="5" branch="false"/>
						<line number="84" hits="5" branch="false"/>
					</lines>
				</class>
				<class name="com.github.myzhan.locust4j.ratelimit.RampUpRateLimiter$3" filename="com/github/myzhan/locust4j/ratelimit/RampUpRateLimiter.java" line-rate="1.0" branch-rate="1.0" complexity="1.5555555555555556">
					<methods>
						<method name="&lt;init&gt;" signature="(Lcom/github/myzhan/locust4j/ratelimit/RampUpRateLimiter;)V" line-rate="1.0" branch-rate="1.0" complexity="0">
							<lines>
								<line number="87" hits="1" branch="false"/>
							</lines>
						</method>
						<method name="newThread" signature="(Ljava/lang/Runnable;)Ljava/lang/Thread;" line-rate="1.0" branch-rate="1.0" complexity="0">
							<lines>
								<line number="90" hits="1" branch="false"/>
								<line number="91" hits="1" branch="false"/>
								<line number="92" hits="1" branch="false"/>
							</lines>
						</method>
					</methods>
					<lines>
						<line number="87" hits="1" branch="false"/>
						<line number="90" hits="1" branch="false"/>
						<line number="91" hits="1" branch="false"/>
						<line number="92" hits="1" branch="false"/>
					</lines>
				</class>
				<class name="com.github.myzhan.locust4j.ratelimit.RampUpRateLimiter$4" filename="com/github/myzhan/locust4j/ratelimit/RampUpRateLimiter.java" line-rate="0.16666666666666666" branch-rate="1.0" complexity="1.5555555555555556">
					<methods>
						<method name="&lt;init&gt;" signature="(Lcom/github/myzhan/locust4j/ratelimit/RampUpRateLimiter;)V" line-rate="1.0" branch-rate="1.0" complexity="0">
							<lines>
								<line number="95" hits="1" branch="false"/>
							</lines>
						</method>
						<method name="run" signature="()V" line-rate="0.0" branch-rate="1.0" complexity="0">
							<lines>
								<line number="98" hits="0" branch="false"/>
								<line number="99" hits="0" branch="false"/>
								<line number="100" hits="0" branch="false"/>
								<line number="101" hits="0" branch="false"/>
								<line number="102" hits="0" branch="false"/>
							</lines>
						</method>
					</methods>
					<lines>
						<line number="95" hits="1" branch="false"/>
						<line number="98" hits="0" branch="false"/>
						<line number="99" hits="0" branch="false"/>
						<line number="100" hits="0" branch="false"/>
						<line number="101" hits="0" branch="false"/>
						<line number="102" hits="0" branch="false"/>
					</lines>
				</class>
				<class name="com.github.myzhan.locust4j.ratelimit.StableRateLimiter" filename="com/github/myzhan/locust4j/ratelimit/StableRateLimiter.java" line-rate="0.030303030303030304" branch-rate="0.0" complexity="1.375">
					<methods>
						<method name="&lt;clinit&gt;" signature="()V" line-rate="1.0" branch-rate="1.0" complexity="0">
							<lines>
								<line number="22" hits="2" branch="false"/>
							</lines>
						</method>
						<method name="&lt;init&gt;" signature="(J)V" line-rate="0.0" branch-rate="1.0" complexity="0">
							<lines>
								<line number="32" hits="0" branch="false"/>
								<line number="33" hits="0" branch="false"/>
							</lines>
						</method>
						<method name="&lt;init&gt;" signature="(JJLjava/util/concurrent/TimeUnit;)V" line-rate="0.0" branch-rate="1.0" complexity="0">
							<lines>
								<line number="35" hits="0" branch="false"/>
								<line number="36" hits="0" branch="false"/>
								<line number="37" hits="0" branch="false"/>
								<line number="38" hits="0" branch="false"/>
								<line number="39" hits="0" branch="false"/>
								<line number="40" hits="0" branch="false"/>
								<line number="41" hits="0" branch="false"/>
							</lines>
						</method>
						<method name="acquire" signature="()Z" line-rate="0.0" branch-rate="0.0" complexity="0">
							<lines>
								<line number="68" hits="0" branch="false"/>
								<line number="69" hits="0" branch="true" condition-coverage="0% (0/2)">
									<conditions>
										<condition number="0" type="jump" coverage="0%"/>
									</conditions>
								</line>
								<line number="70" hits="0" branch="false"/>
								<line number="72" hits="0" branch="false"/>
								<line number="73" hits="0" branch="false"/>
								<line number="74" hits="0" branch="false"/>
								<line number="75" hits="0" branch="false"/>
								<line number="76" hits="0" branch="false"/>
								<line number="77" hits="0" branch="false"/>
								<line number="79" hits="0" branch="false"/>
							</lines>
						</method>
						<method name="isStopped" signature="()Z" line-rate="0.0" branch-rate="1.0" complexity="0">
							<lines>
								<line number="90" hits="0" branch="false"/>
							</lines>
						</method>
						<method name="run" signature="()V" line-rate="0.0" branch-rate="1.0" complexity="0">
							<lines>
								<line number="60" hits="0" branch="false"/>
								<line number="61" hits="0" branch="false"/>
								<line number="62" hits="0" branch="false"/>
								<line number="63" hits="0" branch="false"/>
								<line number="64" hits="0" branch="false"/>
							</lines>
						</method>
						<method name="start" signature="()V" line-rate="0.0" branch-rate="1.0" complexity="0">
							<lines>
								<line number="45" hits="0" branch="false"/>
								<line number="53" hits="0" branch="false"/>
								<line number="54" hits="0" branch="false"/>
								<line number="55" hits="0" branch="false"/>
							</lines>
						</method>
						<method name="stop" signature="()V" line-rate="0.0" branch-rate="1.0" complexity="0">
							<lines>
								<line number="84" hits="0" branch="false"/>
								<line number="85" hits="0" branch="false"/>
								<line number="86" hits="0" branch="false"/>
							</lines>
						</method>
					</methods>
					<lines>
						<line number="22" hits="2" branch="false"/>
						<line number="32" hits="0" branch="false"/>
						<line number="33" hits="0" branch="false"/>
						<line number="35" hits="0" branch="false"/>
						<line number="36" hits="0" branch="false"/>
						<line number="37" hits="0" branch="false"/>
						<line number="38" hits="0" branch="false"/>
						<line number="39" hits="0" branch="false"/>
						<line number="40" hits="0" branch="false"/>
						<line number="41" hits="0" branch="false"/>
						<line number="45" hits="0" branch="false"/>
						<line number="53" hits="0" branch="false"/>
						<line number="54" hits="0" branch="false"/>
						<line number="55" hits="0" branch="false"/>
						<line number="60" hits="0" branch="false"/>
						<line number="61" hits="0" branch="false"/>
						<line number="62" hits="0" branch="false"/>
						<line number="63" hits="0" branch="false"/>
						<line number="64" hits="0" branch="false"/>
						<line number="68" hits="0" branch="false"/>
						<line number="69" hits="0" branch="true" condition-coverage="0% (0/2)">
							<conditions>
								<condition number="0" type="jump" coverage="0%"/>
							</conditions>
						</line>
						<line number="70" hits="0" branch="false"/>
						<line number="72" hits="0" branch="false"/>
						<line number="73" hits="0" branch="false"/>
						<line number="74" hits="0" branch="false"/>
						<line number="75" hits="0" branch="false"/>
						<line number="76" hits="0" branch="false"/>
						<line number="77" hits="0" branch="false"/>
						<line number="79" hits="0" branch="false"/>
						<line number="84" hits="0" branch="false"/>
						<line number="85" hits="0" branch="false"/>
						<line number="86" hits="0" branch="false"/>
						<line number="90" hits="0" branch="false"/>
					</lines>
				</class>
				<class name="com.github.myzhan.locust4j.ratelimit.StableRateLimiter$1" filename="com/github/myzhan/locust4j/ratelimit/StableRateLimiter.java" line-rate="1.0" branch-rate="1.0" complexity="1.375">
					<methods>
						<method name="&lt;init&gt;" signature="(Lcom/github/myzhan/locust4j/ratelimit/StableRateLimiter;)V" line-rate="1.0" branch-rate="1.0" complexity="0">
							<lines>
								<line number="45" hits="1" branch="false"/>
							</lines>
						</method>
						<method name="newThread" signature="(Ljava/lang/Runnable;)Ljava/lang/Thread;" line-rate="1.0" branch-rate="1.0" complexity="0">
							<lines>
								<line number="48" hits="1" branch="false"/>
								<line number="49" hits="1" branch="false"/>
								<line number="50" hits="1" branch="false"/>
							</lines>
						</method>
					</methods>
					<lines>
						<line number="45" hits="1" branch="false"/>
						<line number="48" hits="1" branch="false"/>
						<line number="49" hits="1" branch="false"/>
						<line number="50" hits="1" branch="false"/>
					</lines>
				</class>
			</classes>
		</package>
		<package name="com.github.myzhan.locust4j.rpc" line-rate="0.0" branch-rate="0.0" complexity="1.1428571428571428">
			<classes>
				<class name="com.github.myzhan.locust4j.rpc.Client" filename="com/github/myzhan/locust4j/rpc/Client.java" line-rate="1.0" branch-rate="1.0" complexity="1.0">
					<methods>
					</methods>
					<lines>
					</lines>
				</class>
				<class name="com.github.myzhan.locust4j.rpc.ZeromqClient" filename="com/github/myzhan/locust4j/rpc/ZeromqClient.java" line-rate="0.0" branch-rate="0.0" complexity="1.25">
					<methods>
						<method name="&lt;clinit&gt;" signature="()V" line-rate="0.0" branch-rate="1.0" complexity="0">
							<lines>
								<line number="20" hits="0" branch="false"/>
							</lines>
						</method>
						<method name="&lt;init&gt;" signature="(Ljava/lang/String;ILjava/lang/String;)V" line-rate="0.0" branch-rate="0.0" complexity="0">
							<lines>
								<line number="22" hits="0" branch="false"/>
								<line number="26" hits="0" branch="false"/>
								<line number="27" hits="0" branch="false"/>
								<line number="28" hits="0" branch="false"/>
								<line number="29" hits="0" branch="false"/>
								<line number="30" hits="0" branch="false"/>
								<line number="31" hits="0" branch="true" condition-coverage="0% (0/2)">
									<conditions>
										<condition number="0" type="jump" coverage="0%"/>
									</conditions>
								</line>
								<line number="32" hits="0" branch="false"/>
								<line number="34" hits="0" branch="false"/>
								<line number="37" hits="0" branch="false"/>
							</lines>
						</method>
						<method name="close" signature="()V" line-rate="0.0" branch-rate="1.0" complexity="0">
							<lines>
								<line number="53" hits="0" branch="false"/>
								<line number="54" hits="0" branch="false"/>
								<line number="55" hits="0" branch="false"/>
							</lines>
						</method>
						<method name="recv" signature="()Lcom/github/myzhan/locust4j/message/Message;" line-rate="0.0" branch-rate="1.0" complexity="0">
							<lines>
								<line number="41" hits="0" branch="false"/>
								<line number="42" hits="0" branch="false"/>
							</lines>
						</method>
						<method name="send" signature="(Lcom/github/myzhan/locust4j/message/Message;)V" line-rate="0.0" branch-rate="1.0" complexity="0">
							<lines>
								<line number="47" hits="0" branch="false"/>
								<line number="48" hits="0" branch="false"/>
								<line number="49" hits="0" branch="false"/>
							</lines>
						</method>
					</methods>
					<lines>
						<line number="20" hits="0" branch="false"/>
						<line number="22" hits="0" branch="false"/>
						<line number="26" hits="0" branch="false"/>
						<line number="27" hits="0" branch="false"/>
						<line number="28" hits="0" branch="false"/>
						<line number="29" hits="0" branch="false"/>
						<line number="30" hits="0" branch="false"/>
						<line number="31" hits="0" branch="true" condition-coverage="0% (0/2)">
							<conditions>
								<condition number="0" type="jump" coverage="0%"/>
							</conditions>
						</line>
						<line number="32" hits="0" branch="false"/>
						<line number="34" hits="0" branch="false"/>
						<line number="37" hits="0" branch="false"/>
						<line number="41" hits="0" branch="false"/>
						<line number="42" hits="0" branch="false"/>
						<line number="47" hits="0" branch="false"/>
						<line number="48" hits="0" branch="false"/>
						<line number="49" hits="0" branch="false"/>
						<line number="53" hits="0" branch="false"/>
						<line number="54" hits="0" branch="false"/>
						<line number="55" hits="0" branch="false"/>
					</lines>
				</class>
			</classes>
		</package>
		<package name="com.github.myzhan.locust4j.runtime" line-rate="0.09465020576131687" branch-rate="0.0" complexity="2.935483870967742">
			<classes>
				<class name="com.github.myzhan.locust4j.runtime.Runner" filename="com/github/myzhan/locust4j/runtime/Runner.java" line-rate="0.0056179775280898875" branch-rate="0.0" complexity="2.935483870967742">
					<methods>
						<method name="&lt;clinit&gt;" signature="()V" line-rate="1.0" branch-rate="1.0" complexity="0">
							<lines>
								<line number="29" hits="1" branch="false"/>
							</lines>
						</method>
						<method name="&lt;init&gt;" signature="()V" line-rate="0.0" branch-rate="1.0" complexity="0">
							<lines>
								<line number="37" hits="0" branch="false"/>
								<line number="41" hits="0" branch="false"/>
								<line number="45" hits="0" branch="false"/>
								<line number="54" hits="0" branch="false"/>
								<line number="71" hits="0" branch="false"/>
								<line number="75" hits="0" branch="false"/>
								<line number="76" hits="0" branch="false"/>
								<line number="77" hits="0" branch="false"/>
								<line number="95" hits="0" branch="false"/>
								<line number="96" hits="0" branch="false"/>
								<line number="97" hits="0" branch="false"/>
							</lines>
						</method>
						<method name="access$000" signature="(Lcom/github/myzhan/locust4j/runtime/Runner;)Ljava/util/concurrent/atomic/AtomicInteger;" line-rate="1.0" branch-rate="1.0" complexity="0">
							<lines>
							</lines>
						</method>
						<method name="access$400" signature="(Lcom/github/myzhan/locust4j/runtime/Runner;)Lcom/github/myzhan/locust4j/rpc/Client;" line-rate="1.0" branch-rate="1.0" complexity="0">
							<lines>
							</lines>
						</method>
						<method name="access$500" signature="(Lcom/github/myzhan/locust4j/runtime/Runner;Lcom/github/myzhan/locust4j/message/Message;)V" line-rate="1.0" branch-rate="1.0" complexity="0">
							<lines>
							</lines>
						</method>
						<method name="access$600" signature="()Lorg/slf4j/Logger;" line-rate="1.0" branch-rate="1.0" complexity="0">
							<lines>
							</lines>
						</method>
						<method name="access$700" signature="(Lcom/github/myzhan/locust4j/runtime/Runner;)Lcom/github/myzhan/locust4j/stats/Stats;" line-rate="1.0" branch-rate="1.0" complexity="0">
							<lines>
							</lines>
						</method>
						<method name="access$800" signature="(Lcom/github/myzhan/locust4j/runtime/Runner;)Lcom/github/myzhan/locust4j/runtime/RunnerState;" line-rate="0.0" branch-rate="1.0" complexity="0">
							<lines>
								<line number="27" hits="0" branch="false"/>
							</lines>
						</method>
						<method name="getNodeID" signature="()Ljava/lang/String;" line-rate="0.0" branch-rate="1.0" complexity="0">
							<lines>
								<line number="112" hits="0" branch="false"/>
							</lines>
						</method>
						<method name="getReady" signature="()V" line-rate="0.0" branch-rate="1.0" complexity="0">
							<lines>
								<line number="357" hits="0" branch="false"/>
								<line number="364" hits="0" branch="false"/>
								<line number="366" hits="0" branch="false"/>
								<line number="367" hits="0" branch="false"/>
								<line number="368" hits="0" branch="false"/>
								<line number="369" hits="0" branch="false"/>
								<line number="371" hits="0" branch="false"/>
								<line number="372" hits="0" branch="false"/>
								<line number="376" hits="0" branch="false"/>
								<line number="377" hits="0" branch="false"/>
								<line number="378" hits="0" branch="false"/>
								<line number="380" hits="0" branch="false"/>
								<line number="382" hits="0" branch="false"/>
								<line number="383" hits="0" branch="false"/>
							</lines>
						</method>
						<method name="getRemoteParams" signature="()Ljava/util/Map;" line-rate="0.0" branch-rate="1.0" complexity="0">
							<lines>
								<line number="120" hits="0" branch="false"/>
							</lines>
						</method>
						<method name="getState" signature="()Lcom/github/myzhan/locust4j/runtime/RunnerState;" line-rate="0.0" branch-rate="1.0" complexity="0">
							<lines>
								<line number="108" hits="0" branch="false"/>
							</lines>
						</method>
						<method name="isHeartbeatStopped" signature="()Z" line-rate="0.0" branch-rate="1.0" complexity="0">
							<lines>
								<line number="100" hits="0" branch="false"/>
							</lines>
						</method>
						<method name="onMessage" signature="(Lcom/github/myzhan/locust4j/message/Message;)V" line-rate="0.0" branch-rate="0.0" complexity="0">
							<lines>
								<line number="286" hits="0" branch="false"/>
								<line number="288" hits="0" branch="true" condition-coverage="0% (0/16)">
									<conditions>
										<condition number="0" type="jump" coverage="0%"/>
										<condition number="1" type="jump" coverage="0%"/>
										<condition number="2" type="jump" coverage="0%"/>
										<condition number="3" type="jump" coverage="0%"/>
										<condition number="0" type="switch" coverage="0%"/>
										<condition number="1" type="switch" coverage="0%"/>
									</conditions>
								</line>
								<line number="292" hits="0" branch="false"/>
								<line number="294" hits="0" branch="false"/>
[...]
						<line number="115" hits="23" branch="false"/>
						<line number="116" hits="23" branch="false"/>
						<line number="117" hits="23" branch="false"/>
						<line number="121" hits="22" branch="false"/>
						<line number="122" hits="22" branch="false"/>
						<line number="123" hits="22" branch="false"/>
						<line number="127" hits="9" branch="false"/>
						<line number="131" hits="1" branch="false"/>
						<line number="132" hits="1" branch="false"/>
						<line number="135" hits="9" branch="false"/>
						<line number="139" hits="1" branch="false"/>
						<line number="140" hits="1" branch="false"/>
						<line number="143" hits="22" branch="false"/>
						<line number="147" hits="1" branch="false"/>
						<line number="148" hits="1" branch="false"/>
						<line number="151" hits="18" branch="false"/>
						<line number="155" hits="1" branch="false"/>
						<line number="156" hits="1" branch="false"/>
						<line number="159" hits="7" branch="false"/>
						<line number="163" hits="1" branch="false"/>
						<line number="164" hits="1" branch="false"/>
						<line number="167" hits="9" branch="false"/>
						<line number="171" hits="1" branch="false"/>
						<line number="172" hits="1" branch="false"/>
						<line number="175" hits="9" branch="false"/>
						<line number="179" hits="1" branch="false"/>
						<line number="180" hits="1" branch="false"/>
						<line number="183" hits="2" branch="false"/>
						<line number="187" hits="2" branch="false"/>
						<line number="188" hits="2" branch="false"/>
						<line number="191" hits="8" branch="false"/>
						<line number="195" hits="3" branch="false"/>
						<line number="196" hits="3" branch="false"/>
						<line number="199" hits="9" branch="false"/>
						<line number="203" hits="1" branch="false"/>
						<line number="204" hits="1" branch="false"/>
						<line number="207" hits="5" branch="false"/>
						<line number="211" hits="1" branch="false"/>
						<line number="212" hits="1" branch="false"/>
						<line number="215" hits="7" branch="false"/>
						<line number="219" hits="1" branch="false"/>
						<line number="220" hits="1" branch="false"/>
					</lines>
				</class>
				<class name="com.github.myzhan.locust4j.stats.StatsError" filename="com/github/myzhan/locust4j/stats/StatsError.java" line-rate="1.0" branch-rate="1.0" complexity="1.0">
					<methods>
						<method name="&lt;init&gt;" signature="(Ljava/lang/String;Ljava/lang/String;Ljava/lang/String;)V" line-rate="1.0" branch-rate="1.0" complexity="0">
							<lines>
								<line number="15" hits="3" branch="false"/>
								<line number="16" hits="3" branch="false"/>
								<line number="17" hits="3" branch="false"/>
								<line number="18" hits="3" branch="false"/>
								<line number="19" hits="3" branch="false"/>
							</lines>
						</method>
						<method name="occured" signature="()V" line-rate="1.0" branch-rate="1.0" complexity="0">
							<lines>
								<line number="22" hits="2" branch="false"/>
								<line number="23" hits="2" branch="false"/>
							</lines>
						</method>
						<method name="toMap" signature="()Ljava/util/Map;" line-rate="1.0" branch-rate="1.0" complexity="0">
							<lines>
								<line number="26" hits="1" branch="false"/>
								<line number="27" hits="1" branch="false"/>
								<line number="28" hits="1" branch="false"/>
								<line number="29" hits="1" branch="false"/>
								<line number="30" hits="1" branch="false"/>
								<line number="31" hits="1" branch="false"/>
							</lines>
						</method>
					</methods>
					<lines>
						<line number="15" hits="3" branch="false"/>
						<line number="16" hits="3" branch="false"/>
						<line number="17" hits="3" branch="false"/>
						<line number="18" hits="3" branch="false"/>
						<line number="19" hits="3" branch="false"/>
						<line number="22" hits="2" branch="false"/>
						<line number="23" hits="2" branch="false"/>
						<line number="26" hits="1" branch="false"/>
						<line number="27" hits="1" branch="false"/>
						<line number="28" hits="1" branch="false"/>
						<line number="29" hits="1" branch="false"/>
						<line number="30" hits="1" branch="false"/>
						<line number="31" hits="1" branch="false"/>
					</lines>
				</class>
			</classes>
		</package>
		<package name="com.github.myzhan.locust4j.taskfactory" line-rate="0.0" branch-rate="0.0" complexity="1.25">
			<classes>
				<class name="com.github.myzhan.locust4j.taskfactory.AbstractTaskFactory" filename="com/github/myzhan/locust4j/taskfactory/AbstractTaskFactory.java" line-rate="0.0" branch-rate="1.0" complexity="1.0">
					<methods>
						<method name="&lt;init&gt;" signature="()V" line-rate="0.0" branch-rate="1.0" complexity="0">
							<lines>
								<line number="14" hits="0" branch="false"/>
							</lines>
						</method>
					</methods>
					<lines>
						<line number="14" hits="0" branch="false"/>
					</lines>
				</class>
				<class name="com.github.myzhan.locust4j.taskfactory.ThreadLocalTaskFactory" filename="com/github/myzhan/locust4j/taskfactory/ThreadLocalTaskFactory.java" line-rate="0.0" branch-rate="0.0" complexity="1.3333333333333333">
					<methods>
						<method name="&lt;init&gt;" signature="()V" line-rate="0.0" branch-rate="1.0" complexity="0">
							<lines>
								<line number="18" hits="0" branch="false"/>
								<line number="20" hits="0" branch="false"/>
							</lines>
						</method>
						<method name="execute" signature="()V" line-rate="0.0" branch-rate="1.0" complexity="0">
							<lines>
								<line number="33" hits="0" branch="false"/>
								<line number="34" hits="0" branch="false"/>
								<line number="35" hits="0" branch="false"/>
							</lines>
						</method>
						<method name="onStart" signature="()V" line-rate="0.0" branch-rate="0.0" complexity="0">
							<lines>
								<line number="24" hits="0" branch="false"/>
								<line number="25" hits="0" branch="true" condition-coverage="0% (0/2)">
									<conditions>
										<condition number="0" type="jump" coverage="0%"/>
									</conditions>
								</line>
								<line number="26" hits="0" branch="false"/>
								<line number="27" hits="0" branch="false"/>
								<line number="29" hits="0" branch="false"/>
							</lines>
						</method>
						<method name="onStop" signature="()V" line-rate="0.0" branch-rate="1.0" complexity="0">
							<lines>
								<line number="39" hits="0" branch="false"/>
								<line number="40" hits="0" branch="false"/>
							</lines>
						</method>
					</methods>
					<lines>
						<line number="18" hits="0" branch="false"/>
						<line number="20" hits="0" branch="false"/>
						<line number="24" hits="0" branch="false"/>
						<line number="25" hits="0" branch="true" condition-coverage="0% (0/2)">
							<conditions>
								<condition number="0" type="jump" coverage="0%"/>
							</conditions>
						</line>
						<line number="26" hits="0" branch="false"/>
						<line number="27" hits="0" branch="false"/>
						<line number="29" hits="0" branch="false"/>
						<line number="33" hits="0" branch="false"/>
						<line number="34" hits="0" branch="false"/>
						<line number="35" hits="0" branch="false"/>
						<line number="39" hits="0" branch="false"/>
						<line number="40" hits="0" branch="false"/>
					</lines>
				</class>
			</classes>
		</package>
		<package name="com.github.myzhan.locust4j.taskset" line-rate="0.8275862068965517" branch-rate="0.5" complexity="1.875">
			<classes>
				<class name="com.github.myzhan.locust4j.taskset.AbstractTaskSet" filename="com/github/myzhan/locust4j/taskset/AbstractTaskSet.java" line-rate="1.0" branch-rate="1.0" complexity="1.0">
					<methods>
						<method name="&lt;init&gt;" signature="()V" line-rate="1.0" branch-rate="1.0" complexity="0">
							<lines>
								<line number="19" hits="12" branch="false"/>
								<line number="20" hits="12" branch="false"/>
								<line number="21" hits="12" branch="false"/>
							</lines>
						</method>
					</methods>
					<lines>
						<line number="19" hits="12" branch="false"/>
						<line number="20" hits="12" branch="false"/>
						<line number="21" hits="12" branch="false"/>
					</lines>
				</class>
				<class name="com.github.myzhan.locust4j.taskset.WeighingTaskSet" filename="com/github/myzhan/locust4j/taskset/WeighingTaskSet.java" line-rate="0.8076923076923077" branch-rate="0.5" complexity="2.1666666666666665">
					<methods>
						<method name="&lt;clinit&gt;" signature="()V" line-rate="1.0" branch-rate="1.0" complexity="0">
							<lines>
								<line number="19" hits="13" branch="false"/>
							</lines>
						</method>
						<method name="&lt;init&gt;" signature="(Ljava/lang/String;I)V" line-rate="1.0" branch-rate="1.0" complexity="0">
							<lines>
								<line number="23" hits="11" branch="false"/>
								<line number="24" hits="11" branch="false"/>
								<line number="27" hits="11" branch="false"/>
								<line number="28" hits="11" branch="false"/>
								<line number="29" hits="11" branch="false"/>
								<line number="30" hits="11" branch="false"/>
							</lines>
						</method>
						<method name="addTask" signature="(Lcom/github/myzhan/locust4j/AbstractTask;)V" line-rate="0.7142857142857143" branch-rate="0.5" complexity="0">
							<lines>
								<line number="34" hits="1" branch="true" condition-coverage="50% (1/2)">
									<conditions>
										<condition number="0" type="jump" coverage="50%"/>
									</conditions>
								</line>
								<line number="35" hits="0" branch="false"/>
								<line number="36" hits="0" branch="false"/>
								<line number="38" hits="1" branch="false"/>
								<line number="40" hits="1" branch="false"/>
								<line number="41" hits="1" branch="false"/>
								<line number="42" hits="1" branch="false"/>
							</lines>
						</method>
						<method name="execute" signature="()V" line-rate="0.75" branch-rate="1.0" complexity="0">
							<lines>
								<line number="68" hits="5640" branch="false"/>
								<line number="69" hits="5639" branch="false"/>
								<line number="70" hits="5638" branch="false"/>
								<line number="71" hits="0" branch="false"/>
							</lines>
						</method>
						<method name="getName" signature="()Ljava/lang/String;" line-rate="1.0" branch-rate="1.0" complexity="0">
							<lines>
								<line number="63" hits="3" branch="false"/>
							</lines>
						</method>
						<method name="getTask" signature="(I)Lcom/github/myzhan/locust4j/AbstractTask;" line-rate="0.6666666666666666" branch-rate="0.5" complexity="0">
							<lines>
								<line number="45" hits="5639" branch="true" condition-coverage="50% (2/4)">
									<conditions>
										<condition number="0" type="jump" coverage="50%"/>
										<condition number="1" type="jump" coverage="50%"/>
									</conditions>
								</line>
								<line number="46" hits="0" branch="false"/>
								<line number="49" hits="5639" branch="false"/>
								<line number="50" hits="5638" branch="true" condition-coverage="50% (1/2)">
									<conditions>
										<condition number="0" type="jump" coverage="50%"/>
									</conditions>
								</line>
								<line number="51" hits="0" branch="false"/>
								<line number="53" hits="5638" branch="false"/>
							</lines>
						</method>
						<method name="getWeight" signature="()I" line-rate="1.0" branch-rate="1.0" complexity="0">
							<lines>
								<line number="58" hits="7" branch="false"/>
							</lines>
						</method>
					</methods>
					<lines>
						<line number="19" hits="13" branch="false"/>
						<line number="23" hits="11" branch="false"/>
						<line number="24" hits="11" branch="false"/>
						<line number="27" hits="11" branch="false"/>
						<line number="28" hits="11" branch="false"/>
						<line number="29" hits="11" branch="false"/>
						<line number="30" hits="11" branch="false"/>
						<line number="34" hits="1" branch="true" condition-coverage="50% (1/2)">
							<conditions>
								<condition number="0" type="jump" coverage="50%"/>
							</conditions>
						</line>
						<line number="35" hits="0" branch="false"/>
						<line number="36" hits="0" branch="false"/>
						<line number="38" hits="1" branch="false"/>
						<line number="40" hits="1" branch="false"/>
						<line number="41" hits="1" branch="false"/>
						<line number="42" hits="1" branch="false"/>
						<line number="45" hits="5639" branch="true" condition-coverage="50% (2/4)">
							<conditions>
								<condition number="0" type="jump" coverage="50%"/>
								<condition number="1" type="jump" coverage="50%"/>
							</conditions>
						</line>
						<line number="46" hits="0" branch="false"/>
						<line number="49" hits="5639" branch="false"/>
						<line number="50" hits="5638" branch="true" condition-coverage="50% (1/2)">
							<conditions>
								<condition number="0" type="jump" coverage="50%"/>
							</conditions>
						</line>
						<line number="51" hits="0" branch="false"/>
						<line number="53" hits="5638" branch="false"/>
						<line number="58" hits="7" branch="false"/>
						<line number="63" hits="3" branch="false"/>
						<line number="68" hits="5640" branch="false"/>
						<line number="69" hits="5639" branch="false"/>
						<line number="70" hits="5638" branch="false"/>
						<line number="71" hits="0" branch="false"/>
					</lines>
				</class>
			</classes>
		</package>
		<package name="com.github.myzhan.locust4j.utils" line-rate="0.8529411764705882" branch-rate="1.0" complexity="2.2857142857142856">
			<classes>
				<class name="com.github.myzhan.locust4j.utils.Utils" filename="com/github/myzhan/locust4j/utils/Utils.java" line-rate="0.8529411764705882" branch-rate="1.0" complexity="2.2857142857142856">
					<methods>
						<method name="&lt;clinit&gt;" signature="()V" line-rate="1.0" branch-rate="1.0" complexity="0">
							<lines>
								<line number="16" hits="99" branch="false"/>
							</lines>
						</method>
						<method name="&lt;init&gt;" signature="()V" line-rate="1.0" branch-rate="1.0" complexity="0">
							<lines>
								<line number="14" hits="1" branch="false"/>
							</lines>
						</method>
						<method name="currentTimeInSeconds" signature="()J" line-rate="1.0" branch-rate="1.0" complexity="0">
							<lines>
								<line number="80" hits="93" branch="false"/>
							</lines>
						</method>
						<method name="getHostname" signature="()Ljava/lang/String;" line-rate="0.3333333333333333" branch-rate="1.0" complexity="0">
							<lines>
								<line number="38" hits="2" branch="false"/>
								<line number="39" hits="0" branch="false"/>
								<line number="40" hits="0" branch="false"/>
							</lines>
						</method>
						<method name="getNodeID" signature="()Ljava/lang/String;" line-rate="1.0" branch-rate="1.0" complexity="0">
							<lines>
								<line number="45" hits="1" branch="false"/>
								<line number="46" hits="1" branch="false"/>
								<line number="47" hits="1" branch="false"/>
								<line number="48" hits="1" branch="false"/>
							</lines>
						</method>
						<method name="getSystemEnvWithDefault" signature="(Ljava/lang/String;Ljava/lang/String;)Ljava/lang/String;" line-rate="1.0" branch-rate="1.0" complexity="0">
							<lines>
								<line number="89" hits="29" branch="false"/>
								<line number="90" hits="28" branch="true" condition-coverage="100% (2/2)">
									<conditions>
										<condition number="0" type="jump" coverage="100%"/>
									</conditions>
								</line>
								<line number="91" hits="27" branch="false"/>
								<line number="93" hits="1" branch="false"/>
							</lines>
						</method>
						<method name="md5" signature="([Ljava/lang/String;)Ljava/lang/String;" line-rate="0.7272727272727273" branch-rate="1.0" complexity="0">
							<lines>
								<line number="20" hits="5" branch="false"/>
								<line number="21" hits="9" branch="true" condition-coverage="100% (2/2)">
									<conditions>
										<condition number="0" type="jump" coverage="100%"/>
									</conditions>
								</line>
								<line number="22" hits="6" branch="false"/>
								<line number="24" hits="3" branch="false"/>
								<line number="25" hits="3" branch="false"/>
								<line number="26" hits="51" branch="true" condition-coverage="100% (2/2)">
									<conditions>
										<condition number="0" type="jump" coverage="100%"/>
									</conditions>
								</line>
								<line number="27" hits="48" branch="false"/>
								<line number="29" hits="3" branch="false"/>
								<line number="30" hits="0" branch="false"/>
								<line number="31" hits="0" branch="false"/>
								<line number="32" hits="0" branch="false"/>
							</lines>
						</method>
						<method name="now" signature="()J" line-rate="1.0" branch-rate="1.0" complexity="0">
							<lines>
								<line number="71" hits="97" branch="false"/>
							</lines>
						</method>
						<method name="round" signature="(JI)J" line-rate="1.0" branch-rate="1.0" complexity="0">
							<lines>
								<line number="53" hits="15" branch="false"/>
								<line number="54" hits="15" branch="false"/>
								<line number="55" hits="15" branch="false"/>
								<line number="56" hits="15" branch="true" condition-coverage="100% (2/2)">
									<conditions>
										<condition number="0" type="jump" coverage="100%"/>
									</conditions>
								</line>
								<line number="57" hits="4" branch="false"/>
								<line number="59" hits="11" branch="false"/>
								<line number="61" hits="15" branch="false"/>
								<line number="62" hits="15" branch="false"/>
							</lines>
						</method>
					</methods>
					<lines>
						<line number="14" hits="1" branch="false"/>
						<line number="16" hits="99" branch="false"/>
						<line number="20" hits="5" branch="false"/>
						<line number="21" hits="9" branch="true" condition-coverage="100% (2/2)">
							<conditions>
								<condition number="0" type="jump" coverage="100%"/>
							</conditions>
						</line>
						<line number="22" hits="6" branch="false"/>
						<line number="24" hits="3" branch="false"/>
						<line number="25" hits="3" branch="false"/>
						<line number="26" hits="51" branch="true" condition-coverage="100% (2/2)">
							<conditions>
								<condition number="0" type="jump" coverage="100%"/>
							</conditions>
						</line>
						<line number="27" hits="48" branch="false"/>
						<line number="29" hits="3" branch="false"/>
						<line number="30" hits="0" branch="false"/>
						<line number="31" hits="0" branch="false"/>
						<line number="32" hits="0" branch="false"/>
						<line number="38" hits="2" branch="false"/>
						<line number="39" hits="0" branch="false"/>
						<line number="40" hits="0" branch="false"/>
						<line number="45" hits="1" branch="false"/>
						<line number="46" hits="1" branch="false"/>
						<line number="47" hits="1" branch="false"/>
						<line number="48" hits="1" branch="false"/>
						<line number="53" hits="15" branch="false"/>
						<line number="54" hits="15" branch="false"/>
						<line number="55" hits="15" branch="false"/>
						<line number="56" hits="15" branch="true" condition-coverage="100% (2/2)">
							<conditions>
								<condition number="0" type="jump" coverage="100%"/>
							</conditions>
						</line>
						<line number="57" hits="4" branch="false"/>
						<line number="59" hits="11" branch="false"/>
						<line number="61" hits="15" branch="false"/>
						<line number="62" hits="15" branch="false"/>
						<line number="71" hits="97" branch="false"/>
						<line number="80" hits="93" branch="false"/>
						<line number="89" hits="29" branch="false"/>
						<line number="90" hits="28" branch="true" condition-coverage="100% (2/2)">
							<conditions>
								<condition number="0" type="jump" coverage="100%"/>
							</conditions>
						</line>
						<line number="91" hits="27" branch="false"/>
						<line number="93" hits="1" branch="false"/>
					</lines>
				</class>
			</classes>
		</package>
	</packages>
</coverage>
